2024-06-21 11:36:30.801 [info] Started local extension host with pid 8496.
2024-06-21 11:36:31.064 [error] [xabikos.JavaScriptSnippets]: Unknown language in `contributes.JavaScriptSnippets.language`. Provided value: vue
2024-06-21 11:36:34.486 [info] [perf] Render performance baseline is 22ms
2024-06-21 11:41:29.905 [warning] [File Watcher (parcel)] Watcher shutdown because watched path got deleted (path: /home/lauri/Desktop/website)
2024-06-21 11:41:29.906 [warning] [File Watcher (node.js)] Watcher shutdown because watched path got deleted
2024-06-21 11:43:18.902 [error] Error: The editor could not be opened because the file was not found.
    at N.gc (vscode-file://vscode-app/usr/lib/code/out/vs/workbench/workbench.desktop.main.js:2187:30582)
    at async N.setInput (vscode-file://vscode-app/usr/lib/code/out/vs/workbench/workbench.desktop.main.js:2187:29461)
    at async s.S (vscode-file://vscode-app/usr/lib/code/out/vs/workbench/workbench.desktop.main.js:2185:24630)
    at async s.L (vscode-file://vscode-app/usr/lib/code/out/vs/workbench/workbench.desktop.main.js:2185:23157)
    at async s.openEditor (vscode-file://vscode-app/usr/lib/code/out/vs/workbench/workbench.desktop.main.js:2185:22146)
    at async vscode-file://vscode-app/usr/lib/code/out/vs/workbench/workbench.desktop.main.js:2313:26784
    at async u.value (vscode-file://vscode-app/usr/lib/code/out/vs/workbench/workbench.desktop.main.js:2366:49003)
2024-06-21 11:43:21.570 [error] Error: The editor could not be opened because the file was not found.
    at N.gc (vscode-file://vscode-app/usr/lib/code/out/vs/workbench/workbench.desktop.main.js:2187:30582)
    at async N.setInput (vscode-file://vscode-app/usr/lib/code/out/vs/workbench/workbench.desktop.main.js:2187:29461)
    at async s.S (vscode-file://vscode-app/usr/lib/code/out/vs/workbench/workbench.desktop.main.js:2185:24630)
    at async s.L (vscode-file://vscode-app/usr/lib/code/out/vs/workbench/workbench.desktop.main.js:2185:23157)
    at async s.openEditor (vscode-file://vscode-app/usr/lib/code/out/vs/workbench/workbench.desktop.main.js:2185:22146)
    at async vscode-file://vscode-app/usr/lib/code/out/vs/workbench/workbench.desktop.main.js:2313:26784
    at async u.value (vscode-file://vscode-app/usr/lib/code/out/vs/workbench/workbench.desktop.main.js:2366:49003)
2024-06-21 11:43:57.118 [info] Started local extension host with pid 14037.
2024-06-21 11:43:57.391 [error] [xabikos.JavaScriptSnippets]: Unknown language in `contributes.JavaScriptSnippets.language`. Provided value: vue
2024-06-21 11:44:00.134 [info] [perf] Render performance baseline is 22ms
