2024-11-08 16:23:05.726 [info] Configuration changed
2024-11-08 16:23:08.514 [info] Configuration changed
2024-11-08 16:23:18.484 [info] Configuration changed
2024-11-08 16:24:37.362 [info] /home/lauri/Desktop/c++/Laksyt/tehtävä3.cpp closed
2024-11-08 16:24:37.378 [info] Active editor: file:///home/lauri/Desktop/c%2B%2B/Laksyt/teht%C3%A4v%C3%A45.cpp
2024-11-08 16:24:37.394 [info] /home/lauri/Desktop/c++/Laksyt/tehtävä3.cpp.git closed
2024-11-08 16:24:37.833 [info] /home/lauri/Desktop/c++/Laksyt/tehtävä5.cpp closed
2024-11-08 16:24:37.840 [info] Active editor: file:///home/lauri/Desktop/c%2B%2B/Laksyt/teht%C3%A4v%C3%A44.cpp
2024-11-08 16:24:37.869 [info] /home/lauri/Desktop/c++/Laksyt/tehtävä5.cpp.git closed
2024-11-08 16:24:38.241 [info] /home/lauri/Desktop/c++/Laksyt/tehtävä4.cpp closed
2024-11-08 16:24:38.252 [info] /home/lauri/Desktop/c++/Laksyt/tehtävä4.cpp.git closed
2024-11-08 16:24:38.693 [info] Active editor: file:///home/lauri/Desktop/c%2B%2B/Laksyt/teht%C3%A4v%C3%A43.cpp
2024-11-08 16:25:07.593 [info] Executing :w
2024-11-08 16:25:10.673 [info] /home/lauri/Desktop/c++/Laksyt/tehtävä3.cpp.git closed
2024-11-08 16:25:14.308 [info] Configuration changed
2024-11-08 16:25:38.846 [info] Configuration changed
2024-11-08 16:25:42.012 [info] Active editor: file:///home/lauri/Desktop/c%2B%2B/Laksyt/teht%C3%A4v%C3%A43.cpp
2024-11-08 16:25:42.985 [info] Active editor: file:///home/lauri/Desktop/c%2B%2B/Laksyt/teht%C3%A4v%C3%A44.cpp
2024-11-08 16:25:43.062 [info] /home/lauri/Desktop/c++/Laksyt/tehtävä3.cpp.git closed
2024-11-08 16:25:43.608 [info] /home/lauri/Desktop/c++/Laksyt/tehtävä4.cpp closed
2024-11-08 16:25:43.616 [info] Active editor: file:///home/lauri/Desktop/c%2B%2B/Laksyt/teht%C3%A4v%C3%A45.cpp
2024-11-08 16:25:43.621 [info] /home/lauri/Desktop/c++/Laksyt/tehtävä4.cpp.git closed
2024-11-08 16:25:44.730 [info] Active editor: file:///home/lauri/Desktop/c%2B%2B/Laksyt/teht%C3%A4v%C3%A43.cpp
2024-11-08 16:25:44.733 [info] /home/lauri/Desktop/c++/Laksyt/tehtävä5.cpp.git closed
2024-11-08 16:25:46.970 [info] Active editor: file:///home/lauri/Desktop/c%2B%2B/Laksyt/teht%C3%A4v%C3%A45.cpp
2024-11-08 16:25:46.972 [info] /home/lauri/Desktop/c++/Laksyt/tehtävä3.cpp.git closed
