2024-02-24 13:26:30.020 [info] Extension host with pid 39341 started
2024-02-24 13:26:30.020 [info] Skipping acquiring lock for /home/lauri/.config/VSCodium/User/workspaceStorage/ff468be312bd282a658cd6e961a78f61.
2024-02-24 13:26:30.032 [info] ExtensionService#_doActivateExtension vscode.git-base, startup: true, activationEvent: '*'
2024-02-24 13:26:30.338 [info] ExtensionService#_doActivateExtension vscode.github, startup: true, activationEvent: '*'
2024-02-24 13:26:30.433 [info] Eager extensions activated
2024-02-24 13:26:30.436 [info] ExtensionService#_doActivateExtension vscode.debug-auto-launch, startup: false, activationEvent: 'onStartupFinished'
2024-02-24 13:26:30.546 [info] ExtensionService#_doActivateExtension vscode.merge-conflict, startup: false, activationEvent: 'onStartupFinished'
2024-02-24 13:26:31.746 [info] ExtensionService#_doActivateExtension vscode.git, startup: false, activationEvent: 'api', root cause: vscode.github
2024-02-24 13:26:31.890 [info] ExtensionService#_doActivateExtension formulahendry.code-runner, startup: false, activationEvent: 'onStartupFinished'
2024-02-24 13:26:32.560 [info] ExtensionService#_doActivateExtension vadimcn.vscode-lldb, startup: false, activationEvent: 'onStartupFinished', root cause: franneck94.vscode-c-cpp-config
2024-02-24 13:26:32.629 [info] ExtensionService#_doActivateExtension franneck94.vscode-c-cpp-config, startup: false, activationEvent: 'onStartupFinished'
2024-02-24 13:26:43.848 [info] ExtensionService#_doActivateExtension vscode.emmet, startup: false, activationEvent: 'onLanguage'
2024-02-24 13:26:45.412 [info] Extension host terminating: renderer closed the MessagePort
2024-02-24 13:26:45.415 [info] Extension host with pid 39341 exiting with code 0
2024-02-24 13:26:46.151 [info] Extension host with pid 39456 started
2024-02-24 13:26:46.151 [info] Skipping acquiring lock for /home/lauri/.config/VSCodium/User/workspaceStorage/ff468be312bd282a658cd6e961a78f61.
2024-02-24 13:26:46.155 [info] ExtensionService#_doActivateExtension vscode.emmet, startup: false, activationEvent: 'onLanguage'
2024-02-24 13:26:46.167 [info] ExtensionService#_doActivateExtension vscode.git-base, startup: true, activationEvent: '*', root cause: vscode.git
2024-02-24 13:26:46.176 [info] ExtensionService#_doActivateExtension vscode.git, startup: true, activationEvent: '*'
2024-02-24 13:26:46.191 [info] ExtensionService#_doActivateExtension vscode.github, startup: true, activationEvent: '*'
2024-02-24 13:26:46.214 [info] Eager extensions activated
2024-02-24 13:26:46.236 [info] ExtensionService#_doActivateExtension vscode.debug-auto-launch, startup: false, activationEvent: 'onStartupFinished'
2024-02-24 13:26:46.237 [info] ExtensionService#_doActivateExtension vscode.merge-conflict, startup: false, activationEvent: 'onStartupFinished'
2024-02-24 13:26:46.240 [info] ExtensionService#_doActivateExtension formulahendry.code-runner, startup: false, activationEvent: 'onStartupFinished'
2024-02-24 13:26:46.254 [info] ExtensionService#_doActivateExtension vadimcn.vscode-lldb, startup: false, activationEvent: 'onStartupFinished', root cause: franneck94.vscode-c-cpp-config
2024-02-24 13:26:46.352 [info] ExtensionService#_doActivateExtension franneck94.vscode-c-cpp-config, startup: false, activationEvent: 'onStartupFinished'
2024-02-24 13:27:23.158 [info] ExtensionService#_doActivateExtension franneck94.c-cpp-runner, startup: false, activationEvent: 'onLanguage:cpp'
2024-02-24 13:38:44.903 [info] Extension host terminating: renderer closed the MessagePort
2024-02-24 13:38:44.910 [error] Canceled: Canceled
	at new m (/usr/share/vscodium/resources/app/out/vs/workbench/api/node/extensionHostProcess.js:141:121511)
	at u._remoteCall (/usr/share/vscodium/resources/app/out/vs/workbench/api/node/extensionHostProcess.js:150:13781)
	at P.<computed>.x.charCodeAt.P.<computed> (/usr/share/vscodium/resources/app/out/vs/workbench/api/node/extensionHostProcess.js:150:10333)
	at h._doExecuteCommand (/usr/share/vscodium/resources/app/out/vs/workbench/api/node/extensionHostProcess.js:141:158052)
	at h.executeCommand (/usr/share/vscodium/resources/app/out/vs/workbench/api/node/extensionHostProcess.js:141:157377)
	at b.registerCommand.description (/usr/share/vscodium/resources/app/out/vs/workbench/api/node/extensionHostProcess.js:141:156621)
	at h._executeContributedCommand (/usr/share/vscodium/resources/app/out/vs/workbench/api/node/extensionHostProcess.js:141:158690)
	at h._doExecuteCommand (/usr/share/vscodium/resources/app/out/vs/workbench/api/node/extensionHostProcess.js:141:157510)
	at h.executeCommand (/usr/share/vscodium/resources/app/out/vs/workbench/api/node/extensionHostProcess.js:141:157377)
	at Object.executeCommand (/usr/share/vscodium/resources/app/out/vs/workbench/api/node/extensionHostProcess.js:158:27516)
	at setContextValue (/home/lauri/.vscode-oss/extensions/franneck94.c-cpp-runner-9.4.7-universal/dist/main.js:5980:28)
	at Object.deactivate (/home/lauri/.vscode-oss/extensions/franneck94.c-cpp-runner-9.4.7-universal/dist/main.js:3869:39)
	at f._deactivate (/usr/share/vscodium/resources/app/out/vs/workbench/api/node/extensionHostProcess.js:154:12650)
	at /usr/share/vscodium/resources/app/out/vs/workbench/api/node/extensionHostProcess.js:154:10120
	at Array.map (<anonymous>)
	at f._deactivateAll (/usr/share/vscodium/resources/app/out/vs/workbench/api/node/extensionHostProcess.js:154:10107)
	at f.terminate (/usr/share/vscodium/resources/app/out/vs/workbench/api/node/extensionHostProcess.js:154:10490)
	at s.terminate (/usr/share/vscodium/resources/app/out/vs/workbench/api/node/extensionHostProcess.js:158:1908)
	at a (/usr/share/vscodium/resources/app/out/vs/workbench/api/node/extensionHostProcess.js:171:11536)
	at MessagePortMain.<anonymous> (/usr/share/vscodium/resources/app/out/vs/workbench/api/node/extensionHostProcess.js:171:7611)
	at MessagePortMain.emit (node:events:513:28)
	at MessagePortMain._internalPort.emit (node:electron/js2c/utility_init:2:367) setContext undefined
2024-02-24 13:38:44.910 [info] Extension host with pid 39456 exiting with code 0
