2024-02-07 20:51:00.466 [info] Extension host with pid 33318 started
2024-02-07 20:51:00.476 [info] ExtensionService#_doActivateExtension vscode.git-base, startup: true, activationEvent: '*', root cause: vscode.git
2024-02-07 20:51:00.506 [info] ExtensionService#_doActivateExtension vscode.git, startup: true, activationEvent: '*'
2024-02-07 20:51:00.587 [info] ExtensionService#_doActivateExtension vscode.github, startup: true, activationEvent: '*'
2024-02-07 20:51:00.679 [info] Eager extensions activated
2024-02-07 20:51:00.691 [info] ExtensionService#_doActivateExtension vscode.debug-auto-launch, startup: false, activationEvent: 'onStartupFinished'
2024-02-07 20:51:00.719 [info] ExtensionService#_doActivateExtension vscode.merge-conflict, startup: false, activationEvent: 'onStartupFinished'
2024-02-07 20:51:00.746 [info] ExtensionService#_doActivateExtension formulahendry.code-runner, startup: false, activationEvent: 'onStartupFinished'
2024-02-07 20:51:01.368 [info] ExtensionService#_doActivateExtension vadimcn.vscode-lldb, startup: false, activationEvent: 'onStartupFinished', root cause: franneck94.vscode-c-cpp-config
2024-02-07 20:51:01.429 [info] ExtensionService#_doActivateExtension franneck94.vscode-c-cpp-config, startup: false, activationEvent: 'onStartupFinished'
2024-02-07 20:51:13.539 [info] Extension host terminating: renderer closed the MessagePort
2024-02-07 20:51:13.542 [info] Extension host with pid 33318 exiting with code 0
2024-02-07 20:51:14.751 [info] Extension host with pid 33399 started
2024-02-07 20:51:14.751 [info] Skipping acquiring lock for /home/lauri/.config/VSCodium/User/workspaceStorage/c11c6a2a13c3cf263ace22dd5e65b188.
2024-02-07 20:51:14.761 [info] ExtensionService#_doActivateExtension vscode.git-base, startup: true, activationEvent: '*', root cause: vscode.git
2024-02-07 20:51:14.983 [info] ExtensionService#_doActivateExtension vscode.git, startup: true, activationEvent: '*'
2024-02-07 20:51:14.994 [info] ExtensionService#_doActivateExtension vscode.github, startup: true, activationEvent: '*'
2024-02-07 20:51:15.979 [info] ExtensionService#_doActivateExtension vadimcn.vscode-lldb, startup: true, activationEvent: 'workspaceContains:*.h,*.c,*.hh,*.cc,*.hxx,*.cxx,*.hpp,*.cpp,*.cu', root cause: franneck94.c-cpp-runner
2024-02-07 20:51:16.078 [info] ExtensionService#_doActivateExtension franneck94.c-cpp-runner, startup: true, activationEvent: 'workspaceContains:*.h,*.c,*.hh,*.cc,*.hxx,*.cxx,*.hpp,*.cpp,*.cu'
2024-02-07 20:51:17.008 [info] Eager extensions activated
2024-02-07 20:51:17.031 [info] ExtensionService#_doActivateExtension vscode.debug-auto-launch, startup: false, activationEvent: 'onStartupFinished'
2024-02-07 20:51:17.032 [info] ExtensionService#_doActivateExtension vscode.merge-conflict, startup: false, activationEvent: 'onStartupFinished'
2024-02-07 20:51:17.035 [info] ExtensionService#_doActivateExtension formulahendry.code-runner, startup: false, activationEvent: 'onStartupFinished'
2024-02-07 20:51:17.050 [info] ExtensionService#_doActivateExtension franneck94.vscode-c-cpp-config, startup: false, activationEvent: 'onStartupFinished'
2024-02-07 20:51:17.052 [info] ExtensionService#_doActivateExtension vscode.emmet, startup: false, activationEvent: 'onLanguage'
2024-02-07 20:51:44.126 [info] Extension host terminating: renderer closed the MessagePort
2024-02-07 20:51:44.132 [error] Canceled: Canceled
	at new m (/usr/share/vscodium/resources/app/out/vs/workbench/api/node/extensionHostProcess.js:141:121511)
	at u._remoteCall (/usr/share/vscodium/resources/app/out/vs/workbench/api/node/extensionHostProcess.js:150:13781)
	at P.<computed>.x.charCodeAt.P.<computed> (/usr/share/vscodium/resources/app/out/vs/workbench/api/node/extensionHostProcess.js:150:10333)
	at h._doExecuteCommand (/usr/share/vscodium/resources/app/out/vs/workbench/api/node/extensionHostProcess.js:141:158052)
	at h.executeCommand (/usr/share/vscodium/resources/app/out/vs/workbench/api/node/extensionHostProcess.js:141:157377)
	at b.registerCommand.description (/usr/share/vscodium/resources/app/out/vs/workbench/api/node/extensionHostProcess.js:141:156621)
	at h._executeContributedCommand (/usr/share/vscodium/resources/app/out/vs/workbench/api/node/extensionHostProcess.js:141:158690)
	at h._doExecuteCommand (/usr/share/vscodium/resources/app/out/vs/workbench/api/node/extensionHostProcess.js:141:157510)
	at h.executeCommand (/usr/share/vscodium/resources/app/out/vs/workbench/api/node/extensionHostProcess.js:141:157377)
	at Object.executeCommand (/usr/share/vscodium/resources/app/out/vs/workbench/api/node/extensionHostProcess.js:158:27516)
	at setContextValue (/home/lauri/.vscode-oss/extensions/franneck94.c-cpp-runner-9.2.2-universal/dist/main.js:5925:28)
	at Object.deactivate (/home/lauri/.vscode-oss/extensions/franneck94.c-cpp-runner-9.2.2-universal/dist/main.js:3867:39)
	at f._deactivate (/usr/share/vscodium/resources/app/out/vs/workbench/api/node/extensionHostProcess.js:154:12650)
	at /usr/share/vscodium/resources/app/out/vs/workbench/api/node/extensionHostProcess.js:154:10120
	at Array.map (<anonymous>)
	at f._deactivateAll (/usr/share/vscodium/resources/app/out/vs/workbench/api/node/extensionHostProcess.js:154:10107)
	at f.terminate (/usr/share/vscodium/resources/app/out/vs/workbench/api/node/extensionHostProcess.js:154:10490)
	at s.terminate (/usr/share/vscodium/resources/app/out/vs/workbench/api/node/extensionHostProcess.js:158:1908)
	at a (/usr/share/vscodium/resources/app/out/vs/workbench/api/node/extensionHostProcess.js:171:11536)
	at MessagePortMain.<anonymous> (/usr/share/vscodium/resources/app/out/vs/workbench/api/node/extensionHostProcess.js:171:7611)
	at MessagePortMain.emit (node:events:513:28)
	at MessagePortMain._internalPort.emit (node:electron/js2c/utility_init:2:367) setContext undefined
2024-02-07 20:51:44.132 [info] Extension host with pid 33399 exiting with code 0
