2024-06-24 18:05:59.846 [info] Added views:workbench.panel.markers.view in workbench.panel.markers
2024-06-24 18:05:59.846 [info] Added views:workbench.panel.output in workbench.panel.output
2024-06-24 18:05:59.846 [info] Added views:terminal in terminal
2024-06-24 18:05:59.846 [info] Added views:outline in workbench.view.explorer
2024-06-24 18:05:59.846 [info] Added views:workbench.scm in workbench.view.scm
2024-06-24 18:05:59.846 [info] Added views:workbench.view.search in workbench.view.search
2024-06-24 18:05:59.846 [info] Added views:timeline in workbench.view.explorer
2024-06-24 18:05:59.846 [info] Added views:workbench.explorer.fileView in workbench.view.explorer
2024-06-24 18:06:00.584 [info] Added views:workbench.debug.variablesView,workbench.debug.watchExpressionsView,workbench.debug.callStackView,workbench.debug.breakPointsView in workbench.view.debug
2024-06-24 18:06:01.408 [info] Added views:~remote.forwardedPorts in ~remote.forwardedPortsContainer
2024-06-24 18:06:02.833 [info] Added views:workbench.panel.repl.view in workbench.panel.repl
2024-06-24 18:40:28.323 [info] Added views:workbench.views.extensions.installed,workbench.views.extensions.popular,extensions.recommendedList in workbench.view.extensions
2024-06-24 18:40:28.325 [info] Removed views:workbench.views.extensions.popular from workbench.view.extensions
2024-06-24 18:40:31.329 [info] Removed views:extensions.recommendedList,workbench.views.extensions.installed from workbench.view.extensions
2024-06-24 18:40:31.335 [info] Added views:workbench.views.extensions.marketplace in workbench.view.extensions
2024-06-24 18:53:14.038 [info] Added views:rustDependencies in workbench.view.explorer
2024-06-24 19:03:24.889 [info] Removed views:workbench.views.extensions.marketplace from workbench.view.extensions
2024-06-24 19:03:24.900 [info] Added views:workbench.views.extensions.installed,extensions.recommendedList in workbench.view.extensions
2024-06-24 19:05:40.215 [info] Removed views:extensions.recommendedList,workbench.views.extensions.installed from workbench.view.extensions
2024-06-24 19:05:40.220 [info] Added views:workbench.views.extensions.marketplace in workbench.view.extensions
