[Running] cd "/home/lauri/Desktop/coding/c++/" && g++ tic-tac-toe.cpp -o tic-tac-toe && "/home/lauri/Desktop/coding/c++/"tic-tac-toe
tic-tac-toe.cpp:5:10: fatal error: graphics.h: No such file or directory
    5 | #include <graphics.h>
      |          ^~~~~~~~~~~~
compilation terminated.

[Done] exited with code=1 in 1.123 seconds

[Running] cd "/home/lauri/Desktop/coding/c++/" && g++ tic-tac-toe.cpp -o tic-tac-toe && "/home/lauri/Desktop/coding/c++/"tic-tac-toe
tic-tac-toe.cpp:5:10: fatal error: graphics.h: No such file or directory
    5 | #include <graphics.h>
      |          ^~~~~~~~~~~~
compilation terminated.

[Done] exited with code=1 in 0.053 seconds

[Running] cd "/home/lauri/Desktop/coding/c++/" && g++ tic-tac-toe.cpp -o tic-tac-toe && "/home/lauri/Desktop/coding/c++/"tic-tac-toe
In file included from tic-tac-toe.cpp:5:
graphics.h:28:10: fatal error: windows.h: No such file or directory
   28 | #include <windows.h>        // Provides the mouse message types
      |          ^~~~~~~~~~~
compilation terminated.

[Done] exited with code=1 in 0.053 seconds

[Running] cd "/home/lauri/Desktop/coding/c++/" && g++ tic-tac-toe.cpp -o tic-tac-toe && "/home/lauri/Desktop/coding/c++/"tic-tac-toe
In file included from tic-tac-toe.cpp:5:
graphics.h:28:10: fatal error: windows.h: No such file or directory
   28 | #include <windows.h>        // Provides the mouse message types
      |          ^~~~~~~~~~~
compilation terminated.

[Done] exited with code=1 in 0.056 seconds

