2024-11-08 16:23:04.784 [info] [main] Log level: Info
2024-11-08 16:23:04.784 [info] [main] Validating found git in: "git"
2024-11-08 16:23:04.876 [info] [main] Using git "2.47.0" from "git"
2024-11-08 16:23:04.876 [info] [Model][doInitialScan] Initial repository scan started
2024-11-08 16:23:05.451 [info] > git rev-parse --show-toplevel [558ms]
2024-11-08 16:23:05.451 [info] fatal: not a git repository (or any of the parent directories): .git
2024-11-08 16:23:05.499 [info] > git rev-parse --show-toplevel [31ms]
2024-11-08 16:23:05.505 [info] > git rev-parse --git-dir --git-common-dir [1ms]
2024-11-08 16:23:05.511 [info] [Model][openRepository] Opened repository: /home/lauri/Desktop/c++/Laksyt
2024-11-08 16:23:05.512 [info] [Model][doInitialScan] Initial repository scan completed - repositories (1), closed repositories (0), parent repositories (0), unsafe repositories (0)
2024-11-08 16:23:05.519 [info] > git config --get commit.template [2ms]
2024-11-08 16:23:05.585 [info] > git for-each-ref --format=%(refname)%00%(upstream:short)%00%(objectname)%00%(upstream:track)%00%(upstream:remotename)%00%(upstream:remoteref) refs/heads/main refs/remotes/main [62ms]
2024-11-08 16:23:05.595 [info] > git status -z -uall [5ms]
2024-11-08 16:23:05.596 [info] > git for-each-ref --sort -committerdate --format %(refname) %(objectname) %(*objectname) [1ms]
2024-11-08 16:23:05.608 [info] > git for-each-ref --format=%(refname)%00%(upstream:short)%00%(objectname)%00%(upstream:track)%00%(upstream:remotename)%00%(upstream:remoteref) refs/heads/main refs/remotes/main [5ms]
2024-11-08 16:23:05.614 [info] > git config --local branch.main.vscode-merge-base [2ms]
2024-11-08 16:23:05.618 [info] > git config --get commit.template [10ms]
2024-11-08 16:23:05.658 [info] > git for-each-ref --format=%(refname)%00%(upstream:short)%00%(objectname)%00%(upstream:track)%00%(upstream:remotename)%00%(upstream:remoteref) refs/heads/origin/main refs/remotes/origin/main [40ms]
2024-11-08 16:23:05.670 [info] > git for-each-ref --format=%(refname)%00%(upstream:short)%00%(objectname)%00%(upstream:track)%00%(upstream:remotename)%00%(upstream:remoteref) refs/heads/main refs/remotes/main [13ms]
2024-11-08 16:23:05.672 [info] > git merge-base refs/heads/main refs/remotes/origin/main [9ms]
2024-11-08 16:23:05.686 [info] > git status -z -uall [6ms]
2024-11-08 16:23:05.686 [info] > git diff --name-status -z --diff-filter=ADMR d961dd7b14d4dc934a204b23c23167c91160e340...refs/remotes/origin/main [10ms]
2024-11-08 16:23:05.687 [info] > git for-each-ref --sort -committerdate --format %(refname) %(objectname) %(*objectname) [3ms]
2024-11-08 16:23:05.732 [info] > git rev-parse --show-toplevel [1ms]
2024-11-08 16:23:05.732 [info] fatal: not a git repository (or any of the parent directories): .git
2024-11-08 16:23:05.825 [info] > git ls-files --stage -- /home/lauri/Desktop/c++/Laksyt/tehtävä3.cpp [1ms]
2024-11-08 16:23:05.837 [info] > git cat-file -s 3100c6f03d7380a7ecb7bf4024f87b16f72050a4 [8ms]
2024-11-08 16:23:05.837 [info] > git show --textconv :tehtävä3.cpp [17ms]
2024-11-08 16:23:06.025 [info] > git check-ignore -v -z --stdin [1ms]
2024-11-08 16:23:08.476 [info] > git log --format=%H%n%aN%n%aE%n%at%n%ct%n%P%n%D%n%B -z --shortstat --diff-merges=first-parent -n50 --skip=0 --topo-order --decorate=full --stdin [8ms]
2024-11-08 16:23:08.521 [info] > git rev-parse --show-toplevel [1ms]
2024-11-08 16:23:08.522 [info] fatal: not a git repository (or any of the parent directories): .git
2024-11-08 16:23:18.493 [info] > git rev-parse --show-toplevel [2ms]
2024-11-08 16:23:18.493 [info] fatal: not a git repository (or any of the parent directories): .git
2024-11-08 16:24:32.619 [info] > git config --get commit.template [4ms]
2024-11-08 16:24:32.620 [info] > git for-each-ref --format=%(refname)%00%(upstream:short)%00%(objectname)%00%(upstream:track)%00%(upstream:remotename)%00%(upstream:remoteref) refs/heads/main refs/remotes/main [1ms]
2024-11-08 16:24:32.627 [info] > git status -z -uall [4ms]
2024-11-08 16:24:32.628 [info] > git for-each-ref --sort -committerdate --format %(refname) %(objectname) %(*objectname) [1ms]
2024-11-08 16:24:32.716 [info] > git ls-files --stage -- /home/lauri/Desktop/c++/Laksyt/tehtävä3.cpp [1ms]
2024-11-08 16:24:32.721 [info] > git cat-file -s 3100c6f03d7380a7ecb7bf4024f87b16f72050a4 [1ms]
2024-11-08 16:24:32.726 [info] > git show --textconv :tehtävä3.cpp [1ms]
2024-11-08 16:24:35.089 [info] > git ls-files --stage -- /home/lauri/Desktop/c++/Laksyt/tehtävä3.cpp [1ms]
2024-11-08 16:24:35.094 [info] > git cat-file -s a20a8df2ef5ea4ba59ecdc87d578dd1bf3dc0979 [1ms]
2024-11-08 16:24:35.100 [info] > git show --textconv :tehtävä3.cpp [1ms]
2024-11-08 16:24:36.880 [info] > git check-ignore -v -z --stdin [1ms]
2024-11-08 16:24:37.603 [info] > git show --textconv :tehtävä5.cpp [4ms]
2024-11-08 16:24:37.604 [info] > git ls-files --stage -- /home/lauri/Desktop/c++/Laksyt/tehtävä5.cpp [1ms]
2024-11-08 16:24:37.608 [info] > git cat-file -s 54ff875494a5ff01779558d0b559f5ca608583db [1ms]
2024-11-08 16:24:37.639 [info] > git config --get commit.template [4ms]
2024-11-08 16:24:37.639 [info] > git for-each-ref --format=%(refname)%00%(upstream:short)%00%(objectname)%00%(upstream:track)%00%(upstream:remotename)%00%(upstream:remoteref) refs/heads/main refs/remotes/main [1ms]
2024-11-08 16:24:37.647 [info] > git status -z -uall [4ms]
2024-11-08 16:24:37.648 [info] > git for-each-ref --sort -committerdate --format %(refname) %(objectname) %(*objectname) [1ms]
2024-11-08 16:24:37.654 [info] > git merge-base refs/heads/main refs/remotes/origin/main [1ms]
2024-11-08 16:24:37.658 [info] > git diff --name-status -z --diff-filter=ADMR a8587fbaab329290b98f8c89a524736d23be088c...refs/remotes/origin/main [1ms]
2024-11-08 16:24:38.079 [info] > git show --textconv :tehtävä4.cpp [5ms]
2024-11-08 16:24:38.080 [info] > git ls-files --stage -- /home/lauri/Desktop/c++/Laksyt/tehtävä4.cpp [1ms]
2024-11-08 16:24:38.085 [info] > git cat-file -s d247cb33c33adef2b4d0ecd6e05d595ec88e63b3 [2ms]
2024-11-08 16:24:38.909 [info] > git show --textconv :tehtävä3.cpp [4ms]
2024-11-08 16:24:38.910 [info] > git ls-files --stage -- /home/lauri/Desktop/c++/Laksyt/tehtävä3.cpp [1ms]
2024-11-08 16:24:38.914 [info] > git cat-file -s a20a8df2ef5ea4ba59ecdc87d578dd1bf3dc0979 [1ms]
2024-11-08 16:24:45.773 [info] > git config --get commit.template [4ms]
2024-11-08 16:24:45.774 [info] > git for-each-ref --format=%(refname)%00%(upstream:short)%00%(objectname)%00%(upstream:track)%00%(upstream:remotename)%00%(upstream:remoteref) refs/heads/main refs/remotes/main [1ms]
2024-11-08 16:24:45.783 [info] > git status -z -uall [6ms]
2024-11-08 16:24:45.783 [info] > git for-each-ref --sort -committerdate --format %(refname) %(objectname) %(*objectname) [1ms]
2024-11-08 16:24:58.358 [info] > git config --get commit.template [4ms]
2024-11-08 16:24:58.358 [info] > git for-each-ref --format=%(refname)%00%(upstream:short)%00%(objectname)%00%(upstream:track)%00%(upstream:remotename)%00%(upstream:remoteref) refs/heads/main refs/remotes/main [1ms]
2024-11-08 16:24:58.366 [info] > git status -z -uall [4ms]
2024-11-08 16:24:58.367 [info] > git for-each-ref --sort -committerdate --format %(refname) %(objectname) %(*objectname) [1ms]
2024-11-08 16:25:06.848 [info] > git config --get commit.template [5ms]
2024-11-08 16:25:06.848 [info] > git for-each-ref --format=%(refname)%00%(upstream:short)%00%(objectname)%00%(upstream:track)%00%(upstream:remotename)%00%(upstream:remoteref) refs/heads/main refs/remotes/main [1ms]
2024-11-08 16:25:06.856 [info] > git status -z -uall [4ms]
2024-11-08 16:25:06.856 [info] > git for-each-ref --sort -committerdate --format %(refname) %(objectname) %(*objectname) [0ms]
2024-11-08 16:25:11.873 [info] > git config --get commit.template [5ms]
2024-11-08 16:25:11.874 [info] > git for-each-ref --format=%(refname)%00%(upstream:short)%00%(objectname)%00%(upstream:track)%00%(upstream:remotename)%00%(upstream:remoteref) refs/heads/main refs/remotes/main [1ms]
2024-11-08 16:25:11.882 [info] > git status -z -uall [4ms]
2024-11-08 16:25:11.883 [info] > git for-each-ref --sort -committerdate --format %(refname) %(objectname) %(*objectname) [1ms]
2024-11-08 16:25:14.317 [info] > git rev-parse --show-toplevel [1ms]
2024-11-08 16:25:14.317 [info] fatal: not a git repository (or any of the parent directories): .git
2024-11-08 16:25:38.853 [info] > git rev-parse --show-toplevel [1ms]
2024-11-08 16:25:38.853 [info] fatal: not a git repository (or any of the parent directories): .git
2024-11-08 16:25:40.236 [info] > git log --format=%H%n%aN%n%aE%n%at%n%ct%n%P%n%D%n%B -z --shortstat --diff-merges=first-parent -n50 --skip=0 --topo-order --decorate=full --stdin [2ms]
2024-11-08 16:25:42.364 [info] > git show --textconv :tehtävä3.cpp [5ms]
2024-11-08 16:25:42.365 [info] > git ls-files --stage -- /home/lauri/Desktop/c++/Laksyt/tehtävä3.cpp [0ms]
2024-11-08 16:25:42.369 [info] > git cat-file -s a20a8df2ef5ea4ba59ecdc87d578dd1bf3dc0979 [1ms]
2024-11-08 16:25:43.271 [info] > git show --textconv :tehtävä4.cpp [5ms]
2024-11-08 16:25:43.272 [info] > git ls-files --stage -- /home/lauri/Desktop/c++/Laksyt/tehtävä4.cpp [1ms]
2024-11-08 16:25:43.277 [info] > git cat-file -s d247cb33c33adef2b4d0ecd6e05d595ec88e63b3 [1ms]
2024-11-08 16:25:43.831 [info] > git show --textconv :tehtävä5.cpp [5ms]
2024-11-08 16:25:43.831 [info] > git ls-files --stage -- /home/lauri/Desktop/c++/Laksyt/tehtävä5.cpp [0ms]
2024-11-08 16:25:43.836 [info] > git cat-file -s 54ff875494a5ff01779558d0b559f5ca608583db [1ms]
2024-11-08 16:25:44.946 [info] > git show --textconv :tehtävä3.cpp [5ms]
2024-11-08 16:25:44.947 [info] > git ls-files --stage -- /home/lauri/Desktop/c++/Laksyt/tehtävä3.cpp [1ms]
2024-11-08 16:25:44.951 [info] > git cat-file -s a20a8df2ef5ea4ba59ecdc87d578dd1bf3dc0979 [1ms]
2024-11-08 16:25:47.185 [info] > git show --textconv :tehtävä5.cpp [6ms]
2024-11-08 16:25:47.185 [info] > git ls-files --stage -- /home/lauri/Desktop/c++/Laksyt/tehtävä5.cpp [1ms]
2024-11-08 16:25:47.191 [info] > git cat-file -s 54ff875494a5ff01779558d0b559f5ca608583db [1ms]
2024-11-08 16:25:56.458 [info] > git log --format=%H%n%aN%n%aE%n%at%n%ct%n%P%n%D%n%B -z --shortstat --diff-merges=first-parent -n50 --skip=0 --topo-order --decorate=full --stdin [2ms]
2024-11-08 16:26:02.602 [info] > git log --format=%H%n%aN%n%aE%n%at%n%ct%n%P%n%D%n%B -z --shortstat --diff-merges=first-parent -n50 --skip=0 --topo-order --decorate=full --stdin [1ms]
