2024-02-03 11:39:33.152 [info] Log level: Info
2024-02-03 11:39:33.152 [info] Validating found git in: "git"
2024-02-03 11:39:33.948 [info] Using git "2.43.0" from "git"
2024-02-03 11:39:33.960 [info] > git rev-parse --show-toplevel [4ms]
2024-02-03 11:39:33.960 [info] fatal: not a git repository (or any of the parent directories): .git
2024-02-03 11:39:33.965 [info] > git rev-parse --show-toplevel [1ms]
2024-02-03 11:39:33.965 [info] fatal: not a git repository (or any of the parent directories): .git
2024-02-03 11:39:34.019 [info] > git rev-parse --show-toplevel [49ms]
2024-02-03 11:39:34.019 [info] fatal: not a git repository (or any of the parent directories): .git
2024-02-03 11:39:34.056 [info] > git rev-parse --show-toplevel [32ms]
2024-02-03 11:39:34.056 [info] fatal: not a git repository (or any of the parent directories): .git
2024-02-03 11:39:34.062 [info] > git rev-parse --show-toplevel [1ms]
2024-02-03 11:39:34.062 [info] fatal: not a git repository (or any of the parent directories): .git
2024-02-03 11:39:34.158 [info] > git rev-parse --show-toplevel [93ms]
2024-02-03 11:39:34.158 [info] fatal: not a git repository (or any of the parent directories): .git
2024-02-03 11:39:34.252 [info] > git rev-parse --show-toplevel [88ms]
2024-02-03 11:39:34.252 [info] fatal: not a git repository (or any of the parent directories): .git
2024-02-03 11:39:34.305 [info] > git rev-parse --show-toplevel [49ms]
2024-02-03 11:39:34.305 [info] fatal: not a git repository (or any of the parent directories): .git
2024-02-03 11:39:34.381 [info] > git rev-parse --show-toplevel [71ms]
2024-02-03 11:39:34.381 [info] fatal: not a git repository (or any of the parent directories): .git
2024-02-03 11:39:34.493 [info] > git rev-parse --show-toplevel [107ms]
2024-02-03 11:39:34.493 [info] fatal: not a git repository (or any of the parent directories): .git
2024-02-03 11:39:34.500 [info] > git rev-parse --show-toplevel [2ms]
2024-02-03 11:39:34.500 [info] fatal: not a git repository (or any of the parent directories): .git
2024-02-03 11:39:34.509 [info] > git rev-parse --show-toplevel [1ms]
2024-02-03 11:39:34.509 [info] fatal: not a git repository (or any of the parent directories): .git
2024-02-03 11:39:34.549 [info] > git rev-parse --show-toplevel [36ms]
2024-02-03 11:39:34.549 [info] fatal: not a git repository (or any of the parent directories): .git
2024-02-03 11:39:34.607 [info] > git rev-parse --show-toplevel [54ms]
2024-02-03 11:39:34.607 [info] fatal: not a git repository (or any of the parent directories): .git
2024-02-03 11:39:34.613 [info] > git rev-parse --show-toplevel [2ms]
2024-02-03 11:39:34.613 [info] fatal: not a git repository (or any of the parent directories): .git
2024-02-03 11:39:34.726 [info] > git rev-parse --show-toplevel [109ms]
2024-02-03 11:39:34.726 [info] fatal: not a git repository (or any of the parent directories): .git
2024-02-03 11:39:34.747 [info] > git rev-parse --show-toplevel [17ms]
2024-02-03 11:39:34.747 [info] fatal: not a git repository (or any of the parent directories): .git
2024-02-03 11:39:34.786 [info] > git rev-parse --show-toplevel [35ms]
2024-02-03 11:39:34.786 [info] fatal: not a git repository (or any of the parent directories): .git
2024-02-03 11:39:34.811 [info] > git rev-parse --show-toplevel [20ms]
2024-02-03 11:39:34.812 [info] fatal: not a git repository (or any of the parent directories): .git
2024-02-03 11:39:34.869 [info] > git rev-parse --show-toplevel [54ms]
2024-02-03 11:39:34.869 [info] fatal: not a git repository (or any of the parent directories): .git
2024-02-03 11:39:34.874 [info] > git rev-parse --show-toplevel [0ms]
2024-02-03 11:39:34.874 [info] fatal: not a git repository (or any of the parent directories): .git
2024-02-03 11:39:34.879 [info] > git rev-parse --show-toplevel [1ms]
2024-02-03 11:39:34.879 [info] fatal: not a git repository (or any of the parent directories): .git
2024-02-03 11:39:35.112 [info] > git rev-parse --show-toplevel [230ms]
2024-02-03 11:39:35.112 [info] fatal: not a git repository (or any of the parent directories): .git
2024-02-03 11:39:35.117 [info] > git rev-parse --show-toplevel [1ms]
2024-02-03 11:39:35.117 [info] fatal: not a git repository (or any of the parent directories): .git
2024-02-03 11:39:35.183 [info] > git rev-parse --show-toplevel [63ms]
2024-02-03 11:39:35.183 [info] fatal: not a git repository (or any of the parent directories): .git
2024-02-03 11:39:35.351 [info] > git rev-parse --show-toplevel [163ms]
2024-02-03 11:39:35.351 [info] fatal: not a git repository (or any of the parent directories): .git
2024-02-03 11:39:35.438 [info] > git rev-parse --show-toplevel [83ms]
2024-02-03 11:39:35.438 [info] fatal: not a git repository (or any of the parent directories): .git
2024-02-03 11:39:35.443 [info] > git rev-parse --show-toplevel [1ms]
2024-02-03 11:39:35.443 [info] fatal: not a git repository (or any of the parent directories): .git
2024-02-03 11:39:35.447 [info] > git rev-parse --show-toplevel [0ms]
2024-02-03 11:39:35.447 [info] fatal: not a git repository (or any of the parent directories): .git
2024-02-03 11:39:35.535 [info] > git rev-parse --show-toplevel [84ms]
2024-02-03 11:39:35.535 [info] fatal: not a git repository (or any of the parent directories): .git
2024-02-03 11:39:35.624 [info] > git rev-parse --show-toplevel [84ms]
2024-02-03 11:39:35.624 [info] fatal: not a git repository (or any of the parent directories): .git
2024-02-03 11:39:35.629 [info] > git rev-parse --show-toplevel [1ms]
2024-02-03 11:39:35.629 [info] fatal: not a git repository (or any of the parent directories): .git
