2024-11-04 19:40:32.096 [info] [main] Log level: Info
2024-11-04 19:40:32.096 [info] [main] Validating found git in: "git"
2024-11-04 19:40:32.096 [info] [main] Using git "2.47.0" from "git"
2024-11-04 19:40:32.096 [info] [Model][doInitialScan] Initial repository scan started
2024-11-04 19:40:32.096 [info] > git rev-parse --show-toplevel [4ms]
2024-11-04 19:40:32.096 [info] > git rev-parse --git-dir --git-common-dir [8ms]
2024-11-04 19:40:32.096 [info] [Model][openRepository] Opened repository: /home/lauri/Desktop/coding
2024-11-04 19:40:32.112 [info] > git rev-parse --show-toplevel [6ms]
2024-11-04 19:40:32.113 [info] > git config --get commit.template [10ms]
2024-11-04 19:40:32.126 [info] > git rev-parse --show-toplevel [7ms]
2024-11-04 19:40:32.131 [info] > git for-each-ref --format=%(refname)%00%(upstream:short)%00%(objectname)%00%(upstream:track)%00%(upstream:remotename)%00%(upstream:remoteref) refs/heads/main refs/remotes/main [6ms]
2024-11-04 19:40:32.132 [info] > git rev-parse --show-toplevel [1ms]
2024-11-04 19:40:32.132 [info] [Model][doInitialScan] Initial repository scan completed - repositories (1), closed repositories (0), parent repositories (0), unsafe repositories (0)
2024-11-04 19:40:32.143 [info] > git status -z -uall [6ms]
2024-11-04 19:40:32.143 [info] > git for-each-ref --sort -committerdate --format %(refname) %(objectname) %(*objectname) [1ms]
2024-11-04 19:40:32.157 [info] > git for-each-ref --format=%(refname)%00%(upstream:short)%00%(objectname)%00%(upstream:track)%00%(upstream:remotename)%00%(upstream:remoteref) refs/heads/main refs/remotes/main [7ms]
2024-11-04 19:40:32.163 [info] > git config --local branch.main.vscode-merge-base [2ms]
2024-11-04 19:40:32.163 [warning] [Git][config] git config failed: Failed to execute git
2024-11-04 19:40:32.168 [info] > git config --get commit.template [12ms]
2024-11-04 19:40:32.200 [info] > git reflog main --grep-reflog=branch: Created from *. [32ms]
2024-11-04 19:40:32.213 [info] > git symbolic-ref --short refs/remotes/origin/HEAD [9ms]
2024-11-04 19:40:32.213 [info] fatal: ref refs/remotes/origin/HEAD is not a symbolic ref
2024-11-04 19:40:32.213 [warning] [Repository][getDefaultBranch] Failed to get default branch details: Failed to execute git.
2024-11-04 19:40:32.220 [info] > git for-each-ref --format=%(refname)%00%(upstream:short)%00%(objectname)%00%(upstream:track)%00%(upstream:remotename)%00%(upstream:remoteref) refs/heads/main refs/remotes/main [20ms]
2024-11-04 19:40:32.221 [info] > git merge-base refs/heads/main refs/remotes/origin/main [2ms]
2024-11-04 19:40:32.235 [info] > git status -z -uall [5ms]
2024-11-04 19:40:32.235 [info] > git diff --name-status -z --diff-filter=ADMR f2590d84d8e45b4dcf0757b2c7579eef43f62f67...refs/remotes/origin/main [10ms]
2024-11-04 19:40:32.236 [info] > git for-each-ref --sort -committerdate --format %(refname) %(objectname) %(*objectname) [2ms]
2024-11-04 19:40:32.620 [info] > git check-ignore -v -z --stdin [1ms]
2024-11-04 19:40:37.768 [info] > git config --get commit.template [4ms]
2024-11-04 19:40:37.768 [info] > git for-each-ref --format=%(refname)%00%(upstream:short)%00%(objectname)%00%(upstream:track)%00%(upstream:remotename)%00%(upstream:remoteref) refs/heads/main refs/remotes/main [1ms]
2024-11-04 19:40:37.776 [info] > git status -z -uall [4ms]
2024-11-04 19:40:37.777 [info] > git for-each-ref --sort -committerdate --format %(refname) %(objectname) %(*objectname) [1ms]
