2024-11-04 19:42:12.272 [info] Configuration changed
2024-11-04 19:42:12.808 [info] Configuration changed
2024-11-04 19:43:05.944 [info] /home/lauri/.config/Code - OSS/User/settings.json closed
2024-11-04 19:43:05.951 [info] Configuration changed
2024-11-04 19:44:25.192 [info] Configuration changed
2024-11-04 19:44:34.015 [info] Configuration changed
2024-11-04 19:46:12.513 [info] Configuration changed
2024-11-04 19:46:24.959 [info] Active editor: file:///home/lauri/Desktop/coding/c%2B%2B/main.cpp
2024-11-04 19:46:48.904 [info] /home/lauri/Desktop/coding/c++/main.cpp closed
2024-11-04 19:46:48.911 [info] /home/lauri/Desktop/coding/c++/main.cpp.git closed
2024-11-04 19:46:52.090 [info] /home/lauri/.config/Code - OSS/User/settings.json closed
2024-11-04 19:46:52.100 [info] Configuration changed
2024-11-04 19:46:58.435 [info] /home/lauri/.config/Code - OSS/User/settings.json closed
2024-11-04 19:46:58.444 [info] Configuration changed
2024-11-04 19:47:02.106 [info] /home/lauri/.config/Code - OSS/User/settings.json closed
2024-11-04 19:47:02.116 [info] Configuration changed
2024-11-04 19:47:18.183 [info] Active editor: file:///home/lauri/Desktop/coding/c%2B%2B/main.cpp
2024-11-04 19:47:55.765 [info] Executing :w
2024-11-04 19:48:09.835 [info] Executing :w
2024-11-04 19:49:03.350 [info] Executing :w
2024-11-04 19:50:17.603 [info] Executing :w
2024-11-04 19:51:10.432 [info] Executing :w
2024-11-04 19:53:38.847 [info] Executing :wq
2024-11-04 19:53:39.000 [info] /home/lauri/Desktop/coding/c++/main.cpp closed
2024-11-04 19:53:39.002 [warning] getLineLength() called with out-of-bounds line 42
2024-11-04 19:53:39.002 [warning] invalid cursor position. [[42, 8] | [42, 8]].
2024-11-04 19:53:39.065 [info] /home/lauri/Desktop/coding/c++/main.cpp.git closed
