2024-11-18 21:05:56.630 [info] Added views:outline in workbench.view.explorer
2024-11-18 21:05:56.630 [info] Added views:workbench.view.search in workbench.view.search
2024-11-18 21:05:56.630 [info] Added views:workbench.scm in workbench.view.scm
2024-11-18 21:05:56.630 [info] Added views:workbench.panel.markers.view in workbench.panel.markers
2024-11-18 21:05:56.630 [info] Added views:workbench.panel.output in workbench.panel.output
2024-11-18 21:05:56.630 [info] Added views:terminal in terminal
2024-11-18 21:05:56.630 [info] Added views:timeline in workbench.view.explorer
2024-11-18 21:05:56.630 [info] Added views:workbench.explorer.emptyView in workbench.view.explorer
2024-11-18 21:05:56.836 [info] Added views:workbench.debug.welcome in workbench.view.debug
2024-11-18 21:05:56.986 [info] Added views:~remote.forwardedPorts in ~remote.forwardedPortsContainer
2024-11-18 21:05:57.104 [info] Added views:workbench.panel.repl.view in workbench.panel.repl
2024-11-18 21:06:08.674 [info] Added views:outline in workbench.view.explorer
2024-11-18 21:06:08.674 [info] Added views:workbench.view.search in workbench.view.search
2024-11-18 21:06:08.674 [info] Added views:workbench.scm in workbench.view.scm
2024-11-18 21:06:08.674 [info] Added views:workbench.panel.markers.view in workbench.panel.markers
2024-11-18 21:06:08.674 [info] Added views:workbench.panel.output in workbench.panel.output
2024-11-18 21:06:08.674 [info] Added views:terminal in terminal
2024-11-18 21:06:08.674 [info] Added views:timeline in workbench.view.explorer
2024-11-18 21:06:08.674 [info] Added views:workbench.explorer.fileView in workbench.view.explorer
2024-11-18 21:06:08.774 [info] Added views:workbench.debug.variablesView,workbench.debug.watchExpressionsView,workbench.debug.callStackView,workbench.debug.breakPointsView in workbench.view.debug
2024-11-18 21:06:09.091 [info] Added views:~remote.forwardedPorts in ~remote.forwardedPortsContainer
2024-11-18 21:06:09.268 [info] Added views:workbench.panel.repl.view in workbench.panel.repl
2024-11-18 21:06:09.864 [info] Added views:workbench.scm.history in workbench.view.scm
