2024-11-07 16:22:29.842 [info] Configuration changed
2024-11-07 16:22:32.661 [info] /home/lauri/.config/Code - OSS/User/settings.json closed
2024-11-07 16:22:32.664 [info] Configuration changed
2024-11-07 16:23:48.583 [info] Active editor: file:///home/lauri/Desktop/c%2B%2B/Laksyt/teht%C3%A4v%C3%A42.cpp
2024-11-07 16:23:49.909 [info] Configuration changed
2024-11-07 16:23:54.256 [info] /home/lauri/Desktop/c++/Laksyt/tehtävä2.cpp closed
2024-11-07 16:23:54.265 [info] /home/lauri/Desktop/c++/Laksyt/tehtävä2.cpp.git closed
2024-11-07 16:24:02.310 [info] Configuration changed
2024-11-07 16:24:12.790 [info] Active editor: file:///home/lauri/Desktop/c%2B%2B/Laksyt/teht%C3%A4v%C3%A43.cpp
2024-11-07 16:30:48.053 [info] Executing :w
2024-11-07 16:30:49.323 [info] Configuration changed
2024-11-07 16:31:11.258 [info] Executing :13
2024-11-07 16:31:31.200 [info] Executing :w
2024-11-07 16:31:55.914 [info] Executing :w
2024-11-07 16:32:18.655 [info] Executing :w
2024-11-07 16:32:28.703 [info] Active editor: file:///home/lauri/Desktop/c%2B%2B/Laksyt/.git/COMMIT_EDITMSG
2024-11-07 16:32:28.712 [info] /home/lauri/Desktop/c++/Laksyt/tehtävä3.cpp.git closed
2024-11-07 16:32:35.847 [info] Active editor: file:///home/lauri/Desktop/c%2B%2B/Laksyt/teht%C3%A4v%C3%A43.cpp
2024-11-07 16:32:35.853 [info] /home/lauri/Desktop/c++/Laksyt/.git/COMMIT_EDITMSG.git closed
2024-11-07 16:33:23.591 [info] Active editor: file:///home/lauri/Desktop/c%2B%2B/Laksyt/.git/COMMIT_EDITMSG
2024-11-07 16:33:23.596 [info] /home/lauri/Desktop/c++/Laksyt/tehtävä3.cpp.git closed
2024-11-07 16:33:49.733 [info] Active editor: file:///home/lauri/Desktop/c%2B%2B/Laksyt/teht%C3%A4v%C3%A43.cpp
2024-11-07 16:33:49.738 [info] /home/lauri/Desktop/c++/Laksyt/.git/COMMIT_EDITMSG.git closed
2024-11-07 16:35:17.737 [info] Active editor: git:/home/lauri/Desktop/c%2B%2B/Laksyt/teht%C3%A4v%C3%A43.cpp?%7B%22path%22%3A%22%2Fhome%2Flauri%2FDesktop%2Fc%2B%2B%2FLaksyt%2Fteht%C3%A4v%C3%A43.cpp%22%2C%22ref%22%3A%22%22%7D
2024-11-07 16:35:17.756 [info] /home/lauri/Desktop/c++/Laksyt/tehtävä3.cpp.git closed
