2024-11-04 19:24:34.531 [info] Added views:outline in workbench.view.explorer
2024-11-04 19:24:34.531 [info] Added views:workbench.view.search in workbench.view.search
2024-11-04 19:24:34.531 [info] Added views:workbench.scm in workbench.view.scm
2024-11-04 19:24:34.531 [info] Added views:workbench.panel.markers.view in workbench.panel.markers
2024-11-04 19:24:34.531 [info] Added views:workbench.panel.output in workbench.panel.output
2024-11-04 19:24:34.531 [info] Added views:terminal in terminal
2024-11-04 19:24:34.531 [info] Added views:timeline in workbench.view.explorer
2024-11-04 19:24:34.531 [info] Added views:workbench.explorer.fileView in workbench.view.explorer
2024-11-04 19:24:35.453 [info] Added views:workbench.debug.variablesView,workbench.debug.watchExpressionsView,workbench.debug.callStackView,workbench.debug.breakPointsView in workbench.view.debug
2024-11-04 19:24:37.600 [info] Added views:~remote.forwardedPorts in ~remote.forwardedPortsContainer
2024-11-04 19:24:37.837 [info] Added views:workbench.panel.repl.view in workbench.panel.repl
2024-11-04 19:24:39.546 [info] Added views:workbench.scm.history in workbench.view.scm
2024-11-04 19:39:48.948 [info] Added views:workbench.views.extensions.installed,workbench.views.extensions.popular,extensions.recommendedList in workbench.view.extensions
2024-11-04 19:39:48.950 [info] Removed views:workbench.views.extensions.popular from workbench.view.extensions
2024-11-04 19:39:49.486 [info] Removed views:extensions.recommendedList,workbench.views.extensions.installed from workbench.view.extensions
2024-11-04 19:39:49.490 [info] Added views:workbench.views.extensions.marketplace in workbench.view.extensions
2024-11-04 19:39:55.197 [info] Removed views:workbench.views.extensions.marketplace from workbench.view.extensions
2024-11-04 19:39:55.203 [info] Added views:workbench.views.extensions.installed,extensions.recommendedList in workbench.view.extensions
2024-11-04 19:40:00.487 [info] Removed views:extensions.recommendedList,workbench.views.extensions.installed from workbench.view.extensions
2024-11-04 19:40:00.491 [info] Added views:workbench.views.extensions.marketplace in workbench.view.extensions
2024-11-04 19:40:20.034 [info] Removed views:workbench.scm.history from workbench.view.scm
