2024-11-18 21:04:19.647 [info] [main] Log level: Info
2024-11-18 21:04:19.647 [info] [main] Validating found git in: "git"
2024-11-18 21:04:19.647 [info] [main] Using git "2.47.0" from "git"
2024-11-18 21:04:19.647 [info] [Model][doInitialScan] Initial repository scan started
2024-11-18 21:04:19.647 [info] > git rev-parse --show-toplevel [3ms]
2024-11-18 21:04:19.647 [info] fatal: not a git repository (or any of the parent directories): .git
2024-11-18 21:04:19.647 [info] > git rev-parse --show-toplevel [18ms]
2024-11-18 21:04:19.669 [info] > git rev-parse --git-dir --git-common-dir [14ms]
2024-11-18 21:04:19.675 [info] [Model][openRepository] Opened repository: /home/lauri/Desktop/c++/Laksyt
2024-11-18 21:04:19.691 [info] > git rev-parse --show-toplevel [4ms]
2024-11-18 21:04:19.691 [info] fatal: not a git repository (or any of the parent directories): .git
2024-11-18 21:04:19.691 [info] [Model][doInitialScan] Initial repository scan completed - repositories (1), closed repositories (0), parent repositories (0), unsafe repositories (0)
2024-11-18 21:04:19.691 [info] > git config --get commit.template [9ms]
2024-11-18 21:04:19.700 [info] > git for-each-ref --format=%(refname)%00%(upstream:short)%00%(objectname)%00%(upstream:track)%00%(upstream:remotename)%00%(upstream:remoteref) refs/heads/main refs/remotes/main [2ms]
2024-11-18 21:04:19.713 [info] > git status -z -uall [7ms]
2024-11-18 21:04:19.718 [info] > git for-each-ref --sort -committerdate --format %(refname) %(objectname) %(*objectname) [6ms]
2024-11-18 21:04:19.736 [info] > git for-each-ref --format=%(refname)%00%(upstream:short)%00%(objectname)%00%(upstream:track)%00%(upstream:remotename)%00%(upstream:remoteref) refs/heads/main refs/remotes/main [10ms]
2024-11-18 21:04:19.742 [info] > git config --local branch.main.vscode-merge-base [1ms]
2024-11-18 21:04:19.747 [info] > git config --get commit.template [10ms]
2024-11-18 21:04:19.775 [info] > git for-each-ref --format=%(refname)%00%(upstream:short)%00%(objectname)%00%(upstream:track)%00%(upstream:remotename)%00%(upstream:remoteref) refs/heads/origin/main refs/remotes/origin/main [29ms]
2024-11-18 21:04:19.789 [info] > git merge-base refs/heads/main refs/remotes/origin/main [9ms]
2024-11-18 21:04:19.795 [info] > git for-each-ref --format=%(refname)%00%(upstream:short)%00%(objectname)%00%(upstream:track)%00%(upstream:remotename)%00%(upstream:remoteref) refs/heads/main refs/remotes/main [23ms]
2024-11-18 21:04:19.796 [info] > git diff --name-status -z --diff-filter=ADMR d92405c8fb1b7aaa1ee5204dc9dba2ee85666d4f...refs/remotes/origin/main [1ms]
2024-11-18 21:04:19.807 [info] > git status -z -uall [6ms]
2024-11-18 21:04:19.808 [info] > git for-each-ref --sort -committerdate --format %(refname) %(objectname) %(*objectname) [2ms]
2024-11-18 21:04:20.002 [info] > git show --textconv :teht채v채5.cpp [5ms]
2024-11-18 21:04:20.003 [info] > git ls-files --stage -- /home/lauri/Desktop/c++/Laksyt/teht채v채5.cpp [1ms]
2024-11-18 21:04:20.009 [info] > git cat-file -s d6cfb4cc6cb1bb6bdfbd30fe9b4fdc58d5172fd9 [1ms]
2024-11-18 21:04:20.224 [info] > git check-ignore -v -z --stdin [0ms]
2024-11-18 21:04:21.056 [info] > git rev-parse --show-toplevel [1ms]
2024-11-18 21:04:21.056 [info] fatal: not a git repository (or any of the parent directories): .git
