2024-11-04 19:24:38.658 [info] [main] Log level: Info
2024-11-04 19:24:38.658 [info] [main] Validating found git in: "git"
2024-11-04 19:24:39.068 [info] [main] Using git "2.47.0" from "git"
2024-11-04 19:24:39.068 [info] [Model][doInitialScan] Initial repository scan started
2024-11-04 19:24:39.269 [info] > git rev-parse --show-toplevel [191ms]
2024-11-04 19:24:39.275 [info] > git rev-parse --git-dir --git-common-dir [1ms]
2024-11-04 19:24:39.546 [info] [Model][openRepository] Opened repository: /home/lauri/Desktop/coding
2024-11-04 19:24:39.559 [info] > git rev-parse --show-toplevel [2ms]
2024-11-04 19:24:39.832 [info] > git config --get commit.template [280ms]
2024-11-04 19:24:40.631 [info] > git rev-parse --show-toplevel [800ms]
2024-11-04 19:24:40.668 [info] > git rev-parse --show-toplevel [2ms]
2024-11-04 19:24:40.668 [info] [Model][doInitialScan] Initial repository scan completed - repositories (1), closed repositories (0), parent repositories (0), unsafe repositories (0)
2024-11-04 19:24:41.302 [info] > git check-ignore -v -z --stdin [665ms]
2024-11-04 19:24:41.309 [info] > git for-each-ref --format=%(refname)%00%(upstream:short)%00%(objectname)%00%(upstream:track)%00%(upstream:remotename)%00%(upstream:remoteref) refs/heads/main refs/remotes/main [682ms]
2024-11-04 19:24:41.339 [info] > git for-each-ref --sort -committerdate --format %(refname) %(objectname) %(*objectname) [1ms]
2024-11-04 19:24:41.371 [info] > git ls-files --stage -- /home/lauri/Desktop/coding/c++/main.cpp [45ms]
2024-11-04 19:24:41.472 [info] > git show --textconv :c++/main.cpp [152ms]
2024-11-04 19:24:41.472 [info] > git cat-file -s 7f42da233d4418a026d8092b43424d9eb79e76a5 [96ms]
2024-11-04 19:24:41.553 [info] > git status -z -uall [221ms]
2024-11-04 19:24:41.569 [info] > git for-each-ref --format=%(refname)%00%(upstream:short)%00%(objectname)%00%(upstream:track)%00%(upstream:remotename)%00%(upstream:remoteref) refs/heads/main refs/remotes/main [6ms]
2024-11-04 19:24:41.575 [info] > git config --local branch.main.vscode-merge-base [1ms]
2024-11-04 19:24:41.575 [warning] [Git][config] git config failed: Failed to execute git
2024-11-04 19:24:41.579 [info] > git config --get commit.template [11ms]
2024-11-04 19:24:41.927 [info] > git reflog main --grep-reflog=branch: Created from *. [348ms]
2024-11-04 19:24:41.941 [info] > git for-each-ref --format=%(refname)%00%(upstream:short)%00%(objectname)%00%(upstream:track)%00%(upstream:remotename)%00%(upstream:remoteref) refs/heads/main refs/remotes/main [15ms]
2024-11-04 19:24:41.951 [info] > git status -z -uall [5ms]
2024-11-04 19:24:41.951 [info] > git symbolic-ref --short refs/remotes/origin/HEAD [20ms]
2024-11-04 19:24:41.951 [info] fatal: ref refs/remotes/origin/HEAD is not a symbolic ref
2024-11-04 19:24:41.951 [warning] [Repository][getDefaultBranch] Failed to get default branch details: Failed to execute git.
2024-11-04 19:24:41.959 [info] > git merge-base refs/heads/main refs/remotes/origin/main [2ms]
2024-11-04 19:24:41.964 [info] > git for-each-ref --sort -committerdate --format %(refname) %(objectname) %(*objectname) [14ms]
2024-11-04 19:24:41.971 [info] > git merge-base refs/heads/main refs/remotes/origin/main [2ms]
2024-11-04 19:24:41.976 [info] > git diff --name-status -z --diff-filter=ADMR f2590d84d8e45b4dcf0757b2c7579eef43f62f67...refs/remotes/origin/main [12ms]
2024-11-04 19:24:41.977 [info] > git diff --name-status -z --diff-filter=ADMR f2590d84d8e45b4dcf0757b2c7579eef43f62f67...refs/remotes/origin/main [1ms]
2024-11-04 19:28:19.939 [info] > git config --get commit.template [5ms]
2024-11-04 19:28:19.940 [info] > git for-each-ref --format=%(refname)%00%(upstream:short)%00%(objectname)%00%(upstream:track)%00%(upstream:remotename)%00%(upstream:remoteref) refs/heads/main refs/remotes/main [1ms]
2024-11-04 19:28:19.948 [info] > git status -z -uall [4ms]
2024-11-04 19:28:19.949 [info] > git for-each-ref --sort -committerdate --format %(refname) %(objectname) %(*objectname) [1ms]
2024-11-04 19:28:30.994 [info] > git config --get commit.template [4ms]
2024-11-04 19:28:30.995 [info] > git for-each-ref --format=%(refname)%00%(upstream:short)%00%(objectname)%00%(upstream:track)%00%(upstream:remotename)%00%(upstream:remoteref) refs/heads/main refs/remotes/main [1ms]
2024-11-04 19:28:31.003 [info] > git status -z -uall [5ms]
2024-11-04 19:28:31.004 [info] > git for-each-ref --sort -committerdate --format %(refname) %(objectname) %(*objectname) [1ms]
2024-11-04 19:28:58.133 [info] > git config --get commit.template [4ms]
2024-11-04 19:28:58.134 [info] > git for-each-ref --format=%(refname)%00%(upstream:short)%00%(objectname)%00%(upstream:track)%00%(upstream:remotename)%00%(upstream:remoteref) refs/heads/main refs/remotes/main [1ms]
2024-11-04 19:28:58.143 [info] > git status -z -uall [4ms]
2024-11-04 19:28:58.144 [info] > git for-each-ref --sort -committerdate --format %(refname) %(objectname) %(*objectname) [1ms]
2024-11-04 19:29:03.157 [info] > git config --get commit.template [5ms]
2024-11-04 19:29:03.158 [info] > git for-each-ref --format=%(refname)%00%(upstream:short)%00%(objectname)%00%(upstream:track)%00%(upstream:remotename)%00%(upstream:remoteref) refs/heads/main refs/remotes/main [0ms]
2024-11-04 19:29:03.167 [info] > git status -z -uall [5ms]
2024-11-04 19:29:03.167 [info] > git for-each-ref --sort -committerdate --format %(refname) %(objectname) %(*objectname) [1ms]
2024-11-04 19:29:15.831 [info] > git config --get commit.template [5ms]
2024-11-04 19:29:15.831 [info] > git for-each-ref --format=%(refname)%00%(upstream:short)%00%(objectname)%00%(upstream:track)%00%(upstream:remotename)%00%(upstream:remoteref) refs/heads/main refs/remotes/main [1ms]
2024-11-04 19:29:15.840 [info] > git status -z -uall [4ms]
2024-11-04 19:29:15.841 [info] > git for-each-ref --sort -committerdate --format %(refname) %(objectname) %(*objectname) [1ms]
2024-11-04 19:29:15.928 [info] > git ls-files --stage -- /home/lauri/Desktop/coding/c++/main.cpp [0ms]
2024-11-04 19:29:15.932 [info] > git cat-file -s 7f42da233d4418a026d8092b43424d9eb79e76a5 [1ms]
2024-11-04 19:29:15.938 [info] > git show --textconv :c++/main.cpp [1ms]
2024-11-04 19:29:24.621 [info] > git config --get commit.template [6ms]
2024-11-04 19:29:24.621 [info] > git for-each-ref --format=%(refname)%00%(upstream:short)%00%(objectname)%00%(upstream:track)%00%(upstream:remotename)%00%(upstream:remoteref) refs/heads/main refs/remotes/main [1ms]
2024-11-04 19:29:24.630 [info] > git status -z -uall [4ms]
2024-11-04 19:29:24.632 [info] > git for-each-ref --sort -committerdate --format %(refname) %(objectname) %(*objectname) [2ms]
2024-11-04 19:30:00.646 [info] > git show --textconv :c++/main.cpp [4ms]
2024-11-04 19:30:00.647 [info] > git ls-files --stage -- /home/lauri/Desktop/coding/c++/main.cpp [1ms]
2024-11-04 19:30:00.651 [info] > git cat-file -s 7f42da233d4418a026d8092b43424d9eb79e76a5 [0ms]
2024-11-04 19:30:09.338 [info] > git config --get commit.template [5ms]
2024-11-04 19:30:09.338 [info] > git for-each-ref --format=%(refname)%00%(upstream:short)%00%(objectname)%00%(upstream:track)%00%(upstream:remotename)%00%(upstream:remoteref) refs/heads/main refs/remotes/main [1ms]
2024-11-04 19:30:09.347 [info] > git status -z -uall [5ms]
2024-11-04 19:30:09.348 [info] > git for-each-ref --sort -committerdate --format %(refname) %(objectname) %(*objectname) [1ms]
2024-11-04 19:30:09.435 [info] > git ls-files --stage -- /home/lauri/Desktop/coding/c++/main.cpp [1ms]
2024-11-04 19:30:09.441 [info] > git cat-file -s 7f42da233d4418a026d8092b43424d9eb79e76a5 [1ms]
2024-11-04 19:30:09.447 [info] > git show --textconv :c++/main.cpp [1ms]
2024-11-04 19:30:14.532 [info] > git config --get commit.template [2ms]
2024-11-04 19:30:14.537 [info] > git for-each-ref --format=%(refname)%00%(upstream:short)%00%(objectname)%00%(upstream:track)%00%(upstream:remotename)%00%(upstream:remoteref) refs/heads/main refs/remotes/main [1ms]
2024-11-04 19:30:14.545 [info] > git status -z -uall [4ms]
2024-11-04 19:30:14.546 [info] > git for-each-ref --sort -committerdate --format %(refname) %(objectname) %(*objectname) [1ms]
2024-11-04 19:30:19.561 [info] > git config --get commit.template [6ms]
2024-11-04 19:30:19.561 [info] > git for-each-ref --format=%(refname)%00%(upstream:short)%00%(objectname)%00%(upstream:track)%00%(upstream:remotename)%00%(upstream:remoteref) refs/heads/main refs/remotes/main [1ms]
2024-11-04 19:30:19.569 [info] > git status -z -uall [4ms]
2024-11-04 19:30:19.570 [info] > git for-each-ref --sort -committerdate --format %(refname) %(objectname) %(*objectname) [1ms]
2024-11-04 19:30:26.408 [info] > git config --get commit.template [4ms]
2024-11-04 19:30:26.409 [info] > git for-each-ref --format=%(refname)%00%(upstream:short)%00%(objectname)%00%(upstream:track)%00%(upstream:remotename)%00%(upstream:remoteref) refs/heads/main refs/remotes/main [1ms]
2024-11-04 19:30:26.417 [info] > git status -z -uall [4ms]
2024-11-04 19:30:26.418 [info] > git for-each-ref --sort -committerdate --format %(refname) %(objectname) %(*objectname) [1ms]
2024-11-04 19:33:22.723 [info] > git config --get commit.template [6ms]
2024-11-04 19:33:22.724 [info] > git for-each-ref --format=%(refname)%00%(upstream:short)%00%(objectname)%00%(upstream:track)%00%(upstream:remotename)%00%(upstream:remoteref) refs/heads/main refs/remotes/main [2ms]
2024-11-04 19:33:22.734 [info] > git status -z -uall [5ms]
2024-11-04 19:33:22.739 [info] > git for-each-ref --sort -committerdate --format %(refname) %(objectname) %(*objectname) [5ms]
2024-11-04 19:33:32.133 [info] > git config --get commit.template [7ms]
2024-11-04 19:33:32.134 [info] > git for-each-ref --format=%(refname)%00%(upstream:short)%00%(objectname)%00%(upstream:track)%00%(upstream:remotename)%00%(upstream:remoteref) refs/heads/main refs/remotes/main [1ms]
2024-11-04 19:33:32.143 [info] > git status -z -uall [5ms]
2024-11-04 19:33:32.143 [info] > git for-each-ref --sort -committerdate --format %(refname) %(objectname) %(*objectname) [1ms]
2024-11-04 19:34:19.017 [info] > git config --get commit.template [6ms]
2024-11-04 19:34:19.017 [info] > git for-each-ref --format=%(refname)%00%(upstream:short)%00%(objectname)%00%(upstream:track)%00%(upstream:remotename)%00%(upstream:remoteref) refs/heads/main refs/remotes/main [1ms]
2024-11-04 19:34:19.026 [info] > git status -z -uall [5ms]
2024-11-04 19:34:19.027 [info] > git for-each-ref --sort -committerdate --format %(refname) %(objectname) %(*objectname) [1ms]
2024-11-04 19:37:10.297 [info] > git config --get commit.template [5ms]
2024-11-04 19:37:10.298 [info] > git for-each-ref --format=%(refname)%00%(upstream:short)%00%(objectname)%00%(upstream:track)%00%(upstream:remotename)%00%(upstream:remoteref) refs/heads/main refs/remotes/main [1ms]
2024-11-04 19:37:10.307 [info] > git status -z -uall [4ms]
2024-11-04 19:37:10.308 [info] > git for-each-ref --sort -committerdate --format %(refname) %(objectname) %(*objectname) [1ms]
2024-11-04 19:37:34.934 [info] > git config --get commit.template [4ms]
2024-11-04 19:37:34.935 [info] > git for-each-ref --format=%(refname)%00%(upstream:short)%00%(objectname)%00%(upstream:track)%00%(upstream:remotename)%00%(upstream:remoteref) refs/heads/main refs/remotes/main [1ms]
2024-11-04 19:37:34.943 [info] > git status -z -uall [4ms]
2024-11-04 19:37:34.944 [info] > git for-each-ref --sort -committerdate --format %(refname) %(objectname) %(*objectname) [1ms]
2024-11-04 19:37:45.477 [info] > git config --get commit.template [5ms]
2024-11-04 19:37:45.478 [info] > git for-each-ref --format=%(refname)%00%(upstream:short)%00%(objectname)%00%(upstream:track)%00%(upstream:remotename)%00%(upstream:remoteref) refs/heads/main refs/remotes/main [1ms]
2024-11-04 19:37:45.487 [info] > git status -z -uall [5ms]
2024-11-04 19:37:45.488 [info] > git for-each-ref --sort -committerdate --format %(refname) %(objectname) %(*objectname) [2ms]
2024-11-04 19:38:09.659 [info] > git config --get commit.template [4ms]
2024-11-04 19:38:09.660 [info] > git for-each-ref --format=%(refname)%00%(upstream:short)%00%(objectname)%00%(upstream:track)%00%(upstream:remotename)%00%(upstream:remoteref) refs/heads/main refs/remotes/main [1ms]
2024-11-04 19:38:09.668 [info] > git status -z -uall [4ms]
2024-11-04 19:38:09.669 [info] > git for-each-ref --sort -committerdate --format %(refname) %(objectname) %(*objectname) [1ms]
2024-11-04 19:38:17.141 [info] > git config --get commit.template [5ms]
2024-11-04 19:38:17.142 [info] > git for-each-ref --format=%(refname)%00%(upstream:short)%00%(objectname)%00%(upstream:track)%00%(upstream:remotename)%00%(upstream:remoteref) refs/heads/main refs/remotes/main [1ms]
2024-11-04 19:38:17.150 [info] > git status -z -uall [4ms]
2024-11-04 19:38:17.151 [info] > git for-each-ref --sort -committerdate --format %(refname) %(objectname) %(*objectname) [1ms]
2024-11-04 19:38:22.167 [info] > git config --get commit.template [5ms]
2024-11-04 19:38:22.167 [info] > git for-each-ref --format=%(refname)%00%(upstream:short)%00%(objectname)%00%(upstream:track)%00%(upstream:remotename)%00%(upstream:remoteref) refs/heads/main refs/remotes/main [1ms]
2024-11-04 19:38:22.176 [info] > git status -z -uall [4ms]
2024-11-04 19:38:22.177 [info] > git for-each-ref --sort -committerdate --format %(refname) %(objectname) %(*objectname) [1ms]
2024-11-04 19:39:25.393 [info] > git config --get commit.template [5ms]
2024-11-04 19:39:25.394 [info] > git for-each-ref --format=%(refname)%00%(upstream:short)%00%(objectname)%00%(upstream:track)%00%(upstream:remotename)%00%(upstream:remoteref) refs/heads/main refs/remotes/main [1ms]
2024-11-04 19:39:25.402 [info] > git status -z -uall [4ms]
2024-11-04 19:39:25.403 [info] > git for-each-ref --sort -committerdate --format %(refname) %(objectname) %(*objectname) [1ms]
