2024-11-07 16:35:28.726 [info] [main] Log level: Info
2024-11-07 16:35:28.726 [info] [main] Validating found git in: "git"
2024-11-07 16:35:28.726 [info] [main] Using git "2.47.0" from "git"
2024-11-07 16:35:28.726 [info] [Model][doInitialScan] Initial repository scan started
2024-11-07 16:35:28.726 [info] > git rev-parse --show-toplevel [4ms]
2024-11-07 16:35:28.726 [info] > git rev-parse --git-dir --git-common-dir [12ms]
2024-11-07 16:35:28.726 [info] [Model][openRepository] Opened repository: /home/lauri/Desktop/c++/Laksyt
2024-11-07 16:35:28.726 [info] [Model][doInitialScan] Initial repository scan completed - repositories (1), closed repositories (0), parent repositories (0), unsafe repositories (0)
2024-11-07 16:35:28.726 [info] > git show --textconv HEAD:tehtävä3.cpp [23ms]
2024-11-07 16:35:28.726 [info] > git show --textconv :tehtävä3.cpp [19ms]
2024-11-07 16:35:28.726 [info] > git ls-files --stage -- /home/lauri/Desktop/c++/Laksyt/tehtävä3.cpp [9ms]
2024-11-07 16:35:28.726 [info] > git ls-tree -l HEAD -- /home/lauri/Desktop/c++/Laksyt/tehtävä3.cpp [17ms]
2024-11-07 16:35:28.726 [info] > git cat-file -s 3100c6f03d7380a7ecb7bf4024f87b16f72050a4 [3ms]
2024-11-07 16:35:28.727 [info] > git config --get commit.template [11ms]
2024-11-07 16:35:28.739 [info] > git for-each-ref --format=%(refname)%00%(upstream:short)%00%(objectname)%00%(upstream:track)%00%(upstream:remotename)%00%(upstream:remoteref) refs/heads/main refs/remotes/main [1ms]
2024-11-07 16:35:28.749 [info] > git status -z -uall [6ms]
2024-11-07 16:35:28.750 [info] > git for-each-ref --sort -committerdate --format %(refname) %(objectname) %(*objectname) [2ms]
2024-11-07 16:35:28.763 [info] > git for-each-ref --format=%(refname)%00%(upstream:short)%00%(objectname)%00%(upstream:track)%00%(upstream:remotename)%00%(upstream:remoteref) refs/heads/main refs/remotes/main [6ms]
2024-11-07 16:35:28.769 [info] > git config --local branch.main.vscode-merge-base [2ms]
2024-11-07 16:35:28.774 [info] > git config --get commit.template [12ms]
2024-11-07 16:35:28.910 [info] > git for-each-ref --format=%(refname)%00%(upstream:short)%00%(objectname)%00%(upstream:track)%00%(upstream:remotename)%00%(upstream:remoteref) refs/heads/origin/main refs/remotes/origin/main [136ms]
2024-11-07 16:35:28.966 [info] > git ls-tree -l HEAD -- /home/lauri/Desktop/c++/Laksyt/tehtävä3.cpp [31ms]
2024-11-07 16:35:28.967 [info] > git ls-files --stage -- /home/lauri/Desktop/c++/Laksyt/tehtävä3.cpp [39ms]
2024-11-07 16:35:28.972 [info] > git merge-base refs/heads/main refs/remotes/origin/main [55ms]
2024-11-07 16:35:29.009 [info] > git diff --name-status -z --diff-filter=ADMR d961dd7b14d4dc934a204b23c23167c91160e340...refs/remotes/origin/main [33ms]
2024-11-07 16:35:29.009 [info] > git cat-file -s 3100c6f03d7380a7ecb7bf4024f87b16f72050a4 [37ms]
2024-11-07 16:35:29.009 [info] > git for-each-ref --format=%(refname)%00%(upstream:short)%00%(objectname)%00%(upstream:track)%00%(upstream:remotename)%00%(upstream:remoteref) refs/heads/main refs/remotes/main [44ms]
2024-11-07 16:35:29.013 [info] > git log --format=%H%n%aN%n%aE%n%at%n%ct%n%P%n%D%n%B -z --shortstat --diff-merges=first-parent -n50 --skip=0 --topo-order --decorate=full --stdin [32ms]
2024-11-07 16:35:29.028 [info] > git status -z -uall [5ms]
2024-11-07 16:35:29.028 [info] > git for-each-ref --sort -committerdate --format %(refname) %(objectname) %(*objectname) [2ms]
2024-11-07 16:35:29.442 [info] > git check-ignore -v -z --stdin [2ms]
2024-11-07 16:35:38.000 [info] > git show --textconv :tehtävä3.cpp [5ms]
2024-11-07 16:35:38.000 [info] > git ls-files --stage -- /home/lauri/Desktop/c++/Laksyt/tehtävä3.cpp [1ms]
2024-11-07 16:35:38.006 [info] > git cat-file -s 3100c6f03d7380a7ecb7bf4024f87b16f72050a4 [1ms]
2024-11-07 16:35:39.851 [info] > git ls-files --stage -- /home/lauri/Desktop/c++/Laksyt/tehtävä3.cpp [2ms]
2024-11-07 16:35:39.857 [info] > git ls-tree -l HEAD -- /home/lauri/Desktop/c++/Laksyt/tehtävä3.cpp [13ms]
2024-11-07 16:35:39.858 [info] > git cat-file -s 3100c6f03d7380a7ecb7bf4024f87b16f72050a4 [2ms]
2024-11-07 16:35:41.738 [info] > git show --textconv :.git/COMMIT_EDITMSG [6ms]
2024-11-07 16:35:41.739 [info] > git ls-files --stage -- /home/lauri/Desktop/c++/Laksyt/.git/COMMIT_EDITMSG [1ms]
2024-11-07 16:35:42.022 [info] > git check-ignore -v -z --stdin [1ms]
2024-11-07 16:35:45.036 [info] > git check-ignore -v -z --stdin [1ms]
