2024-11-04 19:42:10.222 [info] Added views:outline in workbench.view.explorer
2024-11-04 19:42:10.222 [info] Added views:workbench.view.search in workbench.view.search
2024-11-04 19:42:10.222 [info] Added views:workbench.scm in workbench.view.scm
2024-11-04 19:42:10.222 [info] Added views:workbench.panel.markers.view in workbench.panel.markers
2024-11-04 19:42:10.222 [info] Added views:workbench.panel.output in workbench.panel.output
2024-11-04 19:42:10.222 [info] Added views:terminal in terminal
2024-11-04 19:42:10.222 [info] Added views:timeline in workbench.view.explorer
2024-11-04 19:42:10.222 [info] Added views:workbench.explorer.fileView in workbench.view.explorer
2024-11-04 19:42:10.355 [info] Added views:workbench.debug.variablesView,workbench.debug.watchExpressionsView,workbench.debug.callStackView,workbench.debug.breakPointsView in workbench.view.debug
2024-11-04 19:42:10.536 [info] Added views:workbench.views.extensions.installed,extensions.recommendedList in workbench.view.extensions
2024-11-04 19:42:10.970 [info] Added views:workbench.panel.repl.view in workbench.panel.repl
2024-11-04 19:42:11.068 [info] Added views:~remote.forwardedPorts in ~remote.forwardedPortsContainer
2024-11-04 19:42:11.326 [info] Added views:workbench.scm.history in workbench.view.scm
2024-11-04 19:42:14.400 [info] Removed views:extensions.recommendedList,workbench.views.extensions.installed from workbench.view.extensions
2024-11-04 19:42:14.404 [info] Added views:workbench.views.extensions.marketplace in workbench.view.extensions
2024-11-04 19:44:18.896 [info] Removed views:workbench.views.extensions.marketplace from workbench.view.extensions
2024-11-04 19:44:18.905 [info] Added views:workbench.views.extensions.installed,extensions.recommendedList in workbench.view.extensions
2024-11-04 19:44:38.816 [info] Removed views:extensions.recommendedList,workbench.views.extensions.installed from workbench.view.extensions
2024-11-04 19:44:38.820 [info] Added views:workbench.views.extensions.marketplace in workbench.view.extensions
2024-11-04 19:46:17.408 [info] Removed views:workbench.views.extensions.marketplace from workbench.view.extensions
2024-11-04 19:46:17.415 [info] Added views:workbench.views.extensions.installed,extensions.recommendedList in workbench.view.extensions
2024-11-04 19:53:40.039 [info] Removed views:workbench.scm.history from workbench.view.scm
