2024-02-04 11:54:45.853 [info] Extension host with pid 15396 started
2024-02-04 11:54:45.853 [info] Skipping acquiring lock for /home/lauri/.config/VSCodium/User/workspaceStorage/c203726b049d288f7f9aa1d2d29d1d10.
2024-02-04 11:54:45.860 [info] ExtensionService#_doActivateExtension vscode.git-base, startup: true, activationEvent: '*', root cause: vscode.git
2024-02-04 11:54:46.191 [info] ExtensionService#_doActivateExtension vscode.git, startup: true, activationEvent: '*'
2024-02-04 11:54:46.503 [info] ExtensionService#_doActivateExtension vscode.github, startup: true, activationEvent: '*'
2024-02-04 11:54:47.018 [info] Eager extensions activated
2024-02-04 11:54:47.030 [info] ExtensionService#_doActivateExtension vscode.debug-auto-launch, startup: false, activationEvent: 'onStartupFinished'
2024-02-04 11:54:47.038 [info] ExtensionService#_doActivateExtension vscode.merge-conflict, startup: false, activationEvent: 'onStartupFinished'
2024-02-04 11:54:47.070 [info] ExtensionService#_doActivateExtension formulahendry.code-runner, startup: false, activationEvent: 'onStartupFinished'
2024-02-04 11:54:47.865 [info] ExtensionService#_doActivateExtension vadimcn.vscode-lldb, startup: false, activationEvent: 'onStartupFinished', root cause: franneck94.vscode-c-cpp-config
2024-02-04 11:54:47.909 [info] Extension host terminating: renderer closed the MessagePort
2024-02-04 11:54:47.912 [error] Canceled: Canceled
	at Object.I [as canceled] (/usr/share/vscodium/resources/app/out/vs/workbench/api/node/extensionHostProcess.js:10:1342)
	at /usr/share/vscodium/resources/app/out/vs/workbench/api/node/extensionHostProcess.js:150:9124
	at Array.forEach (<anonymous>)
	at u.dispose (/usr/share/vscodium/resources/app/out/vs/workbench/api/node/extensionHostProcess.js:150:9028)
	at f.terminate (/usr/share/vscodium/resources/app/out/vs/workbench/api/node/extensionHostProcess.js:154:10466)
	at s.terminate (/usr/share/vscodium/resources/app/out/vs/workbench/api/node/extensionHostProcess.js:158:1908)
	at a (/usr/share/vscodium/resources/app/out/vs/workbench/api/node/extensionHostProcess.js:171:11536)
	at MessagePortMain.<anonymous> (/usr/share/vscodium/resources/app/out/vs/workbench/api/node/extensionHostProcess.js:171:7611)
	at MessagePortMain.emit (node:events:513:28)
	at MessagePortMain._internalPort.emit (node:electron/js2c/utility_init:2:367) setContext undefined
2024-02-04 11:54:47.912 [info] Extension host with pid 15396 exiting with code 0
