2024-11-18 21:06:40.233 [info] [main] Log level: Info
2024-11-18 21:06:40.233 [info] [main] Validating found git in: "git"
2024-11-18 21:06:40.233 [info] [main] Using git "2.47.0" from "git"
2024-11-18 21:06:40.233 [info] [Model][doInitialScan] Initial repository scan started
2024-11-18 21:06:40.233 [info] > git rev-parse --show-toplevel [7ms]
2024-11-18 21:06:40.233 [info] fatal: not a git repository (or any of the parent directories): .git
2024-11-18 21:06:40.233 [info] > git rev-parse --show-toplevel [15ms]
2024-11-18 21:06:40.252 [info] > git rev-parse --git-dir --git-common-dir [13ms]
2024-11-18 21:06:40.257 [info] [Model][openRepository] Opened repository: /home/lauri/Desktop/c++/Laksyt
2024-11-18 21:06:40.270 [info] > git rev-parse --show-toplevel [2ms]
2024-11-18 21:06:40.270 [info] fatal: not a git repository (or any of the parent directories): .git
2024-11-18 21:06:40.271 [info] [Model][doInitialScan] Initial repository scan completed - repositories (1), closed repositories (0), parent repositories (0), unsafe repositories (0)
2024-11-18 21:06:40.271 [info] > git config --get commit.template [7ms]
2024-11-18 21:06:40.281 [info] > git for-each-ref --format=%(refname)%00%(upstream:short)%00%(objectname)%00%(upstream:track)%00%(upstream:remotename)%00%(upstream:remoteref) refs/heads/main refs/remotes/main [1ms]
2024-11-18 21:06:40.290 [info] > git status -z -uall [5ms]
2024-11-18 21:06:40.291 [info] > git for-each-ref --sort -committerdate --format %(refname) %(objectname) %(*objectname) [1ms]
2024-11-18 21:06:40.303 [info] > git for-each-ref --format=%(refname)%00%(upstream:short)%00%(objectname)%00%(upstream:track)%00%(upstream:remotename)%00%(upstream:remoteref) refs/heads/main refs/remotes/main [6ms]
2024-11-18 21:06:40.308 [info] > git config --local branch.main.vscode-merge-base [1ms]
2024-11-18 21:06:40.312 [info] > git config --get commit.template [10ms]
2024-11-18 21:06:40.339 [info] > git for-each-ref --format=%(refname)%00%(upstream:short)%00%(objectname)%00%(upstream:track)%00%(upstream:remotename)%00%(upstream:remoteref) refs/heads/origin/main refs/remotes/origin/main [27ms]
2024-11-18 21:06:40.351 [info] > git merge-base refs/heads/main refs/remotes/origin/main [8ms]
2024-11-18 21:06:40.355 [info] > git for-each-ref --format=%(refname)%00%(upstream:short)%00%(objectname)%00%(upstream:track)%00%(upstream:remotename)%00%(upstream:remoteref) refs/heads/main refs/remotes/main [19ms]
2024-11-18 21:06:40.357 [info] > git diff --name-status -z --diff-filter=ADMR d92405c8fb1b7aaa1ee5204dc9dba2ee85666d4f...refs/remotes/origin/main [2ms]
2024-11-18 21:06:40.367 [info] > git status -z -uall [5ms]
2024-11-18 21:06:40.368 [info] > git for-each-ref --sort -committerdate --format %(refname) %(objectname) %(*objectname) [1ms]
2024-11-18 21:06:40.568 [info] > git show --textconv :teht채v채5.cpp [5ms]
2024-11-18 21:06:40.568 [info] > git ls-files --stage -- /home/lauri/Desktop/c++/Laksyt/teht채v채5.cpp [1ms]
2024-11-18 21:06:40.572 [info] > git cat-file -s d6cfb4cc6cb1bb6bdfbd30fe9b4fdc58d5172fd9 [0ms]
2024-11-18 21:06:40.777 [info] > git check-ignore -v -z --stdin [1ms]
2024-11-18 21:06:41.641 [info] > git rev-parse --show-toplevel [1ms]
2024-11-18 21:06:41.641 [info] fatal: not a git repository (or any of the parent directories): .git
