2024-11-13 17:41:29.323 [info] [main] Log level: Info
2024-11-13 17:41:29.323 [info] [main] Validating found git in: "git"
2024-11-13 17:41:29.323 [info] [main] Using git "2.47.0" from "git"
2024-11-13 17:41:29.323 [info] [Model][doInitialScan] Initial repository scan started
2024-11-13 17:41:29.323 [info] > git rev-parse --show-toplevel [4ms]
2024-11-13 17:41:29.323 [info] fatal: not a git repository (or any of the parent directories): .git
2024-11-13 17:41:29.323 [info] > git rev-parse --show-toplevel [253ms]
2024-11-13 17:41:29.330 [info] > git rev-parse --git-dir --git-common-dir [2ms]
2024-11-13 17:41:29.337 [info] [Model][openRepository] Opened repository: /home/lauri/Desktop/c++/Laksyt
2024-11-13 17:41:29.350 [info] > git config --get commit.template [4ms]
2024-11-13 17:41:29.350 [info] > git rev-parse --show-toplevel [2ms]
2024-11-13 17:41:29.350 [info] fatal: not a git repository (or any of the parent directories): .git
2024-11-13 17:41:29.350 [info] [Model][doInitialScan] Initial repository scan completed - repositories (1), closed repositories (0), parent repositories (0), unsafe repositories (0)
2024-11-13 17:41:29.508 [info] > git for-each-ref --format=%(refname)%00%(upstream:short)%00%(objectname)%00%(upstream:track)%00%(upstream:remotename)%00%(upstream:remoteref) refs/heads/main refs/remotes/main [154ms]
2024-11-13 17:41:29.519 [info] > git status -z -uall [5ms]
2024-11-13 17:41:29.548 [info] > git for-each-ref --sort -committerdate --format %(refname) %(objectname) %(*objectname) [29ms]
2024-11-13 17:41:29.561 [info] > git for-each-ref --format=%(refname)%00%(upstream:short)%00%(objectname)%00%(upstream:track)%00%(upstream:remotename)%00%(upstream:remoteref) refs/heads/main refs/remotes/main [6ms]
2024-11-13 17:41:29.568 [info] > git config --local branch.main.vscode-merge-base [2ms]
2024-11-13 17:41:29.573 [info] > git config --get commit.template [13ms]
2024-11-13 17:41:29.627 [info] > git for-each-ref --format=%(refname)%00%(upstream:short)%00%(objectname)%00%(upstream:track)%00%(upstream:remotename)%00%(upstream:remoteref) refs/heads/origin/main refs/remotes/origin/main [54ms]
2024-11-13 17:41:29.638 [info] > git for-each-ref --format=%(refname)%00%(upstream:short)%00%(objectname)%00%(upstream:track)%00%(upstream:remotename)%00%(upstream:remoteref) refs/heads/main refs/remotes/main [12ms]
2024-11-13 17:41:29.649 [info] > git status -z -uall [6ms]
2024-11-13 17:41:29.659 [info] > git show --textconv :tehtävä5.cpp [4ms]
2024-11-13 17:41:29.660 [info] > git merge-base refs/heads/main refs/remotes/origin/main [29ms]
2024-11-13 17:41:29.665 [info] > git for-each-ref --sort -committerdate --format %(refname) %(objectname) %(*objectname) [17ms]
2024-11-13 17:41:29.672 [info] > git merge-base refs/heads/main refs/remotes/origin/main [2ms]
2024-11-13 17:41:29.675 [info] > git diff --name-status -z --diff-filter=ADMR a8587fbaab329290b98f8c89a524736d23be088c...refs/remotes/origin/main [10ms]
2024-11-13 17:41:29.676 [info] > git ls-files --stage -- /home/lauri/Desktop/c++/Laksyt/tehtävä5.cpp [17ms]
2024-11-13 17:41:29.680 [info] > git diff --name-status -z --diff-filter=ADMR a8587fbaab329290b98f8c89a524736d23be088c...refs/remotes/origin/main [5ms]
2024-11-13 17:41:29.681 [info] > git cat-file -s 54ff875494a5ff01779558d0b559f5ca608583db [2ms]
2024-11-13 17:41:29.902 [info] > git check-ignore -v -z --stdin [1ms]
2024-11-13 17:41:34.850 [info] > git config --get commit.template [5ms]
2024-11-13 17:41:34.850 [info] > git for-each-ref --format=%(refname)%00%(upstream:short)%00%(objectname)%00%(upstream:track)%00%(upstream:remotename)%00%(upstream:remoteref) refs/heads/main refs/remotes/main [1ms]
2024-11-13 17:41:34.859 [info] > git status -z -uall [5ms]
2024-11-13 17:41:34.860 [info] > git for-each-ref --sort -committerdate --format %(refname) %(objectname) %(*objectname) [2ms]
2024-11-13 17:41:34.947 [info] > git ls-files --stage -- /home/lauri/Desktop/c++/Laksyt/tehtävä5.cpp [1ms]
2024-11-13 17:41:34.952 [info] > git cat-file -s 54ff875494a5ff01779558d0b559f5ca608583db [1ms]
2024-11-13 17:41:34.960 [info] > git show --textconv :tehtävä5.cpp [2ms]
2024-11-13 17:41:39.747 [info] > git ls-files --stage -- /home/lauri/Desktop/c++/Laksyt/tehtävä5.cpp [1ms]
2024-11-13 17:41:39.751 [info] > git cat-file -s 54ff875494a5ff01779558d0b559f5ca608583db [1ms]
2024-11-13 17:41:39.757 [info] > git show --textconv :tehtävä5.cpp [1ms]
2024-11-13 17:41:39.871 [info] > git config --get commit.template [4ms]
2024-11-13 17:41:39.872 [info] > git for-each-ref --format=%(refname)%00%(upstream:short)%00%(objectname)%00%(upstream:track)%00%(upstream:remotename)%00%(upstream:remoteref) refs/heads/main refs/remotes/main [1ms]
2024-11-13 17:41:39.880 [info] > git status -z -uall [4ms]
2024-11-13 17:41:39.880 [info] > git for-each-ref --sort -committerdate --format %(refname) %(objectname) %(*objectname) [1ms]
2024-11-13 17:41:39.887 [info] > git merge-base refs/heads/main refs/remotes/origin/main [1ms]
2024-11-13 17:41:39.892 [info] > git diff --name-status -z --diff-filter=ADMR a8587fbaab329290b98f8c89a524736d23be088c...refs/remotes/origin/main [1ms]
2024-11-13 17:41:42.361 [info] > git ls-files --stage -- /home/lauri/Desktop/c++/Laksyt/tehtävä4.cpp [1ms]
2024-11-13 17:41:42.395 [info] > git show --textconv :tehtävä4.cpp [40ms]
2024-11-13 17:41:42.396 [info] > git cat-file -s d247cb33c33adef2b4d0ecd6e05d595ec88e63b3 [32ms]
2024-11-13 17:41:43.434 [info] > git show --textconv :tehtävä5.cpp [4ms]
2024-11-13 17:41:43.435 [info] > git ls-files --stage -- /home/lauri/Desktop/c++/Laksyt/tehtävä5.cpp [1ms]
2024-11-13 17:41:43.439 [info] > git cat-file -s 54ff875494a5ff01779558d0b559f5ca608583db [1ms]
2024-11-13 17:41:47.319 [info] > git show --textconv :tehtävä3.cpp [4ms]
2024-11-13 17:41:47.320 [info] > git ls-files --stage -- /home/lauri/Desktop/c++/Laksyt/tehtävä3.cpp [1ms]
2024-11-13 17:41:47.324 [info] > git cat-file -s a20a8df2ef5ea4ba59ecdc87d578dd1bf3dc0979 [1ms]
2024-11-13 17:41:48.347 [info] > git show --textconv :tehtävä4.cpp [5ms]
2024-11-13 17:41:48.348 [info] > git ls-files --stage -- /home/lauri/Desktop/c++/Laksyt/tehtävä4.cpp [1ms]
2024-11-13 17:41:48.352 [info] > git cat-file -s d247cb33c33adef2b4d0ecd6e05d595ec88e63b3 [1ms]
2024-11-13 17:41:50.793 [info] > git show --textconv :tehtävä3.cpp [5ms]
2024-11-13 17:41:50.794 [info] > git ls-files --stage -- /home/lauri/Desktop/c++/Laksyt/tehtävä3.cpp [1ms]
2024-11-13 17:41:50.799 [info] > git cat-file -s a20a8df2ef5ea4ba59ecdc87d578dd1bf3dc0979 [1ms]
2024-11-13 17:41:51.729 [info] > git show --textconv :tehtävä5.cpp [4ms]
2024-11-13 17:41:51.729 [info] > git ls-files --stage -- /home/lauri/Desktop/c++/Laksyt/tehtävä5.cpp [1ms]
2024-11-13 17:41:51.735 [info] > git cat-file -s 54ff875494a5ff01779558d0b559f5ca608583db [0ms]
2024-11-13 17:42:18.289 [info] > git config --get commit.template [5ms]
2024-11-13 17:42:18.290 [info] > git for-each-ref --format=%(refname)%00%(upstream:short)%00%(objectname)%00%(upstream:track)%00%(upstream:remotename)%00%(upstream:remoteref) refs/heads/main refs/remotes/main [1ms]
2024-11-13 17:42:18.299 [info] > git status -z -uall [5ms]
2024-11-13 17:42:18.299 [info] > git for-each-ref --sort -committerdate --format %(refname) %(objectname) %(*objectname) [1ms]
2024-11-13 17:42:18.385 [info] > git ls-files --stage -- /home/lauri/Desktop/c++/Laksyt/tehtävä5.cpp [1ms]
2024-11-13 17:42:18.390 [info] > git cat-file -s 54ff875494a5ff01779558d0b559f5ca608583db [1ms]
2024-11-13 17:42:18.396 [info] > git show --textconv :tehtävä5.cpp [1ms]
2024-11-13 17:42:22.009 [info] > git ls-files --stage -- /home/lauri/Desktop/c++/Laksyt/tehtävä5.cpp [1ms]
2024-11-13 17:42:22.015 [info] > git cat-file -s d6cfb4cc6cb1bb6bdfbd30fe9b4fdc58d5172fd9 [1ms]
2024-11-13 17:42:22.021 [info] > git show --textconv :tehtävä5.cpp [1ms]
2024-11-13 17:42:23.311 [info] > git config --get commit.template [5ms]
2024-11-13 17:42:23.311 [info] > git for-each-ref --format=%(refname)%00%(upstream:short)%00%(objectname)%00%(upstream:track)%00%(upstream:remotename)%00%(upstream:remoteref) refs/heads/main refs/remotes/main [1ms]
2024-11-13 17:42:23.319 [info] > git status -z -uall [4ms]
2024-11-13 17:42:23.320 [info] > git for-each-ref --sort -committerdate --format %(refname) %(objectname) %(*objectname) [1ms]
2024-11-13 17:42:23.327 [info] > git merge-base refs/heads/main refs/remotes/origin/main [1ms]
2024-11-13 17:42:23.333 [info] > git diff --name-status -z --diff-filter=ADMR 1bdc608e01ac405e319c8ab9932310eda8d3ec19...refs/remotes/origin/main [2ms]
2024-11-13 17:42:31.047 [info] > git show --textconv :tehtävä5.cpp [5ms]
2024-11-13 17:42:31.047 [info] > git ls-files --stage -- /home/lauri/Desktop/c++/Laksyt/tehtävä5.cpp [1ms]
2024-11-13 17:42:31.052 [info] > git cat-file -s d6cfb4cc6cb1bb6bdfbd30fe9b4fdc58d5172fd9 [1ms]
2024-11-13 17:42:33.588 [info] > git show --textconv :tehtävä5.cpp [6ms]
2024-11-13 17:42:33.588 [info] > git ls-files --stage -- /home/lauri/Desktop/c++/Laksyt/tehtävä5.cpp [1ms]
2024-11-13 17:42:33.593 [info] > git cat-file -s d6cfb4cc6cb1bb6bdfbd30fe9b4fdc58d5172fd9 [1ms]
2024-11-13 17:43:06.833 [info] > git config --get commit.template [5ms]
2024-11-13 17:43:06.833 [info] > git for-each-ref --format=%(refname)%00%(upstream:short)%00%(objectname)%00%(upstream:track)%00%(upstream:remotename)%00%(upstream:remoteref) refs/heads/main refs/remotes/main [1ms]
2024-11-13 17:43:06.841 [info] > git status -z -uall [4ms]
2024-11-13 17:43:06.842 [info] > git for-each-ref --sort -committerdate --format %(refname) %(objectname) %(*objectname) [1ms]
2024-11-13 17:43:06.929 [info] > git ls-files --stage -- /home/lauri/Desktop/c++/Laksyt/tehtävä5.cpp [0ms]
2024-11-13 17:43:06.933 [info] > git cat-file -s d6cfb4cc6cb1bb6bdfbd30fe9b4fdc58d5172fd9 [1ms]
2024-11-13 17:43:06.939 [info] > git show --textconv :tehtävä5.cpp [1ms]
2024-11-13 17:43:15.671 [info] > git rev-parse --show-toplevel [4ms]
2024-11-13 17:43:15.671 [info] fatal: not a git repository (or any of the parent directories): .git
2024-11-13 17:43:19.365 [info] > git show --textconv :tehtävä6.cpp [5ms]
2024-11-13 17:43:19.366 [info] > git ls-files --stage -- /home/lauri/Desktop/c++/Laksyt/tehtävä6.cpp [0ms]
2024-11-13 17:43:19.653 [info] > git check-ignore -v -z --stdin [1ms]
2024-11-13 17:43:21.501 [info] > git config --get commit.template [6ms]
2024-11-13 17:43:21.502 [info] > git for-each-ref --format=%(refname)%00%(upstream:short)%00%(objectname)%00%(upstream:track)%00%(upstream:remotename)%00%(upstream:remoteref) refs/heads/main refs/remotes/main [1ms]
2024-11-13 17:43:21.510 [info] > git status -z -uall [4ms]
2024-11-13 17:43:21.511 [info] > git for-each-ref --sort -committerdate --format %(refname) %(objectname) %(*objectname) [1ms]
2024-11-13 17:43:44.272 [info] > git config --get commit.template [4ms]
2024-11-13 17:43:44.273 [info] > git for-each-ref --format=%(refname)%00%(upstream:short)%00%(objectname)%00%(upstream:track)%00%(upstream:remotename)%00%(upstream:remoteref) refs/heads/main refs/remotes/main [1ms]
2024-11-13 17:43:44.281 [info] > git status -z -uall [5ms]
2024-11-13 17:43:44.281 [info] > git for-each-ref --sort -committerdate --format %(refname) %(objectname) %(*objectname) [1ms]
2024-11-13 17:43:49.294 [info] > git config --get commit.template [4ms]
2024-11-13 17:43:49.295 [info] > git for-each-ref --format=%(refname)%00%(upstream:short)%00%(objectname)%00%(upstream:track)%00%(upstream:remotename)%00%(upstream:remoteref) refs/heads/main refs/remotes/main [1ms]
2024-11-13 17:43:49.303 [info] > git status -z -uall [4ms]
2024-11-13 17:43:49.304 [info] > git for-each-ref --sort -committerdate --format %(refname) %(objectname) %(*objectname) [1ms]
2024-11-13 17:43:54.317 [info] > git config --get commit.template [5ms]
2024-11-13 17:43:54.317 [info] > git for-each-ref --format=%(refname)%00%(upstream:short)%00%(objectname)%00%(upstream:track)%00%(upstream:remotename)%00%(upstream:remoteref) refs/heads/main refs/remotes/main [1ms]
2024-11-13 17:43:54.325 [info] > git status -z -uall [4ms]
2024-11-13 17:43:54.326 [info] > git for-each-ref --sort -committerdate --format %(refname) %(objectname) %(*objectname) [1ms]
2024-11-13 17:43:59.340 [info] > git config --get commit.template [5ms]
2024-11-13 17:43:59.340 [info] > git for-each-ref --format=%(refname)%00%(upstream:short)%00%(objectname)%00%(upstream:track)%00%(upstream:remotename)%00%(upstream:remoteref) refs/heads/main refs/remotes/main [1ms]
2024-11-13 17:43:59.349 [info] > git status -z -uall [5ms]
2024-11-13 17:43:59.350 [info] > git for-each-ref --sort -committerdate --format %(refname) %(objectname) %(*objectname) [2ms]
2024-11-13 17:44:04.362 [info] > git config --get commit.template [5ms]
2024-11-13 17:44:04.362 [info] > git for-each-ref --format=%(refname)%00%(upstream:short)%00%(objectname)%00%(upstream:track)%00%(upstream:remotename)%00%(upstream:remoteref) refs/heads/main refs/remotes/main [1ms]
2024-11-13 17:44:04.371 [info] > git status -z -uall [4ms]
2024-11-13 17:44:04.372 [info] > git for-each-ref --sort -committerdate --format %(refname) %(objectname) %(*objectname) [1ms]
2024-11-13 17:44:09.576 [info] > git config --get commit.template [5ms]
2024-11-13 17:44:09.577 [info] > git for-each-ref --format=%(refname)%00%(upstream:short)%00%(objectname)%00%(upstream:track)%00%(upstream:remotename)%00%(upstream:remoteref) refs/heads/main refs/remotes/main [2ms]
2024-11-13 17:44:09.585 [info] > git status -z -uall [4ms]
2024-11-13 17:44:09.586 [info] > git for-each-ref --sort -committerdate --format %(refname) %(objectname) %(*objectname) [1ms]
2024-11-13 17:44:14.598 [info] > git config --get commit.template [5ms]
2024-11-13 17:44:14.598 [info] > git for-each-ref --format=%(refname)%00%(upstream:short)%00%(objectname)%00%(upstream:track)%00%(upstream:remotename)%00%(upstream:remoteref) refs/heads/main refs/remotes/main [1ms]
2024-11-13 17:44:14.606 [info] > git status -z -uall [4ms]
2024-11-13 17:44:14.607 [info] > git for-each-ref --sort -committerdate --format %(refname) %(objectname) %(*objectname) [1ms]
2024-11-13 17:44:29.324 [info] > git config --get commit.template [5ms]
2024-11-13 17:44:29.325 [info] > git for-each-ref --format=%(refname)%00%(upstream:short)%00%(objectname)%00%(upstream:track)%00%(upstream:remotename)%00%(upstream:remoteref) refs/heads/main refs/remotes/main [2ms]
2024-11-13 17:44:29.335 [info] > git status -z -uall [5ms]
2024-11-13 17:44:29.336 [info] > git for-each-ref --sort -committerdate --format %(refname) %(objectname) %(*objectname) [1ms]
2024-11-13 17:44:33.391 [info] > git show --textconv :tehtävä5.cpp [6ms]
2024-11-13 17:44:33.391 [info] > git ls-files --stage -- /home/lauri/Desktop/c++/Laksyt/tehtävä5.cpp [1ms]
2024-11-13 17:44:33.397 [info] > git cat-file -s d6cfb4cc6cb1bb6bdfbd30fe9b4fdc58d5172fd9 [1ms]
