2024-11-08 16:25:13.660 [info] Uninstalling extension from the profile: ms-vscode.cpptools-extension-pack@1.3.0 vscode-userdata:/home/lauri/.vscode-oss/extensions/extensions.json
2024-11-08 16:25:13.660 [info] Uninstalling extension from the profile: ms-vscode.cmake-tools@1.19.52 vscode-userdata:/home/lauri/.vscode-oss/extensions/extensions.json
2024-11-08 16:25:13.660 [info] Uninstalling extension from the profile: twxs.cmake@0.0.17 vscode-userdata:/home/lauri/.vscode-oss/extensions/extensions.json
2024-11-08 16:25:13.667 [info] Extensions is already requested to uninstall ms-vscode.cmake-tools
2024-11-08 16:25:13.667 [info] Extensions is already requested to uninstall twxs.cmake
2024-11-08 16:25:13.667 [info] Extensions is already requested to uninstall twxs.cmake
2024-11-08 16:25:13.716 [info] Marked extension as uninstalled ms-vscode.cpptools-extension-pack-1.3.0
2024-11-08 16:25:13.804 [info] Marked extension as uninstalled ms-vscode.cmake-tools-1.19.52-universal
2024-11-08 16:25:13.881 [info] Marked extension as uninstalled twxs.cmake-0.0.17-universal
2024-11-08 16:25:14.262 [info] Successfully uninstalled extension from the profile ms-vscode.cpptools-extension-pack@1.3.0 vscode-userdata:/home/lauri/.vscode-oss/extensions/extensions.json
2024-11-08 16:25:14.262 [info] Successfully uninstalled extension from the profile ms-vscode.cmake-tools@1.19.52 vscode-userdata:/home/lauri/.vscode-oss/extensions/extensions.json
2024-11-08 16:25:14.262 [info] Successfully uninstalled extension from the profile twxs.cmake@0.0.17 vscode-userdata:/home/lauri/.vscode-oss/extensions/extensions.json
2024-11-08 16:25:31.178 [info] Getting Manifest... franneck94.vscode-c-cpp-dev-extension-pack
2024-11-08 16:25:31.800 [info] Installing extension: franneck94.vscode-c-cpp-dev-extension-pack {"isMachineScoped":false,"installPreReleaseVersion":false,"pinned":false,"profileLocation":{"$mid":1,"external":"vscode-userdata:/home/lauri/.vscode-oss/extensions/extensions.json","path":"/home/lauri/.vscode-oss/extensions/extensions.json","scheme":"vscode-userdata"},"installOnlyNewlyAddedFromExtensionPack":true,"isApplicationScoped":false,"productVersion":{"version":"1.95.1","date":"2024-11-07T15:03:24.438Z"}}
2024-11-08 16:25:32.000 [info] Getting Manifest... jeff-hykin.better-cpp-syntax
2024-11-08 16:25:32.345 [info] Getting Manifest... cheshirekow.cmake-format
2024-11-08 16:25:32.667 [info] Getting Manifest... bbenoist.doxygen
2024-11-08 16:25:32.874 [info] Getting Manifest... cschlosser.doxdocgen
2024-11-08 16:25:33.169 [info] Getting Manifest... twxs.cmake
2024-11-08 16:25:33.474 [info] Getting Manifest... vadimcn.vscode-lldb
2024-11-08 16:25:33.866 [info] Getting Manifest... franneck94.c-cpp-runner
2024-11-08 16:25:34.192 [info] Getting Manifest... franneck94.vscode-c-cpp-config
2024-11-08 16:25:34.506 [info] Getting Manifest... 13xforever.language-x86-64-assembly
2024-11-08 16:25:34.859 [info] Installing extension: jeff-hykin.better-cpp-syntax {"isMachineScoped":false,"installPreReleaseVersion":false,"pinned":false,"profileLocation":{"$mid":1,"external":"vscode-userdata:/home/lauri/.vscode-oss/extensions/extensions.json","path":"/home/lauri/.vscode-oss/extensions/extensions.json","scheme":"vscode-userdata"},"installOnlyNewlyAddedFromExtensionPack":true,"isApplicationScoped":false,"productVersion":{"version":"1.95.1","date":"2024-11-07T15:03:24.438Z"},"context":{"dependecyOrPackExtensionInstall":true}}
2024-11-08 16:25:34.859 [info] Installing extension: cheshirekow.cmake-format {"isMachineScoped":false,"installPreReleaseVersion":false,"pinned":false,"profileLocation":{"$mid":1,"external":"vscode-userdata:/home/lauri/.vscode-oss/extensions/extensions.json","path":"/home/lauri/.vscode-oss/extensions/extensions.json","scheme":"vscode-userdata"},"installOnlyNewlyAddedFromExtensionPack":true,"isApplicationScoped":false,"productVersion":{"version":"1.95.1","date":"2024-11-07T15:03:24.438Z"},"context":{"dependecyOrPackExtensionInstall":true}}
2024-11-08 16:25:34.859 [info] Installing extension: bbenoist.doxygen {"isMachineScoped":false,"installPreReleaseVersion":false,"pinned":false,"profileLocation":{"$mid":1,"external":"vscode-userdata:/home/lauri/.vscode-oss/extensions/extensions.json","path":"/home/lauri/.vscode-oss/extensions/extensions.json","scheme":"vscode-userdata"},"installOnlyNewlyAddedFromExtensionPack":true,"isApplicationScoped":false,"productVersion":{"version":"1.95.1","date":"2024-11-07T15:03:24.438Z"},"context":{"dependecyOrPackExtensionInstall":true}}
2024-11-08 16:25:34.860 [info] Installing extension: cschlosser.doxdocgen {"isMachineScoped":false,"installPreReleaseVersion":false,"pinned":false,"profileLocation":{"$mid":1,"external":"vscode-userdata:/home/lauri/.vscode-oss/extensions/extensions.json","path":"/home/lauri/.vscode-oss/extensions/extensions.json","scheme":"vscode-userdata"},"installOnlyNewlyAddedFromExtensionPack":true,"isApplicationScoped":false,"productVersion":{"version":"1.95.1","date":"2024-11-07T15:03:24.438Z"},"context":{"dependecyOrPackExtensionInstall":true}}
2024-11-08 16:25:34.860 [info] Installing extension: twxs.cmake {"isMachineScoped":false,"installPreReleaseVersion":false,"pinned":false,"profileLocation":{"$mid":1,"external":"vscode-userdata:/home/lauri/.vscode-oss/extensions/extensions.json","path":"/home/lauri/.vscode-oss/extensions/extensions.json","scheme":"vscode-userdata"},"installOnlyNewlyAddedFromExtensionPack":true,"isApplicationScoped":false,"productVersion":{"version":"1.95.1","date":"2024-11-07T15:03:24.438Z"},"context":{"dependecyOrPackExtensionInstall":true}}
2024-11-08 16:25:34.860 [info] Installing extension: vadimcn.vscode-lldb {"isMachineScoped":false,"installPreReleaseVersion":false,"pinned":false,"profileLocation":{"$mid":1,"external":"vscode-userdata:/home/lauri/.vscode-oss/extensions/extensions.json","path":"/home/lauri/.vscode-oss/extensions/extensions.json","scheme":"vscode-userdata"},"installOnlyNewlyAddedFromExtensionPack":true,"isApplicationScoped":false,"productVersion":{"version":"1.95.1","date":"2024-11-07T15:03:24.438Z"},"context":{"dependecyOrPackExtensionInstall":true}}
2024-11-08 16:25:34.860 [info] Installing extension: franneck94.c-cpp-runner {"isMachineScoped":false,"installPreReleaseVersion":false,"pinned":false,"profileLocation":{"$mid":1,"external":"vscode-userdata:/home/lauri/.vscode-oss/extensions/extensions.json","path":"/home/lauri/.vscode-oss/extensions/extensions.json","scheme":"vscode-userdata"},"installOnlyNewlyAddedFromExtensionPack":true,"isApplicationScoped":false,"productVersion":{"version":"1.95.1","date":"2024-11-07T15:03:24.438Z"},"context":{"dependecyOrPackExtensionInstall":true}}
2024-11-08 16:25:34.860 [info] Installing extension: franneck94.vscode-c-cpp-config {"isMachineScoped":false,"installPreReleaseVersion":false,"pinned":false,"profileLocation":{"$mid":1,"external":"vscode-userdata:/home/lauri/.vscode-oss/extensions/extensions.json","path":"/home/lauri/.vscode-oss/extensions/extensions.json","scheme":"vscode-userdata"},"installOnlyNewlyAddedFromExtensionPack":true,"isApplicationScoped":false,"productVersion":{"version":"1.95.1","date":"2024-11-07T15:03:24.438Z"},"context":{"dependecyOrPackExtensionInstall":true}}
2024-11-08 16:25:34.860 [info] Installing extension: 13xforever.language-x86-64-assembly {"isMachineScoped":false,"installPreReleaseVersion":false,"pinned":false,"profileLocation":{"$mid":1,"external":"vscode-userdata:/home/lauri/.vscode-oss/extensions/extensions.json","path":"/home/lauri/.vscode-oss/extensions/extensions.json","scheme":"vscode-userdata"},"installOnlyNewlyAddedFromExtensionPack":true,"isApplicationScoped":false,"productVersion":{"version":"1.95.1","date":"2024-11-07T15:03:24.438Z"},"context":{"dependecyOrPackExtensionInstall":true}}
2024-11-08 16:25:34.976 [info] Removed the extension from uninstalled list: twxs.cmake
2024-11-08 16:25:35.059 [error] [uncaught exception in sharedProcess]: Error: ENOENT: no such file or directory, stat '/home/lauri/.vscode-oss/extensions/extensions.json.vsctmp': EntryNotFound (FileSystemError): Error: ENOENT: no such file or directory, stat '/home/lauri/.vscode-oss/extensions/extensions.json.vsctmp'
    at um.create (file:///usr/share/vscodium/resources/app/out/vs/code/electron-utility/sharedProcess/sharedProcessMain.js:35:44058)
    at Ei (file:///usr/share/vscodium/resources/app/out/vs/code/electron-utility/sharedProcess/sharedProcessMain.js:35:44165)
    at Fn.toFileSystemProviderError (file:///usr/share/vscodium/resources/app/out/vs/code/electron-utility/sharedProcess/sharedProcessMain.js:71:28542)
    at Fn.stat (file:///usr/share/vscodium/resources/app/out/vs/code/electron-utility/sharedProcess/sharedProcessMain.js:71:20509)
    at async Zl.stat (file:///usr/share/vscodium/resources/app/out/vs/code/electron-utility/sharedProcess/sharedProcessMain.js:70:101684)
    at async Gl.onDidFilesChange (file:///usr/share/vscodium/resources/app/out/vs/code/electron-utility/sharedProcess/sharedProcessMain.js:70:79904)
2024-11-08 16:25:35.108 [info] Extracted extension to file:///home/lauri/.vscode-oss/extensions/franneck94.c-cpp-runner-9.4.7-universal: franneck94.c-cpp-runner
2024-11-08 16:25:35.168 [info] Renamed to /home/lauri/.vscode-oss/extensions/franneck94.c-cpp-runner-9.4.7-universal
2024-11-08 16:25:35.221 [info] Extracted extension to file:///home/lauri/.vscode-oss/extensions/franneck94.vscode-c-cpp-dev-extension-pack-0.10.0-universal: franneck94.vscode-c-cpp-dev-extension-pack
2024-11-08 16:25:35.291 [info] Renamed to /home/lauri/.vscode-oss/extensions/franneck94.vscode-c-cpp-dev-extension-pack-0.10.0-universal
2024-11-08 16:25:35.414 [info] Extracted extension to file:///home/lauri/.vscode-oss/extensions/13xforever.language-x86-64-assembly-3.1.4-universal: 13xforever.language-x86-64-assembly
2024-11-08 16:25:35.465 [info] Extracted extension to file:///home/lauri/.vscode-oss/extensions/bbenoist.doxygen-1.0.0-universal: bbenoist.doxygen
2024-11-08 16:25:35.508 [info] Renamed to /home/lauri/.vscode-oss/extensions/13xforever.language-x86-64-assembly-3.1.4-universal
2024-11-08 16:25:35.541 [info] Renamed to /home/lauri/.vscode-oss/extensions/bbenoist.doxygen-1.0.0-universal
2024-11-08 16:25:35.549 [info] Extracted extension to file:///home/lauri/.vscode-oss/extensions/vadimcn.vscode-lldb-1.11.1-universal: vadimcn.vscode-lldb
2024-11-08 16:25:35.626 [info] Renamed to /home/lauri/.vscode-oss/extensions/vadimcn.vscode-lldb-1.11.1-universal
2024-11-08 16:25:35.765 [info] Extracted extension to file:///home/lauri/.vscode-oss/extensions/cheshirekow.cmake-format-0.6.13-universal: cheshirekow.cmake-format
2024-11-08 16:25:35.837 [info] Renamed to /home/lauri/.vscode-oss/extensions/cheshirekow.cmake-format-0.6.13-universal
2024-11-08 16:25:35.842 [info] Extracted extension to file:///home/lauri/.vscode-oss/extensions/franneck94.vscode-c-cpp-config-6.0.0-universal: franneck94.vscode-c-cpp-config
2024-11-08 16:25:35.851 [info] Extracted extension to file:///home/lauri/.vscode-oss/extensions/jeff-hykin.better-cpp-syntax-1.27.1-universal: jeff-hykin.better-cpp-syntax
2024-11-08 16:25:35.915 [error] [uncaught exception in sharedProcess]: Error: ENOENT: no such file or directory, stat '/home/lauri/.vscode-oss/extensions/extensions.json.vsctmp': EntryNotFound (FileSystemError): Error: ENOENT: no such file or directory, stat '/home/lauri/.vscode-oss/extensions/extensions.json.vsctmp'
    at um.create (file:///usr/share/vscodium/resources/app/out/vs/code/electron-utility/sharedProcess/sharedProcessMain.js:35:44058)
    at Ei (file:///usr/share/vscodium/resources/app/out/vs/code/electron-utility/sharedProcess/sharedProcessMain.js:35:44165)
    at Fn.toFileSystemProviderError (file:///usr/share/vscodium/resources/app/out/vs/code/electron-utility/sharedProcess/sharedProcessMain.js:71:28542)
    at Fn.stat (file:///usr/share/vscodium/resources/app/out/vs/code/electron-utility/sharedProcess/sharedProcessMain.js:71:20509)
    at async Zl.stat (file:///usr/share/vscodium/resources/app/out/vs/code/electron-utility/sharedProcess/sharedProcessMain.js:70:101684)
    at async Gl.onDidFilesChange (file:///usr/share/vscodium/resources/app/out/vs/code/electron-utility/sharedProcess/sharedProcessMain.js:70:79904)
2024-11-08 16:25:35.921 [info] Renamed to /home/lauri/.vscode-oss/extensions/franneck94.vscode-c-cpp-config-6.0.0-universal
2024-11-08 16:25:35.921 [info] Renamed to /home/lauri/.vscode-oss/extensions/jeff-hykin.better-cpp-syntax-1.27.1-universal
2024-11-08 16:25:38.731 [info] Extracted extension to file:///home/lauri/.vscode-oss/extensions/cschlosser.doxdocgen-1.4.0-universal: cschlosser.doxdocgen
2024-11-08 16:25:38.775 [info] Renamed to /home/lauri/.vscode-oss/extensions/cschlosser.doxdocgen-1.4.0-universal
2024-11-08 16:25:38.822 [info] Extension installed successfully: twxs.cmake vscode-userdata:/home/lauri/.vscode-oss/extensions/extensions.json
2024-11-08 16:25:38.822 [info] Extension installed successfully: franneck94.c-cpp-runner vscode-userdata:/home/lauri/.vscode-oss/extensions/extensions.json
2024-11-08 16:25:38.823 [info] Extension installed successfully: franneck94.vscode-c-cpp-dev-extension-pack vscode-userdata:/home/lauri/.vscode-oss/extensions/extensions.json
2024-11-08 16:25:38.823 [info] Extension installed successfully: 13xforever.language-x86-64-assembly vscode-userdata:/home/lauri/.vscode-oss/extensions/extensions.json
2024-11-08 16:25:38.823 [info] Extension installed successfully: bbenoist.doxygen vscode-userdata:/home/lauri/.vscode-oss/extensions/extensions.json
2024-11-08 16:25:38.823 [info] Extension installed successfully: vadimcn.vscode-lldb vscode-userdata:/home/lauri/.vscode-oss/extensions/extensions.json
2024-11-08 16:25:38.823 [info] Extension installed successfully: cheshirekow.cmake-format vscode-userdata:/home/lauri/.vscode-oss/extensions/extensions.json
2024-11-08 16:25:38.823 [info] Extension installed successfully: franneck94.vscode-c-cpp-config vscode-userdata:/home/lauri/.vscode-oss/extensions/extensions.json
2024-11-08 16:25:38.823 [info] Extension installed successfully: jeff-hykin.better-cpp-syntax vscode-userdata:/home/lauri/.vscode-oss/extensions/extensions.json
2024-11-08 16:25:38.823 [info] Extension installed successfully: cschlosser.doxdocgen vscode-userdata:/home/lauri/.vscode-oss/extensions/extensions.json
2024-11-08 16:25:38.854 [error] [uncaught exception in sharedProcess]: Error: ENOENT: no such file or directory, stat '/home/lauri/.vscode-oss/extensions/extensions.json.vsctmp': EntryNotFound (FileSystemError): Error: ENOENT: no such file or directory, stat '/home/lauri/.vscode-oss/extensions/extensions.json.vsctmp'
    at um.create (file:///usr/share/vscodium/resources/app/out/vs/code/electron-utility/sharedProcess/sharedProcessMain.js:35:44058)
    at Ei (file:///usr/share/vscodium/resources/app/out/vs/code/electron-utility/sharedProcess/sharedProcessMain.js:35:44165)
    at Fn.toFileSystemProviderError (file:///usr/share/vscodium/resources/app/out/vs/code/electron-utility/sharedProcess/sharedProcessMain.js:71:28542)
    at Fn.stat (file:///usr/share/vscodium/resources/app/out/vs/code/electron-utility/sharedProcess/sharedProcessMain.js:71:20509)
    at async Zl.stat (file:///usr/share/vscodium/resources/app/out/vs/code/electron-utility/sharedProcess/sharedProcessMain.js:70:101684)
    at async Gl.onDidFilesChange (file:///usr/share/vscodium/resources/app/out/vs/code/electron-utility/sharedProcess/sharedProcessMain.js:70:79904)
