2024-06-21 11:40:07.112 [info] /home/lauri/.config/Code - OSS/User/settings.json closed
2024-06-21 11:40:07.119 [info] Configuration changed
2024-06-21 11:40:07.207 [info] /home/lauri/.config/Code - OSS/User/settings.json closed
2024-06-21 11:40:07.219 [info] Configuration changed
2024-06-21 11:40:07.528 [info] /home/lauri/.config/Code - OSS/User/settings.json closed
2024-06-21 11:40:07.545 [info] Configuration changed
2024-06-21 11:43:18.892 [info] /home/lauri/Desktop/website/index.html closed
2024-06-21 11:43:59.628 [info] Configuration changed
2024-06-21 11:44:11.670 [info] Active editor: file:///home/lauri/Desktop/coding/c%2B%2B/tic-tac-toe.cpp
2024-06-21 11:44:12.357 [info] Configuration changed
2024-06-21 11:44:12.483 [info] Configuration changed
2024-06-21 12:08:18.894 [info] Active editor: output:extension-output-formulahendry.code-runner-%231-Code
2024-06-21 12:08:22.810 [info] Active editor: file:///home/lauri/Desktop/coding/c%2B%2B/tic-tac-toe.cpp
2024-06-21 12:08:45.622 [info] Executing :w
2024-06-21 12:08:54.506 [info] Active editor: output:extension-output-formulahendry.code-runner-%231-Code
2024-06-21 12:09:15.107 [info] Active editor: file:///home/lauri/Desktop/coding/c%2B%2B/tic-tac-toe.cpp
2024-06-21 12:09:15.166 [info] extension-output-formulahendry.code-runner-#1-Code closed
2024-06-21 12:09:28.980 [info] Executing :wq
2024-06-21 12:09:28.999 [info] /home/lauri/Desktop/coding/c++/tic-tac-toe.cpp closed
2024-06-21 12:09:29.000 [warning] getLineLength() called with out-of-bounds line 20
2024-06-21 12:09:29.000 [warning] getLineLength() called with out-of-bounds line 20
