2024-11-04 19:42:11.343 [info] [main] Log level: Info
2024-11-04 19:42:11.343 [info] [main] Validating found git in: "git"
2024-11-04 19:42:11.343 [info] [main] Using git "2.47.0" from "git"
2024-11-04 19:42:11.343 [info] [Model][doInitialScan] Initial repository scan started
2024-11-04 19:42:11.343 [info] > git rev-parse --show-toplevel [3ms]
2024-11-04 19:42:11.343 [info] > git rev-parse --git-dir --git-common-dir [4ms]
2024-11-04 19:42:11.343 [info] [Model][openRepository] Opened repository: /home/lauri/Desktop/coding
2024-11-04 19:42:11.344 [info] > git rev-parse --show-toplevel [7ms]
2024-11-04 19:42:11.344 [info] > git config --get commit.template [13ms]
2024-11-04 19:42:11.356 [info] > git rev-parse --show-toplevel [7ms]
2024-11-04 19:42:11.361 [info] > git for-each-ref --format=%(refname)%00%(upstream:short)%00%(objectname)%00%(upstream:track)%00%(upstream:remotename)%00%(upstream:remoteref) refs/heads/main refs/remotes/main [6ms]
2024-11-04 19:42:11.362 [info] > git rev-parse --show-toplevel [2ms]
2024-11-04 19:42:11.362 [info] [Model][doInitialScan] Initial repository scan completed - repositories (1), closed repositories (0), parent repositories (0), unsafe repositories (0)
2024-11-04 19:42:11.372 [info] > git status -z -uall [5ms]
2024-11-04 19:42:11.372 [info] > git for-each-ref --sort -committerdate --format %(refname) %(objectname) %(*objectname) [1ms]
2024-11-04 19:42:11.385 [info] > git for-each-ref --format=%(refname)%00%(upstream:short)%00%(objectname)%00%(upstream:track)%00%(upstream:remotename)%00%(upstream:remoteref) refs/heads/main refs/remotes/main [6ms]
2024-11-04 19:42:11.392 [info] > git config --local branch.main.vscode-merge-base [1ms]
2024-11-04 19:42:11.392 [warning] [Git][config] git config failed: Failed to execute git
2024-11-04 19:42:11.397 [info] > git config --get commit.template [12ms]
2024-11-04 19:42:11.402 [info] > git reflog main --grep-reflog=branch: Created from *. [5ms]
2024-11-04 19:42:11.430 [info] > git symbolic-ref --short refs/remotes/origin/HEAD [24ms]
2024-11-04 19:42:11.430 [info] fatal: ref refs/remotes/origin/HEAD is not a symbolic ref
2024-11-04 19:42:11.430 [warning] [Repository][getDefaultBranch] Failed to get default branch details: Failed to execute git.
2024-11-04 19:42:11.442 [info] > git for-each-ref --format=%(refname)%00%(upstream:short)%00%(objectname)%00%(upstream:track)%00%(upstream:remotename)%00%(upstream:remoteref) refs/heads/main refs/remotes/main [40ms]
2024-11-04 19:42:11.445 [info] > git merge-base refs/heads/main refs/remotes/origin/main [9ms]
2024-11-04 19:42:11.466 [info] > git diff --name-status -z --diff-filter=ADMR f2590d84d8e45b4dcf0757b2c7579eef43f62f67...refs/remotes/origin/main [15ms]
2024-11-04 19:42:11.466 [info] > git status -z -uall [10ms]
2024-11-04 19:42:11.466 [info] > git for-each-ref --sort -committerdate --format %(refname) %(objectname) %(*objectname) [4ms]
2024-11-04 19:42:11.846 [info] > git check-ignore -v -z --stdin [1ms]
2024-11-04 19:42:12.878 [info] > git config --get commit.template [4ms]
2024-11-04 19:42:12.879 [info] > git for-each-ref --format=%(refname)%00%(upstream:short)%00%(objectname)%00%(upstream:track)%00%(upstream:remotename)%00%(upstream:remoteref) refs/heads/main refs/remotes/main [1ms]
2024-11-04 19:42:12.888 [info] > git status -z -uall [5ms]
2024-11-04 19:42:12.889 [info] > git for-each-ref --sort -committerdate --format %(refname) %(objectname) %(*objectname) [2ms]
2024-11-04 19:44:34.309 [info] > git log --format=%H%n%aN%n%aE%n%at%n%ct%n%P%n%D%n%B -z --shortstat --diff-merges=first-parent -n50 --skip=0 --topo-order --decorate=full --stdin [319ms]
2024-11-04 19:44:34.553 [info] > git check-ignore -v -z --stdin [1ms]
2024-11-04 19:46:24.045 [info] > git check-ignore -v -z --stdin [1ms]
2024-11-04 19:46:25.289 [info] > git show --textconv :c++/main.cpp [5ms]
2024-11-04 19:46:25.290 [info] > git ls-files --stage -- /home/lauri/Desktop/coding/c++/main.cpp [1ms]
2024-11-04 19:46:25.296 [info] > git cat-file -s 7f42da233d4418a026d8092b43424d9eb79e76a5 [1ms]
2024-11-04 19:47:18.403 [info] > git show --textconv :c++/main.cpp [4ms]
2024-11-04 19:47:18.404 [info] > git ls-files --stage -- /home/lauri/Desktop/coding/c++/main.cpp [0ms]
2024-11-04 19:47:18.408 [info] > git cat-file -s 7f42da233d4418a026d8092b43424d9eb79e76a5 [1ms]
2024-11-04 19:47:31.025 [info] > git config --get commit.template [4ms]
2024-11-04 19:47:31.026 [info] > git for-each-ref --format=%(refname)%00%(upstream:short)%00%(objectname)%00%(upstream:track)%00%(upstream:remotename)%00%(upstream:remoteref) refs/heads/main refs/remotes/main [1ms]
2024-11-04 19:47:31.034 [info] > git status -z -uall [4ms]
2024-11-04 19:47:31.035 [info] > git for-each-ref --sort -committerdate --format %(refname) %(objectname) %(*objectname) [1ms]
2024-11-04 19:47:31.122 [info] > git ls-files --stage -- /home/lauri/Desktop/coding/c++/main.cpp [1ms]
2024-11-04 19:47:31.127 [info] > git cat-file -s 7f42da233d4418a026d8092b43424d9eb79e76a5 [1ms]
2024-11-04 19:47:31.132 [info] > git show --textconv :c++/main.cpp [1ms]
2024-11-04 19:47:56.860 [info] > git config --get commit.template [5ms]
2024-11-04 19:47:56.861 [info] > git for-each-ref --format=%(refname)%00%(upstream:short)%00%(objectname)%00%(upstream:track)%00%(upstream:remotename)%00%(upstream:remoteref) refs/heads/main refs/remotes/main [1ms]
2024-11-04 19:47:56.869 [info] > git status -z -uall [5ms]
2024-11-04 19:47:56.869 [info] > git for-each-ref --sort -committerdate --format %(refname) %(objectname) %(*objectname) [1ms]
2024-11-04 19:48:04.504 [info] > git config --get commit.template [5ms]
2024-11-04 19:48:04.505 [info] > git for-each-ref --format=%(refname)%00%(upstream:short)%00%(objectname)%00%(upstream:track)%00%(upstream:remotename)%00%(upstream:remoteref) refs/heads/main refs/remotes/main [1ms]
2024-11-04 19:48:04.514 [info] > git status -z -uall [5ms]
2024-11-04 19:48:04.514 [info] > git for-each-ref --sort -committerdate --format %(refname) %(objectname) %(*objectname) [1ms]
2024-11-04 19:48:13.634 [info] > git config --get commit.template [5ms]
2024-11-04 19:48:13.635 [info] > git for-each-ref --format=%(refname)%00%(upstream:short)%00%(objectname)%00%(upstream:track)%00%(upstream:remotename)%00%(upstream:remoteref) refs/heads/main refs/remotes/main [1ms]
2024-11-04 19:48:13.643 [info] > git status -z -uall [4ms]
2024-11-04 19:48:13.643 [info] > git for-each-ref --sort -committerdate --format %(refname) %(objectname) %(*objectname) [1ms]
2024-11-04 19:49:04.442 [info] > git config --get commit.template [4ms]
2024-11-04 19:49:04.442 [info] > git for-each-ref --format=%(refname)%00%(upstream:short)%00%(objectname)%00%(upstream:track)%00%(upstream:remotename)%00%(upstream:remoteref) refs/heads/main refs/remotes/main [1ms]
2024-11-04 19:49:04.450 [info] > git status -z -uall [4ms]
2024-11-04 19:49:04.451 [info] > git for-each-ref --sort -committerdate --format %(refname) %(objectname) %(*objectname) [1ms]
2024-11-04 19:49:09.469 [info] > git config --get commit.template [7ms]
2024-11-04 19:49:09.469 [info] > git for-each-ref --format=%(refname)%00%(upstream:short)%00%(objectname)%00%(upstream:track)%00%(upstream:remotename)%00%(upstream:remoteref) refs/heads/main refs/remotes/main [1ms]
2024-11-04 19:49:09.487 [info] > git status -z -uall [9ms]
2024-11-04 19:49:09.487 [info] > git for-each-ref --sort -committerdate --format %(refname) %(objectname) %(*objectname) [1ms]
2024-11-04 19:50:18.697 [info] > git config --get commit.template [4ms]
2024-11-04 19:50:18.698 [info] > git for-each-ref --format=%(refname)%00%(upstream:short)%00%(objectname)%00%(upstream:track)%00%(upstream:remotename)%00%(upstream:remoteref) refs/heads/main refs/remotes/main [1ms]
2024-11-04 19:50:18.706 [info] > git status -z -uall [4ms]
2024-11-04 19:50:18.707 [info] > git for-each-ref --sort -committerdate --format %(refname) %(objectname) %(*objectname) [1ms]
2024-11-04 19:50:26.160 [info] > git config --get commit.template [5ms]
2024-11-04 19:50:26.161 [info] > git for-each-ref --format=%(refname)%00%(upstream:short)%00%(objectname)%00%(upstream:track)%00%(upstream:remotename)%00%(upstream:remoteref) refs/heads/main refs/remotes/main [1ms]
2024-11-04 19:50:26.170 [info] > git status -z -uall [5ms]
2024-11-04 19:50:26.170 [info] > git for-each-ref --sort -committerdate --format %(refname) %(objectname) %(*objectname) [1ms]
2024-11-04 19:51:11.525 [info] > git config --get commit.template [4ms]
2024-11-04 19:51:11.526 [info] > git for-each-ref --format=%(refname)%00%(upstream:short)%00%(objectname)%00%(upstream:track)%00%(upstream:remotename)%00%(upstream:remoteref) refs/heads/main refs/remotes/main [1ms]
2024-11-04 19:51:11.535 [info] > git status -z -uall [5ms]
2024-11-04 19:51:11.535 [info] > git for-each-ref --sort -committerdate --format %(refname) %(objectname) %(*objectname) [1ms]
2024-11-04 19:51:16.550 [info] > git config --get commit.template [4ms]
2024-11-04 19:51:16.551 [info] > git for-each-ref --format=%(refname)%00%(upstream:short)%00%(objectname)%00%(upstream:track)%00%(upstream:remotename)%00%(upstream:remoteref) refs/heads/main refs/remotes/main [1ms]
2024-11-04 19:51:16.559 [info] > git status -z -uall [4ms]
2024-11-04 19:51:16.559 [info] > git for-each-ref --sort -committerdate --format %(refname) %(objectname) %(*objectname) [0ms]
2024-11-04 19:53:39.939 [info] > git config --get commit.template [4ms]
2024-11-04 19:53:39.939 [info] > git for-each-ref --format=%(refname)%00%(upstream:short)%00%(objectname)%00%(upstream:track)%00%(upstream:remotename)%00%(upstream:remoteref) refs/heads/main refs/remotes/main [1ms]
2024-11-04 19:53:39.949 [info] > git status -z -uall [6ms]
2024-11-04 19:53:39.950 [info] > git for-each-ref --sort -committerdate --format %(refname) %(objectname) %(*objectname) [1ms]
