2024-11-08 20:55:30.217 [info] Extension host with pid 399120 started
2024-11-08 20:55:30.217 [info] Skipping acquiring lock for /home/lauri/.config/VSCodium/User/workspaceStorage/6eb1115a68f9708ed7b76972aad6f275.
2024-11-08 20:55:30.329 [info] ExtensionService#_doActivateExtension vscode.emmet, startup: false, activationEvent: 'onLanguage'
2024-11-08 20:55:30.518 [info] ExtensionService#_doActivateExtension cschlosser.doxdocgen, startup: false, activationEvent: 'onLanguage:cpp'
2024-11-08 20:55:30.795 [info] ExtensionService#_doActivateExtension vadimcn.vscode-lldb, startup: false, activationEvent: 'onLanguage:cpp', root cause: franneck94.c-cpp-runner
2024-11-08 20:55:30.864 [info] ExtensionService#_doActivateExtension franneck94.c-cpp-runner, startup: false, activationEvent: 'onLanguage:cpp'
2024-11-08 20:55:31.357 [info] ExtensionService#_doActivateExtension vscode.git-base, startup: true, activationEvent: '*', root cause: vscode.git
2024-11-08 20:55:31.557 [info] ExtensionService#_doActivateExtension pixl-garden.BongoCat, startup: true, activationEvent: '*'
2024-11-08 20:55:31.700 [info] ExtensionService#_doActivateExtension vscode.git, startup: true, activationEvent: '*'
2024-11-08 20:55:31.809 [info] ExtensionService#_doActivateExtension vscode.github, startup: true, activationEvent: '*'
2024-11-08 20:55:31.980 [info] Eager extensions activated
2024-11-08 20:55:31.995 [info] ExtensionService#_doActivateExtension vscode.debug-auto-launch, startup: false, activationEvent: 'onStartupFinished'
2024-11-08 20:55:32.064 [info] ExtensionService#_doActivateExtension vscode.merge-conflict, startup: false, activationEvent: 'onStartupFinished'
2024-11-08 20:55:32.118 [info] ExtensionService#_doActivateExtension Catppuccin.catppuccin-vsc, startup: false, activationEvent: 'onStartupFinished'
2024-11-08 20:55:32.163 [info] ExtensionService#_doActivateExtension formulahendry.code-runner, startup: false, activationEvent: 'onStartupFinished'
2024-11-08 20:55:32.966 [info] ExtensionService#_doActivateExtension franneck94.vscode-c-cpp-config, startup: false, activationEvent: 'onStartupFinished'
2024-11-08 20:55:32.983 [info] ExtensionService#_doActivateExtension vscodevim.vim, startup: false, activationEvent: 'onStartupFinished'
2024-11-08 20:55:34.094 [info] ExtensionService#_doActivateExtension vscode.github-authentication, startup: false, activationEvent: 'onAuthenticationRequest:github'
2024-11-08 20:58:16.795 [info] ExtensionService#_doActivateExtension vscode.configuration-editing, startup: false, activationEvent: 'onLanguage:jsonc'
2024-11-08 20:58:16.841 [info] ExtensionService#_doActivateExtension vscode.json-language-features, startup: false, activationEvent: 'onLanguage:jsonc'
2024-11-08 20:58:17.019 [info] ExtensionService#_doActivateExtension vscode.typescript-language-features, startup: false, activationEvent: 'onLanguage:jsonc'
2024-11-08 20:58:36.603 [error] Error: [ExtensionListenerError] Extension 'cschlosser.doxdocgen' FAILED to handle event: Error: Illegal value for `line`
	at mh.value (file:///usr/share/vscodium/resources/app/out/vs/workbench/api/node/extensionHostProcess.js:156:40286)
	at I._deliver (file:///usr/share/vscodium/resources/app/out/vs/workbench/api/node/extensionHostProcess.js:29:922)
	at I._deliverQueue (file:///usr/share/vscodium/resources/app/out/vs/workbench/api/node/extensionHostProcess.js:29:1013)
	at I.fire (file:///usr/share/vscodium/resources/app/out/vs/workbench/api/node/extensionHostProcess.js:29:1349)
	at uU.$acceptModelChanged (file:///usr/share/vscodium/resources/app/out/vs/workbench/api/node/extensionHostProcess.js:137:115995)
	at py._doInvokeHandler (file:///usr/share/vscodium/resources/app/out/vs/workbench/api/node/extensionHostProcess.js:31:122466)
	at py._invokeHandler (file:///usr/share/vscodium/resources/app/out/vs/workbench/api/node/extensionHostProcess.js:31:122210)
	at py._receiveRequest (file:///usr/share/vscodium/resources/app/out/vs/workbench/api/node/extensionHostProcess.js:31:120976)
	at py._receiveOneMessage (file:///usr/share/vscodium/resources/app/out/vs/workbench/api/node/extensionHostProcess.js:31:119802)
	at mh.value (file:///usr/share/vscodium/resources/app/out/vs/workbench/api/node/extensionHostProcess.js:31:117901)
	at I._deliver (file:///usr/share/vscodium/resources/app/out/vs/workbench/api/node/extensionHostProcess.js:29:922)
	at I.fire (file:///usr/share/vscodium/resources/app/out/vs/workbench/api/node/extensionHostProcess.js:29:1242)
	at jn.fire (file:///usr/share/vscodium/resources/app/out/vs/workbench/api/node/extensionHostProcess.js:31:10940)
	at mh.value (file:///usr/share/vscodium/resources/app/out/vs/workbench/api/node/extensionHostProcess.js:174:14465)
	at I._deliver (file:///usr/share/vscodium/resources/app/out/vs/workbench/api/node/extensionHostProcess.js:29:922)
	at I.fire (file:///usr/share/vscodium/resources/app/out/vs/workbench/api/node/extensionHostProcess.js:29:1242)
	at jn.fire (file:///usr/share/vscodium/resources/app/out/vs/workbench/api/node/extensionHostProcess.js:31:10940)
	at MessagePortMain.<anonymous> (file:///usr/share/vscodium/resources/app/out/vs/workbench/api/node/extensionHostProcess.js:174:12676)
	at MessagePortMain.emit (node:events:519:28)
	at MessagePortMain._internalPort.emit (node:electron/js2c/utility_init:2:2949)
2024-11-08 20:58:37.241 [error] Error: [ExtensionListenerError] Extension 'cschlosser.doxdocgen' FAILED to handle event: Error: Illegal value for `line`
	at mh.value (file:///usr/share/vscodium/resources/app/out/vs/workbench/api/node/extensionHostProcess.js:156:40286)
	at I._deliver (file:///usr/share/vscodium/resources/app/out/vs/workbench/api/node/extensionHostProcess.js:29:922)
	at I._deliverQueue (file:///usr/share/vscodium/resources/app/out/vs/workbench/api/node/extensionHostProcess.js:29:1013)
	at I.fire (file:///usr/share/vscodium/resources/app/out/vs/workbench/api/node/extensionHostProcess.js:29:1349)
	at uU.$acceptModelChanged (file:///usr/share/vscodium/resources/app/out/vs/workbench/api/node/extensionHostProcess.js:137:115995)
	at py._doInvokeHandler (file:///usr/share/vscodium/resources/app/out/vs/workbench/api/node/extensionHostProcess.js:31:122466)
	at py._invokeHandler (file:///usr/share/vscodium/resources/app/out/vs/workbench/api/node/extensionHostProcess.js:31:122210)
	at py._receiveRequest (file:///usr/share/vscodium/resources/app/out/vs/workbench/api/node/extensionHostProcess.js:31:120976)
	at py._receiveOneMessage (file:///usr/share/vscodium/resources/app/out/vs/workbench/api/node/extensionHostProcess.js:31:119802)
	at mh.value (file:///usr/share/vscodium/resources/app/out/vs/workbench/api/node/extensionHostProcess.js:31:117901)
	at I._deliver (file:///usr/share/vscodium/resources/app/out/vs/workbench/api/node/extensionHostProcess.js:29:922)
	at I.fire (file:///usr/share/vscodium/resources/app/out/vs/workbench/api/node/extensionHostProcess.js:29:1242)
	at jn.fire (file:///usr/share/vscodium/resources/app/out/vs/workbench/api/node/extensionHostProcess.js:31:10940)
	at mh.value (file:///usr/share/vscodium/resources/app/out/vs/workbench/api/node/extensionHostProcess.js:174:14465)
	at I._deliver (file:///usr/share/vscodium/resources/app/out/vs/workbench/api/node/extensionHostProcess.js:29:922)
	at I.fire (file:///usr/share/vscodium/resources/app/out/vs/workbench/api/node/extensionHostProcess.js:29:1242)
	at jn.fire (file:///usr/share/vscodium/resources/app/out/vs/workbench/api/node/extensionHostProcess.js:31:10940)
	at MessagePortMain.<anonymous> (file:///usr/share/vscodium/resources/app/out/vs/workbench/api/node/extensionHostProcess.js:174:12676)
	at MessagePortMain.emit (node:events:519:28)
	at MessagePortMain._internalPort.emit (node:electron/js2c/utility_init:2:2949)
2024-11-08 20:58:37.322 [error] Error: [ExtensionListenerError] Extension 'cschlosser.doxdocgen' FAILED to handle event: Error: Illegal value for `line`
	at mh.value (file:///usr/share/vscodium/resources/app/out/vs/workbench/api/node/extensionHostProcess.js:156:40286)
	at I._deliver (file:///usr/share/vscodium/resources/app/out/vs/workbench/api/node/extensionHostProcess.js:29:922)
	at I._deliverQueue (file:///usr/share/vscodium/resources/app/out/vs/workbench/api/node/extensionHostProcess.js:29:1013)
	at I.fire (file:///usr/share/vscodium/resources/app/out/vs/workbench/api/node/extensionHostProcess.js:29:1349)
	at uU.$acceptModelChanged (file:///usr/share/vscodium/resources/app/out/vs/workbench/api/node/extensionHostProcess.js:137:115995)
	at py._doInvokeHandler (file:///usr/share/vscodium/resources/app/out/vs/workbench/api/node/extensionHostProcess.js:31:122466)
	at py._invokeHandler (file:///usr/share/vscodium/resources/app/out/vs/workbench/api/node/extensionHostProcess.js:31:122210)
	at py._receiveRequest (file:///usr/share/vscodium/resources/app/out/vs/workbench/api/node/extensionHostProcess.js:31:120976)
	at py._receiveOneMessage (file:///usr/share/vscodium/resources/app/out/vs/workbench/api/node/extensionHostProcess.js:31:119802)
	at mh.value (file:///usr/share/vscodium/resources/app/out/vs/workbench/api/node/extensionHostProcess.js:31:117901)
	at I._deliver (file:///usr/share/vscodium/resources/app/out/vs/workbench/api/node/extensionHostProcess.js:29:922)
	at I.fire (file:///usr/share/vscodium/resources/app/out/vs/workbench/api/node/extensionHostProcess.js:29:1242)
	at jn.fire (file:///usr/share/vscodium/resources/app/out/vs/workbench/api/node/extensionHostProcess.js:31:10940)
	at mh.value (file:///usr/share/vscodium/resources/app/out/vs/workbench/api/node/extensionHostProcess.js:174:14465)
	at I._deliver (file:///usr/share/vscodium/resources/app/out/vs/workbench/api/node/extensionHostProcess.js:29:922)
	at I.fire (file:///usr/share/vscodium/resources/app/out/vs/workbench/api/node/extensionHostProcess.js:29:1242)
	at jn.fire (file:///usr/share/vscodium/resources/app/out/vs/workbench/api/node/extensionHostProcess.js:31:10940)
	at MessagePortMain.<anonymous> (file:///usr/share/vscodium/resources/app/out/vs/workbench/api/node/extensionHostProcess.js:174:12676)
	at MessagePortMain.emit (node:events:519:28)
	at MessagePortMain._internalPort.emit (node:electron/js2c/utility_init:2:2949)
2024-11-08 20:58:37.400 [error] Error: [ExtensionListenerError] Extension 'cschlosser.doxdocgen' FAILED to handle event: Error: Illegal value for `line`
	at mh.value (file:///usr/share/vscodium/resources/app/out/vs/workbench/api/node/extensionHostProcess.js:156:40286)
	at I._deliver (file:///usr/share/vscodium/resources/app/out/vs/workbench/api/node/extensionHostProcess.js:29:922)
	at I._deliverQueue (file:///usr/share/vscodium/resources/app/out/vs/workbench/api/node/extensionHostProcess.js:29:1013)
	at I.fire (file:///usr/share/vscodium/resources/app/out/vs/workbench/api/node/extensionHostProcess.js:29:1349)
	at uU.$acceptModelChanged (file:///usr/share/vscodium/resources/app/out/vs/workbench/api/node/extensionHostProcess.js:137:115995)
	at py._doInvokeHandler (file:///usr/share/vscodium/resources/app/out/vs/workbench/api/node/extensionHostProcess.js:31:122466)
	at py._invokeHandler (file:///usr/share/vscodium/resources/app/out/vs/workbench/api/node/extensionHostProcess.js:31:122210)
	at py._receiveRequest (file:///usr/share/vscodium/resources/app/out/vs/workbench/api/node/extensionHostProcess.js:31:120976)
	at py._receiveOneMessage (file:///usr/share/vscodium/resources/app/out/vs/workbench/api/node/extensionHostProcess.js:31:119802)
	at mh.value (file:///usr/share/vscodium/resources/app/out/vs/workbench/api/node/extensionHostProcess.js:31:117901)
	at I._deliver (file:///usr/share/vscodium/resources/app/out/vs/workbench/api/node/extensionHostProcess.js:29:922)
	at I.fire (file:///usr/share/vscodium/resources/app/out/vs/workbench/api/node/extensionHostProcess.js:29:1242)
	at jn.fire (file:///usr/share/vscodium/resources/app/out/vs/workbench/api/node/extensionHostProcess.js:31:10940)
	at mh.value (file:///usr/share/vscodium/resources/app/out/vs/workbench/api/node/extensionHostProcess.js:174:14465)
	at I._deliver (file:///usr/share/vscodium/resources/app/out/vs/workbench/api/node/extensionHostProcess.js:29:922)
	at I.fire (file:///usr/share/vscodium/resources/app/out/vs/workbench/api/node/extensionHostProcess.js:29:1242)
	at jn.fire (file:///usr/share/vscodium/resources/app/out/vs/workbench/api/node/extensionHostProcess.js:31:10940)
	at MessagePortMain.<anonymous> (file:///usr/share/vscodium/resources/app/out/vs/workbench/api/node/extensionHostProcess.js:174:12676)
	at MessagePortMain.emit (node:events:519:28)
	at MessagePortMain._internalPort.emit (node:electron/js2c/utility_init:2:2949)
2024-11-08 20:58:37.482 [error] Error: [ExtensionListenerError] Extension 'cschlosser.doxdocgen' FAILED to handle event: Error: Illegal value for `line`
	at mh.value (file:///usr/share/vscodium/resources/app/out/vs/workbench/api/node/extensionHostProcess.js:156:40286)
	at I._deliver (file:///usr/share/vscodium/resources/app/out/vs/workbench/api/node/extensionHostProcess.js:29:922)
	at I._deliverQueue (file:///usr/share/vscodium/resources/app/out/vs/workbench/api/node/extensionHostProcess.js:29:1013)
	at I.fire (file:///usr/share/vscodium/resources/app/out/vs/workbench/api/node/extensionHostProcess.js:29:1349)
	at uU.$acceptModelChanged (file:///usr/share/vscodium/resources/app/out/vs/workbench/api/node/extensionHostProcess.js:137:115995)
	at py._doInvokeHandler (file:///usr/share/vscodium/resources/app/out/vs/workbench/api/node/extensionHostProcess.js:31:122466)
	at py._invokeHandler (file:///usr/share/vscodium/resources/app/out/vs/workbench/api/node/extensionHostProcess.js:31:122210)
	at py._receiveRequest (file:///usr/share/vscodium/resources/app/out/vs/workbench/api/node/extensionHostProcess.js:31:120976)
	at py._receiveOneMessage (file:///usr/share/vscodium/resources/app/out/vs/workbench/api/node/extensionHostProcess.js:31:119802)
	at mh.value (file:///usr/share/vscodium/resources/app/out/vs/workbench/api/node/extensionHostProcess.js:31:117901)
	at I._deliver (file:///usr/share/vscodium/resources/app/out/vs/workbench/api/node/extensionHostProcess.js:29:922)
	at I.fire (file:///usr/share/vscodium/resources/app/out/vs/workbench/api/node/extensionHostProcess.js:29:1242)
	at jn.fire (file:///usr/share/vscodium/resources/app/out/vs/workbench/api/node/extensionHostProcess.js:31:10940)
	at mh.value (file:///usr/share/vscodium/resources/app/out/vs/workbench/api/node/extensionHostProcess.js:174:14465)
	at I._deliver (file:///usr/share/vscodium/resources/app/out/vs/workbench/api/node/extensionHostProcess.js:29:922)
	at I.fire (file:///usr/share/vscodium/resources/app/out/vs/workbench/api/node/extensionHostProcess.js:29:1242)
	at jn.fire (file:///usr/share/vscodium/resources/app/out/vs/workbench/api/node/extensionHostProcess.js:31:10940)
	at MessagePortMain.<anonymous> (file:///usr/share/vscodium/resources/app/out/vs/workbench/api/node/extensionHostProcess.js:174:12676)
	at MessagePortMain.emit (node:events:519:28)
	at MessagePortMain._internalPort.emit (node:electron/js2c/utility_init:2:2949)
2024-11-08 20:58:37.562 [error] Error: [ExtensionListenerError] Extension 'cschlosser.doxdocgen' FAILED to handle event: Error: Illegal value for `line`
	at mh.value (file:///usr/share/vscodium/resources/app/out/vs/workbench/api/node/extensionHostProcess.js:156:40286)
	at I._deliver (file:///usr/share/vscodium/resources/app/out/vs/workbench/api/node/extensionHostProcess.js:29:922)
	at I._deliverQueue (file:///usr/share/vscodium/resources/app/out/vs/workbench/api/node/extensionHostProcess.js:29:1013)
	at I.fire (file:///usr/share/vscodium/resources/app/out/vs/workbench/api/node/extensionHostProcess.js:29:1349)
	at uU.$acceptModelChanged (file:///usr/share/vscodium/resources/app/out/vs/workbench/api/node/extensionHostProcess.js:137:115995)
	at py._doInvokeHandler (file:///usr/share/vscodium/resources/app/out/vs/workbench/api/node/extensionHostProcess.js:31:122466)
	at py._invokeHandler (file:///usr/share/vscodium/resources/app/out/vs/workbench/api/node/extensionHostProcess.js:31:122210)
	at py._receiveRequest (file:///usr/share/vscodium/resources/app/out/vs/workbench/api/node/extensionHostProcess.js:31:120976)
	at py._receiveOneMessage (file:///usr/share/vscodium/resources/app/out/vs/workbench/api/node/extensionHostProcess.js:31:119802)
	at mh.value (file:///usr/share/vscodium/resources/app/out/vs/workbench/api/node/extensionHostProcess.js:31:117901)
	at I._deliver (file:///usr/share/vscodium/resources/app/out/vs/workbench/api/node/extensionHostProcess.js:29:922)
	at I.fire (file:///usr/share/vscodium/resources/app/out/vs/workbench/api/node/extensionHostProcess.js:29:1242)
	at jn.fire (file:///usr/share/vscodium/resources/app/out/vs/workbench/api/node/extensionHostProcess.js:31:10940)
	at mh.value (file:///usr/share/vscodium/resources/app/out/vs/workbench/api/node/extensionHostProcess.js:174:14465)
	at I._deliver (file:///usr/share/vscodium/resources/app/out/vs/workbench/api/node/extensionHostProcess.js:29:922)
	at I.fire (file:///usr/share/vscodium/resources/app/out/vs/workbench/api/node/extensionHostProcess.js:29:1242)
	at jn.fire (file:///usr/share/vscodium/resources/app/out/vs/workbench/api/node/extensionHostProcess.js:31:10940)
	at MessagePortMain.<anonymous> (file:///usr/share/vscodium/resources/app/out/vs/workbench/api/node/extensionHostProcess.js:174:12676)
	at MessagePortMain.emit (node:events:519:28)
	at MessagePortMain._internalPort.emit (node:electron/js2c/utility_init:2:2949)
2024-11-08 20:58:38.060 [error] Error: [ExtensionListenerError] Extension 'cschlosser.doxdocgen' FAILED to handle event: Error: Illegal value for `line`
	at mh.value (file:///usr/share/vscodium/resources/app/out/vs/workbench/api/node/extensionHostProcess.js:156:40286)
	at I._deliver (file:///usr/share/vscodium/resources/app/out/vs/workbench/api/node/extensionHostProcess.js:29:922)
	at I._deliverQueue (file:///usr/share/vscodium/resources/app/out/vs/workbench/api/node/extensionHostProcess.js:29:1013)
	at I.fire (file:///usr/share/vscodium/resources/app/out/vs/workbench/api/node/extensionHostProcess.js:29:1349)
	at uU.$acceptModelChanged (file:///usr/share/vscodium/resources/app/out/vs/workbench/api/node/extensionHostProcess.js:137:115995)
	at py._doInvokeHandler (file:///usr/share/vscodium/resources/app/out/vs/workbench/api/node/extensionHostProcess.js:31:122466)
	at py._invokeHandler (file:///usr/share/vscodium/resources/app/out/vs/workbench/api/node/extensionHostProcess.js:31:122210)
	at py._receiveRequest (file:///usr/share/vscodium/resources/app/out/vs/workbench/api/node/extensionHostProcess.js:31:120976)
	at py._receiveOneMessage (file:///usr/share/vscodium/resources/app/out/vs/workbench/api/node/extensionHostProcess.js:31:119802)
	at mh.value (file:///usr/share/vscodium/resources/app/out/vs/workbench/api/node/extensionHostProcess.js:31:117901)
	at I._deliver (file:///usr/share/vscodium/resources/app/out/vs/workbench/api/node/extensionHostProcess.js:29:922)
	at I.fire (file:///usr/share/vscodium/resources/app/out/vs/workbench/api/node/extensionHostProcess.js:29:1242)
	at jn.fire (file:///usr/share/vscodium/resources/app/out/vs/workbench/api/node/extensionHostProcess.js:31:10940)
	at mh.value (file:///usr/share/vscodium/resources/app/out/vs/workbench/api/node/extensionHostProcess.js:174:14465)
	at I._deliver (file:///usr/share/vscodium/resources/app/out/vs/workbench/api/node/extensionHostProcess.js:29:922)
	at I.fire (file:///usr/share/vscodium/resources/app/out/vs/workbench/api/node/extensionHostProcess.js:29:1242)
	at jn.fire (file:///usr/share/vscodium/resources/app/out/vs/workbench/api/node/extensionHostProcess.js:31:10940)
	at MessagePortMain.<anonymous> (file:///usr/share/vscodium/resources/app/out/vs/workbench/api/node/extensionHostProcess.js:174:12676)
	at MessagePortMain.emit (node:events:519:28)
	at MessagePortMain._internalPort.emit (node:electron/js2c/utility_init:2:2949)
2024-11-08 20:58:38.390 [error] Error: [ExtensionListenerError] Extension 'cschlosser.doxdocgen' FAILED to handle event: Error: Illegal value for `line`
	at mh.value (file:///usr/share/vscodium/resources/app/out/vs/workbench/api/node/extensionHostProcess.js:156:40286)
	at I._deliver (file:///usr/share/vscodium/resources/app/out/vs/workbench/api/node/extensionHostProcess.js:29:922)
	at I._deliverQueue (file:///usr/share/vscodium/resources/app/out/vs/workbench/api/node/extensionHostProcess.js:29:1013)
	at I.fire (file:///usr/share/vscodium/resources/app/out/vs/workbench/api/node/extensionHostProcess.js:29:1349)
	at uU.$acceptModelChanged (file:///usr/share/vscodium/resources/app/out/vs/workbench/api/node/extensionHostProcess.js:137:115995)
	at py._doInvokeHandler (file:///usr/share/vscodium/resources/app/out/vs/workbench/api/node/extensionHostProcess.js:31:122466)
	at py._invokeHandler (file:///usr/share/vscodium/resources/app/out/vs/workbench/api/node/extensionHostProcess.js:31:122210)
	at py._receiveRequest (file:///usr/share/vscodium/resources/app/out/vs/workbench/api/node/extensionHostProcess.js:31:120976)
	at py._receiveOneMessage (file:///usr/share/vscodium/resources/app/out/vs/workbench/api/node/extensionHostProcess.js:31:119802)
	at mh.value (file:///usr/share/vscodium/resources/app/out/vs/workbench/api/node/extensionHostProcess.js:31:117901)
	at I._deliver (file:///usr/share/vscodium/resources/app/out/vs/workbench/api/node/extensionHostProcess.js:29:922)
	at I.fire (file:///usr/share/vscodium/resources/app/out/vs/workbench/api/node/extensionHostProcess.js:29:1242)
	at jn.fire (file:///usr/share/vscodium/resources/app/out/vs/workbench/api/node/extensionHostProcess.js:31:10940)
	at mh.value (file:///usr/share/vscodium/resources/app/out/vs/workbench/api/node/extensionHostProcess.js:174:14465)
	at I._deliver (file:///usr/share/vscodium/resources/app/out/vs/workbench/api/node/extensionHostProcess.js:29:922)
	at I.fire (file:///usr/share/vscodium/resources/app/out/vs/workbench/api/node/extensionHostProcess.js:29:1242)
	at jn.fire (file:///usr/share/vscodium/resources/app/out/vs/workbench/api/node/extensionHostProcess.js:31:10940)
	at MessagePortMain.<anonymous> (file:///usr/share/vscodium/resources/app/out/vs/workbench/api/node/extensionHostProcess.js:174:12676)
	at MessagePortMain.emit (node:events:519:28)
	at MessagePortMain._internalPort.emit (node:electron/js2c/utility_init:2:2949)
2024-11-08 20:58:52.571 [error] Error: [ExtensionListenerError] Extension 'cschlosser.doxdocgen' FAILED to handle event: Error: Illegal value for `line`
	at mh.value (file:///usr/share/vscodium/resources/app/out/vs/workbench/api/node/extensionHostProcess.js:156:40286)
	at I._deliver (file:///usr/share/vscodium/resources/app/out/vs/workbench/api/node/extensionHostProcess.js:29:922)
	at I._deliverQueue (file:///usr/share/vscodium/resources/app/out/vs/workbench/api/node/extensionHostProcess.js:29:1013)
	at I.fire (file:///usr/share/vscodium/resources/app/out/vs/workbench/api/node/extensionHostProcess.js:29:1349)
	at uU.$acceptModelChanged (file:///usr/share/vscodium/resources/app/out/vs/workbench/api/node/extensionHostProcess.js:137:115995)
	at py._doInvokeHandler (file:///usr/share/vscodium/resources/app/out/vs/workbench/api/node/extensionHostProcess.js:31:122466)
	at py._invokeHandler (file:///usr/share/vscodium/resources/app/out/vs/workbench/api/node/extensionHostProcess.js:31:122210)
	at py._receiveRequest (file:///usr/share/vscodium/resources/app/out/vs/workbench/api/node/extensionHostProcess.js:31:120976)
	at py._receiveOneMessage (file:///usr/share/vscodium/resources/app/out/vs/workbench/api/node/extensionHostProcess.js:31:119802)
	at mh.value (file:///usr/share/vscodium/resources/app/out/vs/workbench/api/node/extensionHostProcess.js:31:117901)
	at I._deliver (file:///usr/share/vscodium/resources/app/out/vs/workbench/api/node/extensionHostProcess.js:29:922)
	at I.fire (file:///usr/share/vscodium/resources/app/out/vs/workbench/api/node/extensionHostProcess.js:29:1242)
	at jn.fire (file:///usr/share/vscodium/resources/app/out/vs/workbench/api/node/extensionHostProcess.js:31:10940)
	at mh.value (file:///usr/share/vscodium/resources/app/out/vs/workbench/api/node/extensionHostProcess.js:174:14465)
	at I._deliver (file:///usr/share/vscodium/resources/app/out/vs/workbench/api/node/extensionHostProcess.js:29:922)
	at I.fire (file:///usr/share/vscodium/resources/app/out/vs/workbench/api/node/extensionHostProcess.js:29:1242)
	at jn.fire (file:///usr/share/vscodium/resources/app/out/vs/workbench/api/node/extensionHostProcess.js:31:10940)
	at MessagePortMain.<anonymous> (file:///usr/share/vscodium/resources/app/out/vs/workbench/api/node/extensionHostProcess.js:174:12676)
	at MessagePortMain.emit (node:events:519:28)
	at MessagePortMain._internalPort.emit (node:electron/js2c/utility_init:2:2949)
2024-11-08 21:09:50.003 [info] ExtensionService#_doActivateExtension vscode.npm, startup: false, activationEvent: 'onTerminalQuickFixRequest:ms-vscode.npm-command'
2024-11-08 21:13:57.494 [error] Error: [ExtensionListenerError] Extension 'cschlosser.doxdocgen' FAILED to handle event: Error: Illegal value for `line`
	at mh.value (file:///usr/share/vscodium/resources/app/out/vs/workbench/api/node/extensionHostProcess.js:156:40286)
	at I._deliver (file:///usr/share/vscodium/resources/app/out/vs/workbench/api/node/extensionHostProcess.js:29:922)
	at I._deliverQueue (file:///usr/share/vscodium/resources/app/out/vs/workbench/api/node/extensionHostProcess.js:29:1013)
	at I.fire (file:///usr/share/vscodium/resources/app/out/vs/workbench/api/node/extensionHostProcess.js:29:1349)
	at uU.$acceptModelChanged (file:///usr/share/vscodium/resources/app/out/vs/workbench/api/node/extensionHostProcess.js:137:115995)
	at py._doInvokeHandler (file:///usr/share/vscodium/resources/app/out/vs/workbench/api/node/extensionHostProcess.js:31:122466)
	at py._invokeHandler (file:///usr/share/vscodium/resources/app/out/vs/workbench/api/node/extensionHostProcess.js:31:122210)
	at py._receiveRequest (file:///usr/share/vscodium/resources/app/out/vs/workbench/api/node/extensionHostProcess.js:31:120976)
	at py._receiveOneMessage (file:///usr/share/vscodium/resources/app/out/vs/workbench/api/node/extensionHostProcess.js:31:119802)
	at mh.value (file:///usr/share/vscodium/resources/app/out/vs/workbench/api/node/extensionHostProcess.js:31:117901)
	at I._deliver (file:///usr/share/vscodium/resources/app/out/vs/workbench/api/node/extensionHostProcess.js:29:922)
	at I.fire (file:///usr/share/vscodium/resources/app/out/vs/workbench/api/node/extensionHostProcess.js:29:1242)
	at jn.fire (file:///usr/share/vscodium/resources/app/out/vs/workbench/api/node/extensionHostProcess.js:31:10940)
	at mh.value (file:///usr/share/vscodium/resources/app/out/vs/workbench/api/node/extensionHostProcess.js:174:14465)
	at I._deliver (file:///usr/share/vscodium/resources/app/out/vs/workbench/api/node/extensionHostProcess.js:29:922)
	at I.fire (file:///usr/share/vscodium/resources/app/out/vs/workbench/api/node/extensionHostProcess.js:29:1242)
	at jn.fire (file:///usr/share/vscodium/resources/app/out/vs/workbench/api/node/extensionHostProcess.js:31:10940)
	at MessagePortMain.<anonymous> (file:///usr/share/vscodium/resources/app/out/vs/workbench/api/node/extensionHostProcess.js:174:12676)
	at MessagePortMain.emit (node:events:519:28)
	at MessagePortMain._internalPort.emit (node:electron/js2c/utility_init:2:2949)
2024-11-08 21:55:50.591 [info] Extension host terminating: renderer closed the MessagePort
2024-11-08 21:55:50.599 [error] TypeError: r.some is not a function
	at d.saveToDisk (/home/lauri/.vscode-oss/extensions/vscodevim.vim-1.28.1-universal/out/extension.js:2:646151)
	at t.deactivate (/home/lauri/.vscode-oss/extensions/vscodevim.vim-1.28.1-universal/out/extension.js:2:176792)
	at VB._deactivate (file:///usr/share/vscodium/resources/app/out/vs/workbench/api/node/extensionHostProcess.js:118:14502)
	at file:///usr/share/vscodium/resources/app/out/vs/workbench/api/node/extensionHostProcess.js:118:12013
	at Array.map (<anonymous>)
	at VB._deactivateAll (file:///usr/share/vscodium/resources/app/out/vs/workbench/api/node/extensionHostProcess.js:118:12001)
	at VB.terminate (file:///usr/share/vscodium/resources/app/out/vs/workbench/api/node/extensionHostProcess.js:118:12354)
	at bT.terminate (file:///usr/share/vscodium/resources/app/out/vs/workbench/api/node/extensionHostProcess.js:119:1592)
	at Ki (file:///usr/share/vscodium/resources/app/out/vs/workbench/api/node/extensionHostProcess.js:174:16260)
	at MessagePortMain.<anonymous> (file:///usr/share/vscodium/resources/app/out/vs/workbench/api/node/extensionHostProcess.js:174:12716)
	at MessagePortMain.emit (node:events:519:28)
	at MessagePortMain._internalPort.emit (node:electron/js2c/utility_init:2:2949)
2024-11-08 21:55:50.600 [error] Canceled: Canceled
	at new t3 (file:///usr/share/vscodium/resources/app/out/vs/workbench/api/node/extensionHostProcess.js:31:116229)
	at py._remoteCall (file:///usr/share/vscodium/resources/app/out/vs/workbench/api/node/extensionHostProcess.js:31:122523)
	at s.<computed>.n.charCodeAt.s.<computed> (file:///usr/share/vscodium/resources/app/out/vs/workbench/api/node/extensionHostProcess.js:31:119282)
	at J_._doExecuteCommand (file:///usr/share/vscodium/resources/app/out/vs/workbench/api/node/extensionHostProcess.js:114:38451)
	at J_.executeCommand (file:///usr/share/vscodium/resources/app/out/vs/workbench/api/node/extensionHostProcess.js:114:37890)
	at r.registerCommand.description (file:///usr/share/vscodium/resources/app/out/vs/workbench/api/node/extensionHostProcess.js:114:37154)
	at J_._executeContributedCommand (file:///usr/share/vscodium/resources/app/out/vs/workbench/api/node/extensionHostProcess.js:114:39020)
	at J_._doExecuteCommand (file:///usr/share/vscodium/resources/app/out/vs/workbench/api/node/extensionHostProcess.js:114:38023)
	at J_.executeCommand (file:///usr/share/vscodium/resources/app/out/vs/workbench/api/node/extensionHostProcess.js:114:37890)
	at Object.executeCommand (file:///usr/share/vscodium/resources/app/out/vs/workbench/api/node/extensionHostProcess.js:156:42153)
	at mh.O [as value] (/usr/share/vscodium/resources/app/extensions/git/dist/main.js:2:961905)
	at I._deliver (file:///usr/share/vscodium/resources/app/out/vs/workbench/api/node/extensionHostProcess.js:29:922)
	at I._deliverQueue (file:///usr/share/vscodium/resources/app/out/vs/workbench/api/node/extensionHostProcess.js:29:1013)
	at I.fire (file:///usr/share/vscodium/resources/app/out/vs/workbench/api/node/extensionHostProcess.js:29:1349)
	at Object.p [as dispose] (/usr/share/vscodium/resources/app/extensions/git/dist/main.js:2:983393)
	at /usr/share/vscodium/resources/app/extensions/git/dist/main.js:2:989515
	at Array.forEach (<anonymous>)
	at b.dispose (/usr/share/vscodium/resources/app/extensions/git/dist/main.js:2:989501)
	at jv.<anonymous> (file:///usr/share/vscodium/resources/app/out/vs/workbench/api/node/extensionHostProcess.js:108:21455)
	at jv.dispose (file:///usr/share/vscodium/resources/app/out/vs/workbench/api/node/extensionHostProcess.js:108:21551)
	at jv.<anonymous> (/usr/share/vscodium/resources/app/extensions/git/dist/main.js:2:964315)
	at jv.dispose (file:///usr/share/vscodium/resources/app/out/vs/workbench/api/node/extensionHostProcess.js:108:21551)
	at li (file:///usr/share/vscodium/resources/app/out/vs/workbench/api/node/extensionHostProcess.js:24:699)
	at file:///usr/share/vscodium/resources/app/out/vs/workbench/api/node/extensionHostProcess.js:118:18392
	at file:///usr/share/vscodium/resources/app/out/vs/workbench/api/node/extensionHostProcess.js:24:1009
	at Object.dispose (file:///usr/share/vscodium/resources/app/out/vs/workbench/api/node/extensionHostProcess.js:7:2296)
	at VB._deactivate (file:///usr/share/vscodium/resources/app/out/vs/workbench/api/node/extensionHostProcess.js:118:14727)
	at file:///usr/share/vscodium/resources/app/out/vs/workbench/api/node/extensionHostProcess.js:118:12013
	at Array.map (<anonymous>)
	at VB._deactivateAll (file:///usr/share/vscodium/resources/app/out/vs/workbench/api/node/extensionHostProcess.js:118:12001)
	at VB.terminate (file:///usr/share/vscodium/resources/app/out/vs/workbench/api/node/extensionHostProcess.js:118:12354)
	at bT.terminate (file:///usr/share/vscodium/resources/app/out/vs/workbench/api/node/extensionHostProcess.js:119:1592)
	at Ki (file:///usr/share/vscodium/resources/app/out/vs/workbench/api/node/extensionHostProcess.js:174:16260)
	at MessagePortMain.<anonymous> (file:///usr/share/vscodium/resources/app/out/vs/workbench/api/node/extensionHostProcess.js:174:12716)
	at MessagePortMain.emit (node:events:519:28)
	at MessagePortMain._internalPort.emit (node:electron/js2c/utility_init:2:2949) setContext undefined
2024-11-08 21:55:50.601 [error] Canceled: Canceled
	at new t3 (file:///usr/share/vscodium/resources/app/out/vs/workbench/api/node/extensionHostProcess.js:31:116229)
	at py._remoteCall (file:///usr/share/vscodium/resources/app/out/vs/workbench/api/node/extensionHostProcess.js:31:122523)
	at s.<computed>.n.charCodeAt.s.<computed> (file:///usr/share/vscodium/resources/app/out/vs/workbench/api/node/extensionHostProcess.js:31:119282)
	at J_._doExecuteCommand (file:///usr/share/vscodium/resources/app/out/vs/workbench/api/node/extensionHostProcess.js:114:38451)
	at J_.executeCommand (file:///usr/share/vscodium/resources/app/out/vs/workbench/api/node/extensionHostProcess.js:114:37890)
	at r.registerCommand.description (file:///usr/share/vscodium/resources/app/out/vs/workbench/api/node/extensionHostProcess.js:114:37154)
	at J_._executeContributedCommand (file:///usr/share/vscodium/resources/app/out/vs/workbench/api/node/extensionHostProcess.js:114:39020)
	at J_._doExecuteCommand (file:///usr/share/vscodium/resources/app/out/vs/workbench/api/node/extensionHostProcess.js:114:38023)
	at J_.executeCommand (file:///usr/share/vscodium/resources/app/out/vs/workbench/api/node/extensionHostProcess.js:114:37890)
	at Object.executeCommand (file:///usr/share/vscodium/resources/app/out/vs/workbench/api/node/extensionHostProcess.js:156:42153)
	at set hasGitHubRepositories (/usr/share/vscodium/resources/app/extensions/github/dist/extension.js:2:328582)
	at /usr/share/vscodium/resources/app/extensions/github/dist/extension.js:2:329541
	at mh.value (/usr/share/vscodium/resources/app/extensions/git/dist/main.js:2:1073996)
	at I._deliver (file:///usr/share/vscodium/resources/app/out/vs/workbench/api/node/extensionHostProcess.js:29:922)
	at I._deliverQueue (file:///usr/share/vscodium/resources/app/out/vs/workbench/api/node/extensionHostProcess.js:29:1013)
	at I.fire (file:///usr/share/vscodium/resources/app/out/vs/workbench/api/node/extensionHostProcess.js:29:1349)
	at Object.p [as dispose] (/usr/share/vscodium/resources/app/extensions/git/dist/main.js:2:983393)
	at /usr/share/vscodium/resources/app/extensions/git/dist/main.js:2:989515
	at Array.forEach (<anonymous>)
	at b.dispose (/usr/share/vscodium/resources/app/extensions/git/dist/main.js:2:989501)
	at jv.<anonymous> (file:///usr/share/vscodium/resources/app/out/vs/workbench/api/node/extensionHostProcess.js:108:21455)
	at jv.dispose (file:///usr/share/vscodium/resources/app/out/vs/workbench/api/node/extensionHostProcess.js:108:21551)
	at jv.<anonymous> (/usr/share/vscodium/resources/app/extensions/git/dist/main.js:2:964315)
	at jv.dispose (file:///usr/share/vscodium/resources/app/out/vs/workbench/api/node/extensionHostProcess.js:108:21551)
	at li (file:///usr/share/vscodium/resources/app/out/vs/workbench/api/node/extensionHostProcess.js:24:699)
	at file:///usr/share/vscodium/resources/app/out/vs/workbench/api/node/extensionHostProcess.js:118:18392
	at file:///usr/share/vscodium/resources/app/out/vs/workbench/api/node/extensionHostProcess.js:24:1009
	at Object.dispose (file:///usr/share/vscodium/resources/app/out/vs/workbench/api/node/extensionHostProcess.js:7:2296)
	at VB._deactivate (file:///usr/share/vscodium/resources/app/out/vs/workbench/api/node/extensionHostProcess.js:118:14727)
	at file:///usr/share/vscodium/resources/app/out/vs/workbench/api/node/extensionHostProcess.js:118:12013
	at Array.map (<anonymous>)
	at VB._deactivateAll (file:///usr/share/vscodium/resources/app/out/vs/workbench/api/node/extensionHostProcess.js:118:12001)
	at VB.terminate (file:///usr/share/vscodium/resources/app/out/vs/workbench/api/node/extensionHostProcess.js:118:12354)
	at bT.terminate (file:///usr/share/vscodium/resources/app/out/vs/workbench/api/node/extensionHostProcess.js:119:1592)
	at Ki (file:///usr/share/vscodium/resources/app/out/vs/workbench/api/node/extensionHostProcess.js:174:16260)
	at MessagePortMain.<anonymous> (file:///usr/share/vscodium/resources/app/out/vs/workbench/api/node/extensionHostProcess.js:174:12716)
	at MessagePortMain.emit (node:events:519:28)
	at MessagePortMain._internalPort.emit (node:electron/js2c/utility_init:2:2949) setContext undefined
2024-11-08 21:55:50.601 [error] Canceled: Canceled
	at new t3 (file:///usr/share/vscodium/resources/app/out/vs/workbench/api/node/extensionHostProcess.js:31:116229)
	at py._remoteCall (file:///usr/share/vscodium/resources/app/out/vs/workbench/api/node/extensionHostProcess.js:31:122523)
	at s.<computed>.n.charCodeAt.s.<computed> (file:///usr/share/vscodium/resources/app/out/vs/workbench/api/node/extensionHostProcess.js:31:119282)
	at J_._doExecuteCommand (file:///usr/share/vscodium/resources/app/out/vs/workbench/api/node/extensionHostProcess.js:114:38451)
	at J_.executeCommand (file:///usr/share/vscodium/resources/app/out/vs/workbench/api/node/extensionHostProcess.js:114:37890)
	at r.registerCommand.description (file:///usr/share/vscodium/resources/app/out/vs/workbench/api/node/extensionHostProcess.js:114:37154)
	at J_._executeContributedCommand (file:///usr/share/vscodium/resources/app/out/vs/workbench/api/node/extensionHostProcess.js:114:39020)
	at J_._doExecuteCommand (file:///usr/share/vscodium/resources/app/out/vs/workbench/api/node/extensionHostProcess.js:114:38023)
	at J_.executeCommand (file:///usr/share/vscodium/resources/app/out/vs/workbench/api/node/extensionHostProcess.js:114:37890)
	at Object.executeCommand (file:///usr/share/vscodium/resources/app/out/vs/workbench/api/node/extensionHostProcess.js:156:42153)
	at setContextValue (/home/lauri/.vscode-oss/extensions/franneck94.c-cpp-runner-9.4.7-universal/dist/main.js:5980:28)
	at Object.deactivate (/home/lauri/.vscode-oss/extensions/franneck94.c-cpp-runner-9.4.7-universal/dist/main.js:3869:39)
	at VB._deactivate (file:///usr/share/vscodium/resources/app/out/vs/workbench/api/node/extensionHostProcess.js:118:14502)
	at file:///usr/share/vscodium/resources/app/out/vs/workbench/api/node/extensionHostProcess.js:118:12013
	at Array.map (<anonymous>)
	at VB._deactivateAll (file:///usr/share/vscodium/resources/app/out/vs/workbench/api/node/extensionHostProcess.js:118:12001)
	at VB.terminate (file:///usr/share/vscodium/resources/app/out/vs/workbench/api/node/extensionHostProcess.js:118:12354)
	at bT.terminate (file:///usr/share/vscodium/resources/app/out/vs/workbench/api/node/extensionHostProcess.js:119:1592)
	at Ki (file:///usr/share/vscodium/resources/app/out/vs/workbench/api/node/extensionHostProcess.js:174:16260)
	at MessagePortMain.<anonymous> (file:///usr/share/vscodium/resources/app/out/vs/workbench/api/node/extensionHostProcess.js:174:12716)
	at MessagePortMain.emit (node:events:519:28)
	at MessagePortMain._internalPort.emit (node:electron/js2c/utility_init:2:2949) setContext undefined
2024-11-08 21:55:50.602 [info] Extension host with pid 399120 exiting with code 0
