2024-11-18 21:00:20.958 [info] [main] Log level: Info
2024-11-18 21:00:20.958 [info] [main] Validating found git in: "git"
2024-11-18 21:00:20.958 [info] [main] Using git "2.47.0" from "git"
2024-11-18 21:00:20.958 [info] [Model][doInitialScan] Initial repository scan started
2024-11-18 21:00:20.958 [info] > git rev-parse --show-toplevel [3ms]
2024-11-18 21:00:20.958 [info] fatal: not a git repository (or any of the parent directories): .git
2024-11-18 21:00:20.958 [info] > git rev-parse --show-toplevel [693ms]
2024-11-18 21:00:20.965 [info] > git rev-parse --git-dir --git-common-dir [2ms]
2024-11-18 21:00:20.971 [info] [Model][openRepository] Opened repository: /home/lauri/Desktop/c++/Laksyt
2024-11-18 21:00:20.983 [info] > git rev-parse --show-toplevel [2ms]
2024-11-18 21:00:20.983 [info] fatal: not a git repository (or any of the parent directories): .git
2024-11-18 21:00:20.983 [info] [Model][doInitialScan] Initial repository scan completed - repositories (1), closed repositories (0), parent repositories (0), unsafe repositories (0)
2024-11-18 21:00:20.983 [info] > git config --get commit.template [6ms]
2024-11-18 21:00:21.025 [info] > git for-each-ref --format=%(refname)%00%(upstream:short)%00%(objectname)%00%(upstream:track)%00%(upstream:remotename)%00%(upstream:remoteref) refs/heads/main refs/remotes/main [25ms]
2024-11-18 21:00:21.036 [info] > git status -z -uall [5ms]
2024-11-18 21:00:21.037 [info] > git for-each-ref --sort -committerdate --format %(refname) %(objectname) %(*objectname) [1ms]
2024-11-18 21:00:21.049 [info] > git for-each-ref --format=%(refname)%00%(upstream:short)%00%(objectname)%00%(upstream:track)%00%(upstream:remotename)%00%(upstream:remoteref) refs/heads/main refs/remotes/main [5ms]
2024-11-18 21:00:21.055 [info] > git config --local branch.main.vscode-merge-base [1ms]
2024-11-18 21:00:21.059 [info] > git config --get commit.template [10ms]
2024-11-18 21:00:21.094 [info] > git for-each-ref --format=%(refname)%00%(upstream:short)%00%(objectname)%00%(upstream:track)%00%(upstream:remotename)%00%(upstream:remoteref) refs/heads/origin/main refs/remotes/origin/main [35ms]
2024-11-18 21:00:21.106 [info] > git for-each-ref --format=%(refname)%00%(upstream:short)%00%(objectname)%00%(upstream:track)%00%(upstream:remotename)%00%(upstream:remoteref) refs/heads/main refs/remotes/main [13ms]
2024-11-18 21:00:21.116 [info] > git status -z -uall [4ms]
2024-11-18 21:00:21.116 [info] > git merge-base refs/heads/main refs/remotes/origin/main [18ms]
2024-11-18 21:00:21.121 [info] > git for-each-ref --sort -committerdate --format %(refname) %(objectname) %(*objectname) [6ms]
2024-11-18 21:00:21.128 [info] > git merge-base refs/heads/main refs/remotes/origin/main [2ms]
2024-11-18 21:00:21.131 [info] > git diff --name-status -z --diff-filter=ADMR 1bdc608e01ac405e319c8ab9932310eda8d3ec19...refs/remotes/origin/main [11ms]
2024-11-18 21:00:21.132 [info] > git diff --name-status -z --diff-filter=ADMR 1bdc608e01ac405e319c8ab9932310eda8d3ec19...refs/remotes/origin/main [1ms]
2024-11-18 21:00:21.318 [info] > git show --textconv :tehtävä5.cpp [4ms]
2024-11-18 21:00:21.319 [info] > git ls-files --stage -- /home/lauri/Desktop/c++/Laksyt/tehtävä5.cpp [1ms]
2024-11-18 21:00:21.324 [info] > git cat-file -s d6cfb4cc6cb1bb6bdfbd30fe9b4fdc58d5172fd9 [1ms]
2024-11-18 21:00:21.491 [info] > git check-ignore -v -z --stdin [1ms]
2024-11-18 21:00:23.195 [info] > git config --get commit.template [5ms]
2024-11-18 21:00:23.198 [info] > git for-each-ref --format=%(refname)%00%(upstream:short)%00%(objectname)%00%(upstream:track)%00%(upstream:remotename)%00%(upstream:remoteref) refs/heads/main refs/remotes/main [3ms]
2024-11-18 21:00:23.206 [info] > git status -z -uall [4ms]
2024-11-18 21:00:23.210 [info] > git for-each-ref --sort -committerdate --format %(refname) %(objectname) %(*objectname) [4ms]
2024-11-18 21:00:23.220 [info] > git merge-base refs/heads/main refs/remotes/origin/main [2ms]
2024-11-18 21:00:23.227 [info] > git diff --name-status -z --diff-filter=ADMR 1bdc608e01ac405e319c8ab9932310eda8d3ec19...refs/remotes/origin/main [2ms]
2024-11-18 21:00:24.295 [info] > git ls-files --stage -- /home/lauri/Desktop/c++/Laksyt/tehtävä5.cpp [2ms]
2024-11-18 21:00:24.300 [info] > git cat-file -s d6cfb4cc6cb1bb6bdfbd30fe9b4fdc58d5172fd9 [1ms]
2024-11-18 21:00:24.306 [info] > git show --textconv :tehtävä5.cpp [1ms]
2024-11-18 21:00:43.847 [info] > git config --get commit.template [5ms]
2024-11-18 21:00:43.848 [info] > git for-each-ref --format=%(refname)%00%(upstream:short)%00%(objectname)%00%(upstream:track)%00%(upstream:remotename)%00%(upstream:remoteref) refs/heads/main refs/remotes/main [1ms]
2024-11-18 21:00:43.856 [info] > git status -z -uall [4ms]
2024-11-18 21:00:43.857 [info] > git for-each-ref --sort -committerdate --format %(refname) %(objectname) %(*objectname) [1ms]
2024-11-18 21:00:43.942 [info] > git ls-files --stage -- /home/lauri/Desktop/c++/Laksyt/tehtävä5.cpp [1ms]
2024-11-18 21:00:43.947 [info] > git cat-file -s d6cfb4cc6cb1bb6bdfbd30fe9b4fdc58d5172fd9 [1ms]
2024-11-18 21:00:43.952 [info] > git show --textconv :tehtävä5.cpp [1ms]
2024-11-18 21:00:57.375 [info] > git show --textconv :tehtävä6.cpp [5ms]
2024-11-18 21:00:57.375 [info] > git ls-files --stage -- /home/lauri/Desktop/c++/Laksyt/tehtävä6.cpp [1ms]
2024-11-18 21:01:07.764 [info] > git config --get commit.template [6ms]
2024-11-18 21:01:07.765 [info] > git for-each-ref --format=%(refname)%00%(upstream:short)%00%(objectname)%00%(upstream:track)%00%(upstream:remotename)%00%(upstream:remoteref) refs/heads/main refs/remotes/main [2ms]
2024-11-18 21:01:07.775 [info] > git status -z -uall [6ms]
2024-11-18 21:01:07.776 [info] > git for-each-ref --sort -committerdate --format %(refname) %(objectname) %(*objectname) [1ms]
2024-11-18 21:01:10.895 [info] > git check-ignore -v -z --stdin [1ms]
2024-11-18 21:01:11.080 [info] > git ls-files --stage -- /home/lauri/Desktop/c++/Laksyt/tehtävä6.cpp [1ms]
2024-11-18 21:01:11.085 [info] > git cat-file -s 9d21e4c490c3a27ff483b1dc32f9b04620d61eda [1ms]
2024-11-18 21:01:11.091 [info] > git show --textconv :tehtävä6.cpp [1ms]
2024-11-18 21:01:12.788 [info] > git config --get commit.template [5ms]
2024-11-18 21:01:12.789 [info] > git for-each-ref --format=%(refname)%00%(upstream:short)%00%(objectname)%00%(upstream:track)%00%(upstream:remotename)%00%(upstream:remoteref) refs/heads/main refs/remotes/main [2ms]
2024-11-18 21:01:12.797 [info] > git status -z -uall [4ms]
2024-11-18 21:01:12.798 [info] > git for-each-ref --sort -committerdate --format %(refname) %(objectname) %(*objectname) [1ms]
2024-11-18 21:01:12.804 [info] > git merge-base refs/heads/main refs/remotes/origin/main [0ms]
2024-11-18 21:01:12.809 [info] > git diff --name-status -z --diff-filter=ADMR d92405c8fb1b7aaa1ee5204dc9dba2ee85666d4f...refs/remotes/origin/main [1ms]
2024-11-18 21:01:13.836 [info] > git show --textconv :tehtävä7.cpp [5ms]
2024-11-18 21:01:13.837 [info] > git ls-files --stage -- /home/lauri/Desktop/c++/Laksyt/tehtävä7.cpp [2ms]
2024-11-18 21:01:13.841 [info] > git cat-file -s 4a87d18c3d43e9071b61dbb2377bdc6bc15333c0 [1ms]
2024-11-18 21:01:14.873 [info] > git show --textconv :tehtävä6.cpp [5ms]
2024-11-18 21:01:14.874 [info] > git ls-files --stage -- /home/lauri/Desktop/c++/Laksyt/tehtävä6.cpp [1ms]
2024-11-18 21:01:14.878 [info] > git cat-file -s 9d21e4c490c3a27ff483b1dc32f9b04620d61eda [1ms]
2024-11-18 21:01:15.597 [info] > git ls-files --stage -- /home/lauri/Desktop/c++/Laksyt/tehtävä3.cpp [1ms]
2024-11-18 21:01:15.600 [info] > git show --textconv :tehtävä3.cpp [8ms]
2024-11-18 21:01:15.601 [info] > git cat-file -s a20a8df2ef5ea4ba59ecdc87d578dd1bf3dc0979 [1ms]
2024-11-18 21:01:52.039 [info] > git log --format=%H%n%aN%n%aE%n%at%n%ct%n%P%n%D%n%B -z -n880 --follow -- /home/lauri/Desktop/c++/Laksyt/tehtävä3.cpp [40ms]
2024-11-18 21:02:00.538 [info] > git rev-parse --show-toplevel [2ms]
2024-11-18 21:02:00.538 [info] fatal: not a git repository (or any of the parent directories): .git
2024-11-18 21:02:00.734 [info] > git rev-parse --show-toplevel [1ms]
2024-11-18 21:02:00.734 [info] fatal: not a git repository (or any of the parent directories): .git
2024-11-18 21:02:37.213 [info] > git show --textconv :tehtävä5.cpp [5ms]
2024-11-18 21:02:37.214 [info] > git ls-files --stage -- /home/lauri/Desktop/c++/Laksyt/tehtävä5.cpp [1ms]
2024-11-18 21:02:37.218 [info] > git cat-file -s d6cfb4cc6cb1bb6bdfbd30fe9b4fdc58d5172fd9 [1ms]
2024-11-18 21:02:37.748 [info] > git show --textconv :tehtävä3.cpp [5ms]
2024-11-18 21:02:37.749 [info] > git ls-files --stage -- /home/lauri/Desktop/c++/Laksyt/tehtävä3.cpp [1ms]
2024-11-18 21:02:37.753 [info] > git cat-file -s a20a8df2ef5ea4ba59ecdc87d578dd1bf3dc0979 [1ms]
