    OpenRGB v0.9
    Commit:  from 
    Launched: 20240616_193212
====================================================================================================

1002  |Info:    Saving detector settings
1003  |Info:    ------------------------------------------------------
1003  |Info:    |               Start device detection               |
1003  |Info:    ------------------------------------------------------
1003  |Info:    Initializing HID interfaces: Success
1009  |Info:    ------------------------------------------------------
1009  |Info:    |             Detecting I2C interfaces               |
1009  |Info:    ------------------------------------------------------
1010  |Info:    Registering I2C interface: /dev/i2c-3 Device 1022:790B Subsystem: 1043:87C0
1010  |Info:    Registering I2C interface: /dev/i2c-1 Device 1022:790B Subsystem: 1043:87C0
1010  |Info:    Registering I2C interface: /dev/i2c-8 Device 10DE:21C4 Subsystem: 1462:C75A
1010  |Info:    Registering I2C interface: /dev/i2c-6 Device 10DE:21C4 Subsystem: 1462:C75A
1010  |Info:    Registering I2C interface: /dev/i2c-4 Device 10DE:1AED Subsystem: 1462:C75A
1010  |Info:    Registering I2C interface: /dev/i2c-2 Device 1022:790B Subsystem: 1043:87C0
1010  |Info:    Registering I2C interface: /dev/i2c-0 Device 0000:0000 Subsystem: 0000:0000
1010  |Info:    Registering I2C interface: /dev/i2c-9 Device 10DE:21C4 Subsystem: 1462:C75A
1010  |Info:    Registering I2C interface: /dev/i2c-7 Device 10DE:21C4 Subsystem: 1462:C75A
1010  |Info:    Registering I2C interface: /dev/i2c-5 Device 10DE:21C4 Subsystem: 1462:C75A
1010  |Info:    ------------------------------------------------------
1010  |Info:    |               Detecting I2C devices                |
1010  |Info:    ------------------------------------------------------
2248  |Info:    ------------------------------------------------------
2248  |Info:    |               Detecting I2C PCI devices            |
2248  |Info:    ------------------------------------------------------
2249  |Info:    ------------------------------------------------------
2249  |Info:    |               Detecting HID devices                |
2249  |Info:    ------------------------------------------------------
2326  |Info:    [ASUS TUF GAMING B550-PLUS] Registering RGB controller
2409  |Info:    [KLM] Created new Full 104 key ISO QWERTY with 6 rows and 21 columns containing 105 keys
2409  |Info:    [Razer Blackwidow V3] Registering RGB controller
2409  |Info:    ------------------------------------------------------
2409  |Info:    |            Detecting libusb HID devices            |
2409  |Info:    ------------------------------------------------------
2546  |Info:    ------------------------------------------------------
2546  |Info:    |              Detecting other devices               |
2546  |Info:    ------------------------------------------------------
2554  |Info:    ------------------------------------------------------
2554  |Info:    |                Detection completed                 |
2554  |Info:    ------------------------------------------------------
195333|Info:    Found file: keyboard.orp attempting to validate header
195333|Info:    Valid v4 profile found for keyboard
