2024-02-07 20:50:58.865 [info] Added views:workbench.panel.markers.view in workbench.panel.markers
2024-02-07 20:50:58.865 [info] Added views:workbench.panel.output in workbench.panel.output
2024-02-07 20:50:58.865 [info] Added views:terminal in terminal
2024-02-07 20:50:58.865 [info] Added views:outline in workbench.view.explorer
2024-02-07 20:50:58.865 [info] Added views:workbench.scm in workbench.view.scm
2024-02-07 20:50:58.865 [info] Added views:workbench.view.search in workbench.view.search
2024-02-07 20:50:58.865 [info] Added views:timeline in workbench.view.explorer
2024-02-07 20:50:58.865 [info] Added views:workbench.explorer.emptyView in workbench.view.explorer
2024-02-07 20:50:58.998 [info] Added views:workbench.debug.variablesView,workbench.debug.watchExpressionsView,workbench.debug.callStackView,workbench.debug.breakPointsView in workbench.view.debug
2024-02-07 20:50:59.135 [info] Added views:~remote.forwardedPorts in ~remote.forwardedPortsContainer
2024-02-07 20:51:00.474 [info] Added views:workbench.panel.repl.view in workbench.panel.repl
2024-02-07 20:51:00.475 [info] Removed views:workbench.debug.breakPointsView,workbench.debug.callStackView,workbench.debug.watchExpressionsView,workbench.debug.variablesView from workbench.view.debug
2024-02-07 20:51:00.476 [info] Added views:workbench.debug.welcome in workbench.view.debug
2024-02-07 20:51:14.140 [info] Added views:workbench.panel.markers.view in workbench.panel.markers
2024-02-07 20:51:14.140 [info] Added views:workbench.panel.output in workbench.panel.output
2024-02-07 20:51:14.140 [info] Added views:terminal in terminal
2024-02-07 20:51:14.140 [info] Added views:outline in workbench.view.explorer
2024-02-07 20:51:14.140 [info] Added views:workbench.scm in workbench.view.scm
2024-02-07 20:51:14.140 [info] Added views:workbench.view.search in workbench.view.search
2024-02-07 20:51:14.140 [info] Added views:timeline in workbench.view.explorer
2024-02-07 20:51:14.140 [info] Added views:workbench.explorer.fileView in workbench.view.explorer
2024-02-07 20:51:14.683 [info] Added views:workbench.debug.variablesView,workbench.debug.watchExpressionsView,workbench.debug.callStackView,workbench.debug.breakPointsView in workbench.view.debug
2024-02-07 20:51:14.757 [info] Added views:workbench.panel.repl.view in workbench.panel.repl
2024-02-07 20:51:14.760 [info] Removed views:workbench.debug.breakPointsView,workbench.debug.callStackView,workbench.debug.watchExpressionsView,workbench.debug.variablesView from workbench.view.debug
2024-02-07 20:51:14.760 [info] Added views:workbench.debug.welcome in workbench.view.debug
2024-02-07 20:51:14.786 [info] Added views:~remote.forwardedPorts in ~remote.forwardedPortsContainer
2024-02-07 20:51:17.072 [info] Removed views:workbench.debug.welcome from workbench.view.debug
2024-02-07 20:51:17.073 [info] Added views:workbench.debug.variablesView,workbench.debug.watchExpressionsView,workbench.debug.callStackView,workbench.debug.breakPointsView in workbench.view.debug
