2024-11-08 20:57:23.308 [info] Executing :w
2024-11-08 20:57:29.553 [info] extension-output-formulahendry.code-runner-#1-Code closed
2024-11-08 20:57:43.257 [info] /home/lauri/Desktop/c++/Laksyt/tehtävä5.cpp.git closed
2024-11-08 20:58:17.239 [info] /home/lauri/.config/VSCodium/User/settings.json closed
2024-11-08 20:58:17.245 [info] Configuration changed
2024-11-08 20:58:21.874 [info] Active editor: file:///home/lauri/Desktop/c%2B%2B/Laksyt/teht%C3%A4v%C3%A45.cpp
2024-11-08 20:58:22.797 [info] Active editor: file:///home/lauri/Desktop/c%2B%2B/Laksyt/teht%C3%A4v%C3%A43.cpp
2024-11-08 20:58:22.824 [info] /home/lauri/Desktop/c++/Laksyt/tehtävä5.cpp.git closed
2024-11-08 20:58:23.833 [info] /home/lauri/Desktop/c++/Laksyt/tehtävä3.cpp closed
2024-11-08 20:58:23.836 [info] Active editor: file:///home/lauri/Desktop/c%2B%2B/Laksyt/teht%C3%A4v%C3%A45.cpp
2024-11-08 20:58:23.840 [info] /home/lauri/Desktop/c++/Laksyt/tehtävä3.cpp.git closed
2024-11-08 20:59:21.948 [info] /home/lauri/Desktop/c++/Laksyt/tehtävä5.cpp.git closed
2024-11-08 20:59:31.677 [info] Active editor: file:///home/lauri/Desktop/c%2B%2B/Laksyt/teht%C3%A4v%C3%A45.cpp
2024-11-08 21:09:48.016 [info] Executing :w
2024-11-08 21:09:49.598 [info] Configuration changed
2024-11-08 21:11:34.659 [info] Executing :w
2024-11-08 21:20:00.252 [info] Executing :w
2024-11-08 21:33:46.038 [info] Executing :w
2024-11-08 21:34:28.024 [info] Executing :w
2024-11-08 21:34:43.971 [info] Executing :w
2024-11-08 21:34:51.819 [info] Executing :w
2024-11-08 21:35:20.098 [info] Executing :w
2024-11-08 21:39:56.984 [info] Executing :w
2024-11-08 21:44:19.097 [info] Executing :w
2024-11-08 21:44:31.898 [info] Executing :w
2024-11-08 21:44:55.350 [info] Executing :w
2024-11-08 21:46:05.786 [info] Executing :w
2024-11-08 21:51:54.077 [info] Executing :w
2024-11-08 21:52:10.405 [info] Executing :w
2024-11-08 21:55:49.616 [info] Executing :w
