2024-06-20 14:53:08.295 [info] Started local extension host with pid 199154.
2024-06-20 14:53:08.386 [info] Placing extension(s) asvetliakov.vscode-neovim on a separate extension host.
2024-06-20 14:53:08.486 [info] Started local extension host with pid 199191.
2024-06-20 14:53:11.027 [info] [perf] Render performance baseline is 23ms
2024-06-20 14:54:17.957 [error] [xabikos.JavaScriptSnippets]: Unknown language in `contributes.JavaScriptSnippets.language`. Provided value: vue
2024-06-20 14:54:30.880 [error] [xabikos.JavaScriptSnippets]: Unknown language in `contributes.JavaScriptSnippets.language`. Provided value: vue
2024-06-20 15:03:23.274 [info] Started local extension host with pid 206993.
2024-06-20 15:03:23.620 [info] Ignoring configured affinity for 'asvetliakov.vscode-neovim' because extension host(s) are already running. Reload window.
2024-06-20 15:03:23.658 [error] [xabikos.JavaScriptSnippets]: Unknown language in `contributes.JavaScriptSnippets.language`. Provided value: vue
2024-06-20 15:03:26.263 [info] Ignoring configured affinity for 'asvetliakov.vscode-neovim' because extension host(s) are already running. Reload window.
2024-06-20 15:03:26.310 [info] [perf] Render performance baseline is 23ms
2024-06-20 15:04:45.882 [info] Ignoring configured affinity for 'asvetliakov.vscode-neovim' because extension host(s) are already running. Reload window.
2024-06-20 15:04:47.001 [error] ENOENT: no such file or directory, open '/home/lauri/.config/Code - OSS/User/globalStorage/vscodevim.vim/.registers': Error: ENOENT: no such file or directory, open '/home/lauri/.config/Code - OSS/User/globalStorage/vscodevim.vim/.registers'
2024-06-20 15:34:38.441 [error] There are no commenting ranges at the current position (with range).: Error: There are no commenting ranges at the current position (with range).
    at K.addCommentAtLine (vscode-file://vscode-app/usr/lib/code/out/vs/workbench/workbench.desktop.main.js:2115:2642)
    at K.addOrToggleCommentAtLine (vscode-file://vscode-app/usr/lib/code/out/vs/workbench/workbench.desktop.main.js:2115:2172)
    at K.bb (vscode-file://vscode-app/usr/lib/code/out/vs/workbench/workbench.desktop.main.js:2115:1877)
    at u.value (vscode-file://vscode-app/usr/lib/code/out/vs/workbench/workbench.desktop.main.js:2114:34206)
    at ue.y (vscode-file://vscode-app/usr/lib/code/out/vs/workbench/workbench.desktop.main.js:89:659)
    at ue.z (vscode-file://vscode-app/usr/lib/code/out/vs/workbench/workbench.desktop.main.js:89:729)
    at ue.fire (vscode-file://vscode-app/usr/lib/code/out/vs/workbench/workbench.desktop.main.js:89:945)
    at ue.fire (vscode-file://vscode-app/usr/lib/code/out/vs/workbench/workbench.desktop.main.js:766:22581)
    at ve.onMouseUp (vscode-file://vscode-app/usr/lib/code/out/vs/workbench/workbench.desktop.main.js:766:20386)
    at S.emitMouseUp (vscode-file://vscode-app/usr/lib/code/out/vs/workbench/workbench.desktop.main.js:104:22105)
    at k.emitMouseUp (vscode-file://vscode-app/usr/lib/code/out/vs/workbench/workbench.desktop.main.js:694:46605)
    at i.F (vscode-file://vscode-app/usr/lib/code/out/vs/workbench/workbench.desktop.main.js:740:15223)
    at vscode-file://vscode-app/usr/lib/code/out/vs/workbench/workbench.desktop.main.js:740:12790
    at HTMLDivElement.<anonymous> (vscode-file://vscode-app/usr/lib/code/out/vs/workbench/workbench.desktop.main.js:735:37151)
