2024-06-20 14:53:08.253 [info] Added views:workbench.panel.markers.view in workbench.panel.markers
2024-06-20 14:53:08.253 [info] Added views:workbench.panel.output in workbench.panel.output
2024-06-20 14:53:08.253 [info] Added views:terminal in terminal
2024-06-20 14:53:08.253 [info] Added views:outline in workbench.view.explorer
2024-06-20 14:53:08.253 [info] Added views:workbench.scm in workbench.view.scm
2024-06-20 14:53:08.253 [info] Added views:workbench.view.search in workbench.view.search
2024-06-20 14:53:08.253 [info] Added views:timeline in workbench.view.explorer
2024-06-20 14:53:08.253 [info] Added views:workbench.explorer.emptyView in workbench.view.explorer
2024-06-20 14:53:08.512 [info] Added views:workbench.debug.welcome in workbench.view.debug
2024-06-20 14:53:08.554 [info] Added views:~remote.forwardedPorts in ~remote.forwardedPortsContainer
2024-06-20 14:53:08.618 [info] Added views:workbench.panel.repl.view in workbench.panel.repl
2024-06-20 14:53:43.841 [info] Added views:workbench.views.extensions.installed,workbench.views.extensions.popular,extensions.recommendedList in workbench.view.extensions
2024-06-20 14:53:43.843 [info] Removed views:workbench.views.extensions.popular from workbench.view.extensions
2024-06-20 14:53:46.777 [info] Removed views:extensions.recommendedList,workbench.views.extensions.installed from workbench.view.extensions
2024-06-20 14:53:46.782 [info] Added views:workbench.views.extensions.marketplace in workbench.view.extensions
2024-06-20 14:54:33.679 [info] Removed views:workbench.views.extensions.marketplace from workbench.view.extensions
2024-06-20 14:54:33.689 [info] Added views:workbench.views.extensions.installed,extensions.recommendedList in workbench.view.extensions
2024-06-20 15:02:11.909 [info] Removed views:extensions.recommendedList,workbench.views.extensions.installed from workbench.view.extensions
2024-06-20 15:02:11.914 [info] Added views:workbench.views.extensions.marketplace in workbench.view.extensions
2024-06-20 15:03:23.242 [info] Added views:workbench.panel.markers.view in workbench.panel.markers
2024-06-20 15:03:23.242 [info] Added views:workbench.panel.output in workbench.panel.output
2024-06-20 15:03:23.242 [info] Added views:terminal in terminal
2024-06-20 15:03:23.242 [info] Added views:outline in workbench.view.explorer
2024-06-20 15:03:23.242 [info] Added views:workbench.scm in workbench.view.scm
2024-06-20 15:03:23.242 [info] Added views:workbench.view.search in workbench.view.search
2024-06-20 15:03:23.242 [info] Added views:timeline in workbench.view.explorer
2024-06-20 15:03:23.242 [info] Added views:workbench.explorer.fileView in workbench.view.explorer
2024-06-20 15:03:23.369 [info] Added views:workbench.debug.variablesView,workbench.debug.watchExpressionsView,workbench.debug.callStackView,workbench.debug.breakPointsView in workbench.view.debug
2024-06-20 15:03:23.684 [info] Added views:~remote.forwardedPorts in ~remote.forwardedPortsContainer
2024-06-20 15:03:23.782 [info] Added views:workbench.panel.repl.view in workbench.panel.repl
2024-06-20 15:03:23.783 [info] Removed views:workbench.debug.breakPointsView,workbench.debug.callStackView,workbench.debug.watchExpressionsView,workbench.debug.variablesView from workbench.view.debug
2024-06-20 15:03:23.784 [info] Added views:workbench.debug.welcome in workbench.view.debug
2024-06-20 15:04:29.596 [info] Added views:workbench.views.extensions.installed,workbench.views.extensions.popular,extensions.recommendedList in workbench.view.extensions
2024-06-20 15:04:29.598 [info] Removed views:workbench.views.extensions.popular from workbench.view.extensions
2024-06-20 15:04:34.110 [info] Removed views:extensions.recommendedList,workbench.views.extensions.installed from workbench.view.extensions
2024-06-20 15:04:34.115 [info] Added views:workbench.views.extensions.marketplace in workbench.view.extensions
2024-06-20 15:05:11.120 [info] Removed views:workbench.views.extensions.marketplace from workbench.view.extensions
2024-06-20 15:05:11.130 [info] Added views:workbench.views.extensions.installed,extensions.recommendedList in workbench.view.extensions
