2024-11-07 16:22:27.716 [info] Extension host with pid 52361 started
2024-11-07 16:22:27.761 [info] ExtensionService#_doActivateExtension vscode.git-base, startup: true, activationEvent: '*', root cause: vscode.git
2024-11-07 16:22:27.764 [info] ExtensionService#_doActivateExtension pixl-garden.BongoCat, startup: true, activationEvent: '*'
2024-11-07 16:22:27.767 [info] ExtensionService#_doActivateExtension vscode.git, startup: true, activationEvent: '*'
2024-11-07 16:22:27.821 [info] ExtensionService#_doActivateExtension vscode.github, startup: true, activationEvent: '*'
2024-11-07 16:22:27.857 [warning] [vscode.git] Accessing a resource scoped configuration without providing a resource is not expected. To get the effective value for 'git.openRepositoryInParentFolders', provide the URI of a resource or 'null' for any resource.
2024-11-07 16:22:27.857 [warning] [vscode.git] Accessing a resource scoped configuration without providing a resource is not expected. To get the effective value for 'git.showProgress', provide the URI of a resource or 'null' for any resource.
2024-11-07 16:22:27.867 [info] Eager extensions activated
2024-11-07 16:22:27.917 [info] ExtensionService#_doActivateExtension vscode.debug-auto-launch, startup: false, activationEvent: 'onStartupFinished'
2024-11-07 16:22:27.919 [info] ExtensionService#_doActivateExtension vscode.merge-conflict, startup: false, activationEvent: 'onStartupFinished'
2024-11-07 16:22:27.933 [info] ExtensionService#_doActivateExtension Catppuccin.catppuccin-vsc, startup: false, activationEvent: 'onStartupFinished'
2024-11-07 16:22:27.936 [info] ExtensionService#_doActivateExtension formulahendry.code-runner, startup: false, activationEvent: 'onStartupFinished'
2024-11-07 16:22:27.946 [info] ExtensionService#_doActivateExtension vscodevim.vim, startup: false, activationEvent: 'onStartupFinished'
2024-11-07 16:22:28.024 [warning] [formulahendry.code-runner] Accessing a resource scoped configuration without providing a resource is not expected. To get the effective value for 'code-runner.enableAppInsights', provide the URI of a resource or 'null' for any resource.
2024-11-07 16:22:32.323 [info] ExtensionService#_doActivateExtension vscode.configuration-editing, startup: false, activationEvent: 'onLanguage:jsonc'
2024-11-07 16:22:32.383 [info] ExtensionService#_doActivateExtension vscode.json-language-features, startup: false, activationEvent: 'onLanguage:jsonc'
2024-11-07 16:22:32.437 [info] ExtensionService#_doActivateExtension vscode.typescript-language-features, startup: false, activationEvent: 'onLanguage:jsonc'
2024-11-07 16:22:32.638 [info] ExtensionService#_doActivateExtension vscode.emmet, startup: false, activationEvent: 'onLanguage'
2024-11-07 16:23:46.983 [info] Extension host terminating: renderer closed the MessagePort
2024-11-07 16:23:46.990 [info] Extension host with pid 52361 exiting with code 0
2024-11-07 16:23:47.798 [info] Extension host with pid 54477 started
2024-11-07 16:23:47.798 [info] Skipping acquiring lock for /home/lauri/.config/Code - OSS/User/workspaceStorage/52fbec5ea366266cc18ac364c12109cc.
2024-11-07 16:23:47.871 [info] ExtensionService#_doActivateExtension vscode.git-base, startup: true, activationEvent: '*', root cause: vscode.git
2024-11-07 16:23:47.875 [info] ExtensionService#_doActivateExtension pixl-garden.BongoCat, startup: true, activationEvent: '*'
2024-11-07 16:23:47.886 [info] ExtensionService#_doActivateExtension vscode.git, startup: true, activationEvent: '*'
2024-11-07 16:23:47.935 [info] ExtensionService#_doActivateExtension vscode.github, startup: true, activationEvent: '*'
2024-11-07 16:23:47.969 [warning] [vscode.git] Accessing a resource scoped configuration without providing a resource is not expected. To get the effective value for 'git.openRepositoryInParentFolders', provide the URI of a resource or 'null' for any resource.
2024-11-07 16:23:47.969 [warning] [vscode.git] Accessing a resource scoped configuration without providing a resource is not expected. To get the effective value for 'git.showProgress', provide the URI of a resource or 'null' for any resource.
2024-11-07 16:23:47.980 [info] Eager extensions activated
2024-11-07 16:23:47.994 [info] ExtensionService#_doActivateExtension vscode.debug-auto-launch, startup: false, activationEvent: 'onStartupFinished'
2024-11-07 16:23:47.996 [info] ExtensionService#_doActivateExtension vscode.merge-conflict, startup: false, activationEvent: 'onStartupFinished'
2024-11-07 16:23:48.009 [info] ExtensionService#_doActivateExtension Catppuccin.catppuccin-vsc, startup: false, activationEvent: 'onStartupFinished'
2024-11-07 16:23:48.012 [info] ExtensionService#_doActivateExtension formulahendry.code-runner, startup: false, activationEvent: 'onStartupFinished'
2024-11-07 16:23:48.022 [info] ExtensionService#_doActivateExtension vscodevim.vim, startup: false, activationEvent: 'onStartupFinished'
2024-11-07 16:23:48.101 [warning] [formulahendry.code-runner] Accessing a resource scoped configuration without providing a resource is not expected. To get the effective value for 'code-runner.enableAppInsights', provide the URI of a resource or 'null' for any resource.
2024-11-07 16:23:48.148 [info] ExtensionService#_doActivateExtension vscode.emmet, startup: false, activationEvent: 'onLanguage'
2024-11-07 16:23:48.239 [info] ExtensionService#_doActivateExtension vscode.github-authentication, startup: false, activationEvent: 'onAuthenticationRequest:github'
2024-11-07 16:30:51.115 [info] ExtensionService#_doActivateExtension vscode.npm, startup: false, activationEvent: 'onTerminalQuickFixRequest:ms-vscode.npm-command'
2024-11-07 16:32:28.548 [warning] [vscode.git] Accessing a window scoped configuration for a resource is not expected. To associate 'git.useEditorAsCommitInput' to a resource, define its scope to 'resource' in configuration contributions in 'package.json'.
2024-11-07 16:32:28.548 [warning] [vscode.git] Accessing a window scoped configuration for a resource is not expected. To associate 'git.useEditorAsCommitInput' to a resource, define its scope to 'resource' in configuration contributions in 'package.json'.
2024-11-07 16:33:42.228 [warning] [vscode.git] Accessing a window scoped configuration for a resource is not expected. To associate 'git.useEditorAsCommitInput' to a resource, define its scope to 'resource' in configuration contributions in 'package.json'.
2024-11-07 16:33:42.228 [warning] [vscode.git] Accessing a window scoped configuration for a resource is not expected. To associate 'git.useEditorAsCommitInput' to a resource, define its scope to 'resource' in configuration contributions in 'package.json'.
2024-11-07 16:35:23.859 [info] Extension host terminating: renderer closed the MessagePort
2024-11-07 16:35:23.866 [error] Canceled: Canceled
	at new tT (file:///usr/lib/code/out/vs/workbench/api/node/extensionHostProcess.js:31:108738)
	at py.U (file:///usr/lib/code/out/vs/workbench/api/node/extensionHostProcess.js:31:113348)
	at s.<computed>.n.charCodeAt.s.<computed> (file:///usr/lib/code/out/vs/workbench/api/node/extensionHostProcess.js:31:110842)
	at Y0.g (file:///usr/lib/code/out/vs/workbench/api/node/extensionHostProcess.js:114:32313)
	at Y0.executeCommand (file:///usr/lib/code/out/vs/workbench/api/node/extensionHostProcess.js:114:31817)
	at r.registerCommand.description (file:///usr/lib/code/out/vs/workbench/api/node/extensionHostProcess.js:114:31147)
	at Y0.h (file:///usr/lib/code/out/vs/workbench/api/node/extensionHostProcess.js:114:32833)
	at Y0.g (file:///usr/lib/code/out/vs/workbench/api/node/extensionHostProcess.js:114:31910)
	at Y0.executeCommand (file:///usr/lib/code/out/vs/workbench/api/node/extensionHostProcess.js:114:31817)
	at Object.executeCommand (file:///usr/lib/code/out/vs/workbench/api/node/extensionHostProcess.js:156:37246)
	at mh.O [as value] (/usr/lib/code/extensions/git/dist/main.js:2:961845)
	at D.B (file:///usr/lib/code/out/vs/workbench/api/node/extensionHostProcess.js:29:746)
	at D.C (file:///usr/lib/code/out/vs/workbench/api/node/extensionHostProcess.js:29:816)
	at D.fire (file:///usr/lib/code/out/vs/workbench/api/node/extensionHostProcess.js:29:1033)
	at Object.p [as dispose] (/usr/lib/code/extensions/git/dist/main.js:2:983333)
	at /usr/lib/code/extensions/git/dist/main.js:2:989455
	at Array.forEach (<anonymous>)
	at b.dispose (/usr/lib/code/extensions/git/dist/main.js:2:989441)
	at V1.<anonymous> (file:///usr/lib/code/out/vs/workbench/api/node/extensionHostProcess.js:108:19994)
	at V1.dispose (file:///usr/lib/code/out/vs/workbench/api/node/extensionHostProcess.js:108:20090)
	at V1.<anonymous> (/usr/lib/code/extensions/git/dist/main.js:2:964255)
	at V1.dispose (file:///usr/lib/code/out/vs/workbench/api/node/extensionHostProcess.js:108:20090)
	at ci (file:///usr/lib/code/out/vs/workbench/api/node/extensionHostProcess.js:24:699)
	at file:///usr/lib/code/out/vs/workbench/api/node/extensionHostProcess.js:118:14992
	at file:///usr/lib/code/out/vs/workbench/api/node/extensionHostProcess.js:24:1009
	at Object.dispose (file:///usr/lib/code/out/vs/workbench/api/node/extensionHostProcess.js:7:2146)
	at z_.eb (file:///usr/lib/code/out/vs/workbench/api/node/extensionHostProcess.js:118:11919)
	at file:///usr/lib/code/out/vs/workbench/api/node/extensionHostProcess.js:118:9874
	at Array.map (<anonymous>)
	at z_.$ (file:///usr/lib/code/out/vs/workbench/api/node/extensionHostProcess.js:118:9862)
	at z_.terminate (file:///usr/lib/code/out/vs/workbench/api/node/extensionHostProcess.js:118:10105)
	at EC.terminate (file:///usr/lib/code/out/vs/workbench/api/node/extensionHostProcess.js:119:1424)
	at Zi (file:///usr/lib/code/out/vs/workbench/api/node/extensionHostProcess.js:174:15063)
	at MessagePortMain.<anonymous> (file:///usr/lib/code/out/vs/workbench/api/node/extensionHostProcess.js:174:11611)
	at MessagePortMain.emit (node:events:519:28)
	at MessagePortMain._internalPort.emit (node:electron/js2c/utility_init:2:2949) setContext undefined
2024-11-07 16:35:23.867 [error] Canceled: Canceled
	at new tT (file:///usr/lib/code/out/vs/workbench/api/node/extensionHostProcess.js:31:108738)
	at py.U (file:///usr/lib/code/out/vs/workbench/api/node/extensionHostProcess.js:31:113348)
	at s.<computed>.n.charCodeAt.s.<computed> (file:///usr/lib/code/out/vs/workbench/api/node/extensionHostProcess.js:31:110842)
	at Y0.g (file:///usr/lib/code/out/vs/workbench/api/node/extensionHostProcess.js:114:32313)
	at Y0.executeCommand (file:///usr/lib/code/out/vs/workbench/api/node/extensionHostProcess.js:114:31817)
	at r.registerCommand.description (file:///usr/lib/code/out/vs/workbench/api/node/extensionHostProcess.js:114:31147)
	at Y0.h (file:///usr/lib/code/out/vs/workbench/api/node/extensionHostProcess.js:114:32833)
	at Y0.g (file:///usr/lib/code/out/vs/workbench/api/node/extensionHostProcess.js:114:31910)
	at Y0.executeCommand (file:///usr/lib/code/out/vs/workbench/api/node/extensionHostProcess.js:114:31817)
	at Object.executeCommand (file:///usr/lib/code/out/vs/workbench/api/node/extensionHostProcess.js:156:37246)
	at set hasGitHubRepositories (/usr/lib/code/extensions/github/dist/extension.js:2:328633)
	at /usr/lib/code/extensions/github/dist/extension.js:2:329592
	at mh.value (/usr/lib/code/extensions/git/dist/main.js:2:1073936)
	at D.B (file:///usr/lib/code/out/vs/workbench/api/node/extensionHostProcess.js:29:746)
	at D.C (file:///usr/lib/code/out/vs/workbench/api/node/extensionHostProcess.js:29:816)
	at D.fire (file:///usr/lib/code/out/vs/workbench/api/node/extensionHostProcess.js:29:1033)
	at Object.p [as dispose] (/usr/lib/code/extensions/git/dist/main.js:2:983333)
	at /usr/lib/code/extensions/git/dist/main.js:2:989455
	at Array.forEach (<anonymous>)
	at b.dispose (/usr/lib/code/extensions/git/dist/main.js:2:989441)
	at V1.<anonymous> (file:///usr/lib/code/out/vs/workbench/api/node/extensionHostProcess.js:108:19994)
	at V1.dispose (file:///usr/lib/code/out/vs/workbench/api/node/extensionHostProcess.js:108:20090)
	at V1.<anonymous> (/usr/lib/code/extensions/git/dist/main.js:2:964255)
	at V1.dispose (file:///usr/lib/code/out/vs/workbench/api/node/extensionHostProcess.js:108:20090)
	at ci (file:///usr/lib/code/out/vs/workbench/api/node/extensionHostProcess.js:24:699)
	at file:///usr/lib/code/out/vs/workbench/api/node/extensionHostProcess.js:118:14992
	at file:///usr/lib/code/out/vs/workbench/api/node/extensionHostProcess.js:24:1009
	at Object.dispose (file:///usr/lib/code/out/vs/workbench/api/node/extensionHostProcess.js:7:2146)
	at z_.eb (file:///usr/lib/code/out/vs/workbench/api/node/extensionHostProcess.js:118:11919)
	at file:///usr/lib/code/out/vs/workbench/api/node/extensionHostProcess.js:118:9874
	at Array.map (<anonymous>)
	at z_.$ (file:///usr/lib/code/out/vs/workbench/api/node/extensionHostProcess.js:118:9862)
	at z_.terminate (file:///usr/lib/code/out/vs/workbench/api/node/extensionHostProcess.js:118:10105)
	at EC.terminate (file:///usr/lib/code/out/vs/workbench/api/node/extensionHostProcess.js:119:1424)
	at Zi (file:///usr/lib/code/out/vs/workbench/api/node/extensionHostProcess.js:174:15063)
	at MessagePortMain.<anonymous> (file:///usr/lib/code/out/vs/workbench/api/node/extensionHostProcess.js:174:11611)
	at MessagePortMain.emit (node:events:519:28)
	at MessagePortMain._internalPort.emit (node:electron/js2c/utility_init:2:2949) setContext undefined
2024-11-07 16:35:23.868 [info] Extension host with pid 54477 exiting with code 0
