2024-06-14 20:05:39.012 [info] Deleted uninstalled extension from disk franneck94.c-cpp-runner /home/lauri/.vscode-oss/extensions/franneck94.c-cpp-runner-9.2.2-universal
2024-06-14 20:05:41.442 [info] Getting Manifest... formulahendry.code-runner
2024-06-14 20:05:41.445 [info] Getting Manifest... franneck94.vscode-c-cpp-config
2024-06-14 20:05:43.644 [info] Installing extension: franneck94.vscode-c-cpp-config vscode-userdata:/home/lauri/.vscode-oss/extensions/extensions.json
2024-06-14 20:05:43.644 [info] Installing extension: formulahendry.code-runner vscode-userdata:/home/lauri/.vscode-oss/extensions/extensions.json
2024-06-14 20:05:43.855 [info] Getting Manifest... vadimcn.vscode-lldb
2024-06-14 20:05:45.043 [error] Could not load vsce-sign module Cannot find module '@vscode/vsce-sign'
Require stack:
- /usr/lib/code/out/bootstrap-amd.js
- /usr/lib/code/out/bootstrap-fork.js
2024-06-14 20:05:45.043 [info] Extension signature verification is not done: formulahendry.code-runner
2024-06-14 20:05:45.109 [error] Could not load vsce-sign module Cannot find module '@vscode/vsce-sign'
Require stack:
- /usr/lib/code/out/bootstrap-amd.js
- /usr/lib/code/out/bootstrap-fork.js
2024-06-14 20:05:45.109 [info] Extension signature verification is not done: franneck94.vscode-c-cpp-config
2024-06-14 20:05:45.138 [info] Extracted extension to file:///home/lauri/.vscode-oss/extensions/franneck94.vscode-c-cpp-config-6.0.0-universal: franneck94.vscode-c-cpp-config
2024-06-14 20:05:45.143 [info] Extracted extension to file:///home/lauri/.vscode-oss/extensions/formulahendry.code-runner-0.12.2-universal: formulahendry.code-runner
2024-06-14 20:05:45.352 [info] Renamed to /home/lauri/.vscode-oss/extensions/formulahendry.code-runner-0.12.2-universal
2024-06-14 20:05:45.352 [info] Renamed to /home/lauri/.vscode-oss/extensions/franneck94.vscode-c-cpp-config-6.0.0-universal
2024-06-14 20:05:45.622 [info] Marked extension as uninstalled formulahendry.code-runner-0.12.1-universal
2024-06-14 20:05:45.801 [info] Marked extension as uninstalled franneck94.vscode-c-cpp-config-5.10.0-universal
2024-06-14 20:05:45.816 [info] Extension installed successfully: formulahendry.code-runner vscode-userdata:/home/lauri/.vscode-oss/extensions/extensions.json
2024-06-14 20:05:45.826 [info] Extension installed successfully: franneck94.vscode-c-cpp-config vscode-userdata:/home/lauri/.vscode-oss/extensions/extensions.json
2024-06-14 20:06:12.529 [info] Getting Manifest... asvetliakov.vscode-neovim
2024-06-14 20:06:12.697 [info] Installing extension: asvetliakov.vscode-neovim vscode-userdata:/home/lauri/.vscode-oss/extensions/extensions.json
2024-06-14 20:06:13.869 [error] Could not load vsce-sign module Cannot find module '@vscode/vsce-sign'
Require stack:
- /usr/lib/code/out/bootstrap-amd.js
- /usr/lib/code/out/bootstrap-fork.js
2024-06-14 20:06:13.870 [info] Extension signature verification is not done: asvetliakov.vscode-neovim
2024-06-14 20:06:13.916 [info] Extracted extension to file:///home/lauri/.vscode-oss/extensions/asvetliakov.vscode-neovim-1.17.0-universal: asvetliakov.vscode-neovim
2024-06-14 20:06:14.012 [info] Renamed to /home/lauri/.vscode-oss/extensions/asvetliakov.vscode-neovim-1.17.0-universal
2024-06-14 20:06:14.111 [info] Extension installed successfully: asvetliakov.vscode-neovim vscode-userdata:/home/lauri/.vscode-oss/extensions/extensions.json
