2024-01-31 17:52:36.326 [info] Added views:workbench.panel.markers.view in workbench.panel.markers
2024-01-31 17:52:36.326 [info] Added views:workbench.panel.output in workbench.panel.output
2024-01-31 17:52:36.326 [info] Added views:terminal in terminal
2024-01-31 17:52:36.326 [info] Added views:outline in workbench.view.explorer
2024-01-31 17:52:36.326 [info] Added views:workbench.scm in workbench.view.scm
2024-01-31 17:52:36.326 [info] Added views:workbench.view.search in workbench.view.search
2024-01-31 17:52:36.326 [info] Added views:timeline in workbench.view.explorer
2024-01-31 17:52:36.326 [info] Added views:workbench.explorer.emptyView in workbench.view.explorer
2024-01-31 17:52:36.401 [info] Added views:workbench.debug.variablesView,workbench.debug.watchExpressionsView,workbench.debug.callStackView,workbench.debug.breakPointsView in workbench.view.debug
2024-01-31 17:52:38.563 [info] Added views:~remote.forwardedPorts in ~remote.forwardedPortsContainer
2024-01-31 17:52:39.720 [info] Added views:workbench.panel.repl.view in workbench.panel.repl
2024-01-31 17:52:39.721 [info] Removed views:workbench.debug.breakPointsView,workbench.debug.callStackView,workbench.debug.watchExpressionsView,workbench.debug.variablesView from workbench.view.debug
2024-01-31 17:52:39.722 [info] Added views:workbench.debug.welcome in workbench.view.debug
2024-01-31 17:53:37.377 [info] Added views:workbench.panel.markers.view in workbench.panel.markers
2024-01-31 17:53:37.377 [info] Added views:workbench.panel.output in workbench.panel.output
2024-01-31 17:53:37.377 [info] Added views:terminal in terminal
2024-01-31 17:53:37.377 [info] Added views:outline in workbench.view.explorer
2024-01-31 17:53:37.377 [info] Added views:workbench.scm in workbench.view.scm
2024-01-31 17:53:37.377 [info] Added views:workbench.view.search in workbench.view.search
2024-01-31 17:53:37.377 [info] Added views:timeline in workbench.view.explorer
2024-01-31 17:53:37.377 [info] Added views:workbench.explorer.fileView in workbench.view.explorer
2024-01-31 17:53:37.542 [info] Added views:workbench.debug.variablesView,workbench.debug.watchExpressionsView,workbench.debug.callStackView,workbench.debug.breakPointsView in workbench.view.debug
2024-01-31 17:53:37.569 [info] Added views:~remote.forwardedPorts in ~remote.forwardedPortsContainer
2024-01-31 17:53:37.693 [info] Added views:workbench.panel.repl.view in workbench.panel.repl
2024-01-31 17:53:46.559 [info] Added views:workbench.views.extensions.installed,workbench.views.extensions.popular,extensions.recommendedList in workbench.view.extensions
2024-01-31 17:53:46.560 [info] Removed views:workbench.views.extensions.popular from workbench.view.extensions
2024-01-31 17:53:49.898 [info] Added views:workbench.panel.output in workbench.panel.output
2024-01-31 17:53:49.898 [info] Added views:workbench.panel.markers.view in workbench.panel.markers
2024-01-31 17:53:49.898 [info] Added views:terminal in terminal
2024-01-31 17:53:49.898 [info] Added views:outline in workbench.view.explorer
2024-01-31 17:53:49.898 [info] Added views:workbench.scm in workbench.view.scm
2024-01-31 17:53:49.898 [info] Added views:workbench.view.search in workbench.view.search
2024-01-31 17:53:49.898 [info] Added views:timeline in workbench.view.explorer
2024-01-31 17:53:49.898 [info] Added views:workbench.explorer.fileView in workbench.view.explorer
2024-01-31 17:53:50.053 [info] Added views:workbench.debug.variablesView,workbench.debug.watchExpressionsView,workbench.debug.callStackView,workbench.debug.breakPointsView in workbench.view.debug
2024-01-31 17:53:50.193 [info] Added views:workbench.views.extensions.installed,extensions.recommendedList in workbench.view.extensions
2024-01-31 17:53:50.219 [info] Added views:workbench.panel.repl.view in workbench.panel.repl
2024-01-31 17:53:50.239 [info] Added views:~remote.forwardedPorts in ~remote.forwardedPortsContainer
