2024-06-24 14:18:19.240 [info] Started local extension host with pid 140943.
2024-06-24 14:18:19.749 [error] [xabikos.JavaScriptSnippets]: Unknown language in `contributes.JavaScriptSnippets.language`. Provided value: vue
2024-06-24 14:18:22.587 [info] [perf] Render performance baseline is 23ms
2024-06-24 14:54:31.406 [error] Unable to find matching pair for < at char 1053: Error: Unable to find matching pair for < at char 1053
	at r.error (/usr/lib/code/extensions/emmet/dist/node/emmetNodeMain.js:1:22533)
	at d (/usr/lib/code/extensions/emmet/dist/node/emmetNodeMain.js:1:21763)
	at u (/usr/lib/code/extensions/emmet/dist/node/emmetNodeMain.js:1:14745)
	at d (/usr/lib/code/extensions/emmet/dist/node/emmetNodeMain.js:1:14879)
	at /usr/lib/code/extensions/emmet/dist/node/emmetNodeMain.js:1:15491
	at v (/usr/lib/code/extensions/emmet/dist/node/emmetNodeMain.js:1:15597)
	at j (/usr/lib/code/extensions/emmet/dist/node/emmetNodeMain.js:1:16543)
	at P (/usr/lib/code/extensions/emmet/dist/node/emmetNodeMain.js:1:16953)
	at t.getRootNode (/usr/lib/code/extensions/emmet/dist/node/emmetNodeMain.js:1:145560)
	at t.DefaultCompletionItemProvider.provideCompletionItemsInternal (/usr/lib/code/extensions/emmet/dist/node/emmetNodeMain.js:1:131101)
	at t.DefaultCompletionItemProvider.provideCompletionItems (/usr/lib/code/extensions/emmet/dist/node/emmetNodeMain.js:1:129879)
	at ve.provideCompletionItems (/usr/lib/code/out/vs/workbench/api/node/extensionHostProcess.js:153:113352)
	at /usr/lib/code/out/vs/workbench/api/node/extensionHostProcess.js:153:138463
	at Ie.s (/usr/lib/code/out/vs/workbench/api/node/extensionHostProcess.js:153:129520)
	at Ie.$provideCompletionItems (/usr/lib/code/out/vs/workbench/api/node/extensionHostProcess.js:153:138449)
	at E.S (/usr/lib/code/out/vs/workbench/api/node/extensionHostProcess.js:150:5970)
	at E.Q (/usr/lib/code/out/vs/workbench/api/node/extensionHostProcess.js:150:5736)
	at E.M (/usr/lib/code/out/vs/workbench/api/node/extensionHostProcess.js:150:4723)
	at E.L (/usr/lib/code/out/vs/workbench/api/node/extensionHostProcess.js:150:3589)
	at n.value (/usr/lib/code/out/vs/workbench/api/node/extensionHostProcess.js:150:2282)
	at l.y (/usr/lib/code/out/vs/workbench/api/node/extensionHostProcess.js:82:664)
	at l.fire (/usr/lib/code/out/vs/workbench/api/node/extensionHostProcess.js:82:881)
	at s.fire (/usr/lib/code/out/vs/workbench/api/node/extensionHostProcess.js:107:14502)
	at n.value (/usr/lib/code/out/vs/workbench/api/node/extensionHostProcess.js:176:8481)
	at l.y (/usr/lib/code/out/vs/workbench/api/node/extensionHostProcess.js:82:664)
	at l.fire (/usr/lib/code/out/vs/workbench/api/node/extensionHostProcess.js:82:881)
	at s.fire (/usr/lib/code/out/vs/workbench/api/node/extensionHostProcess.js:107:14502)
	at MessagePortMain.<anonymous> (/usr/lib/code/out/vs/workbench/api/node/extensionHostProcess.js:176:6631)
	at MessagePortMain.emit (node:events:514:28)
	at MessagePortMain._internalPort.emit (node:electron/js2c/utility_init:2:2285)
2024-06-24 14:54:34.595 [error] Unable to find matching pair for < at char 1053: Error: Unable to find matching pair for < at char 1053
	at r.error (/usr/lib/code/extensions/emmet/dist/node/emmetNodeMain.js:1:22533)
	at d (/usr/lib/code/extensions/emmet/dist/node/emmetNodeMain.js:1:21763)
	at u (/usr/lib/code/extensions/emmet/dist/node/emmetNodeMain.js:1:14745)
	at d (/usr/lib/code/extensions/emmet/dist/node/emmetNodeMain.js:1:14879)
	at /usr/lib/code/extensions/emmet/dist/node/emmetNodeMain.js:1:15491
	at v (/usr/lib/code/extensions/emmet/dist/node/emmetNodeMain.js:1:15597)
	at j (/usr/lib/code/extensions/emmet/dist/node/emmetNodeMain.js:1:16543)
	at P (/usr/lib/code/extensions/emmet/dist/node/emmetNodeMain.js:1:16953)
	at t.getRootNode (/usr/lib/code/extensions/emmet/dist/node/emmetNodeMain.js:1:145560)
	at t.DefaultCompletionItemProvider.provideCompletionItemsInternal (/usr/lib/code/extensions/emmet/dist/node/emmetNodeMain.js:1:131101)
	at t.DefaultCompletionItemProvider.provideCompletionItems (/usr/lib/code/extensions/emmet/dist/node/emmetNodeMain.js:1:129879)
	at ve.provideCompletionItems (/usr/lib/code/out/vs/workbench/api/node/extensionHostProcess.js:153:113352)
	at /usr/lib/code/out/vs/workbench/api/node/extensionHostProcess.js:153:138463
	at Ie.s (/usr/lib/code/out/vs/workbench/api/node/extensionHostProcess.js:153:129520)
	at Ie.$provideCompletionItems (/usr/lib/code/out/vs/workbench/api/node/extensionHostProcess.js:153:138449)
	at E.S (/usr/lib/code/out/vs/workbench/api/node/extensionHostProcess.js:150:5970)
	at E.Q (/usr/lib/code/out/vs/workbench/api/node/extensionHostProcess.js:150:5736)
	at E.M (/usr/lib/code/out/vs/workbench/api/node/extensionHostProcess.js:150:4723)
	at E.L (/usr/lib/code/out/vs/workbench/api/node/extensionHostProcess.js:150:3589)
	at n.value (/usr/lib/code/out/vs/workbench/api/node/extensionHostProcess.js:150:2282)
	at l.y (/usr/lib/code/out/vs/workbench/api/node/extensionHostProcess.js:82:664)
	at l.fire (/usr/lib/code/out/vs/workbench/api/node/extensionHostProcess.js:82:881)
	at s.fire (/usr/lib/code/out/vs/workbench/api/node/extensionHostProcess.js:107:14502)
	at n.value (/usr/lib/code/out/vs/workbench/api/node/extensionHostProcess.js:176:8481)
	at l.y (/usr/lib/code/out/vs/workbench/api/node/extensionHostProcess.js:82:664)
	at l.fire (/usr/lib/code/out/vs/workbench/api/node/extensionHostProcess.js:82:881)
	at s.fire (/usr/lib/code/out/vs/workbench/api/node/extensionHostProcess.js:107:14502)
	at MessagePortMain.<anonymous> (/usr/lib/code/out/vs/workbench/api/node/extensionHostProcess.js:176:6631)
	at MessagePortMain.emit (node:events:514:28)
	at MessagePortMain._internalPort.emit (node:electron/js2c/utility_init:2:2285)
2024-06-24 14:54:39.791 [error] Unable to find matching pair for < at char 1053: Error: Unable to find matching pair for < at char 1053
	at r.error (/usr/lib/code/extensions/emmet/dist/node/emmetNodeMain.js:1:22533)
	at d (/usr/lib/code/extensions/emmet/dist/node/emmetNodeMain.js:1:21763)
	at u (/usr/lib/code/extensions/emmet/dist/node/emmetNodeMain.js:1:14745)
	at d (/usr/lib/code/extensions/emmet/dist/node/emmetNodeMain.js:1:14879)
	at /usr/lib/code/extensions/emmet/dist/node/emmetNodeMain.js:1:15491
	at v (/usr/lib/code/extensions/emmet/dist/node/emmetNodeMain.js:1:15597)
	at j (/usr/lib/code/extensions/emmet/dist/node/emmetNodeMain.js:1:16543)
	at P (/usr/lib/code/extensions/emmet/dist/node/emmetNodeMain.js:1:16953)
	at t.getRootNode (/usr/lib/code/extensions/emmet/dist/node/emmetNodeMain.js:1:145560)
	at t.DefaultCompletionItemProvider.provideCompletionItemsInternal (/usr/lib/code/extensions/emmet/dist/node/emmetNodeMain.js:1:131101)
	at t.DefaultCompletionItemProvider.provideCompletionItems (/usr/lib/code/extensions/emmet/dist/node/emmetNodeMain.js:1:129879)
	at ve.provideCompletionItems (/usr/lib/code/out/vs/workbench/api/node/extensionHostProcess.js:153:113352)
	at /usr/lib/code/out/vs/workbench/api/node/extensionHostProcess.js:153:138463
	at Ie.s (/usr/lib/code/out/vs/workbench/api/node/extensionHostProcess.js:153:129520)
	at Ie.$provideCompletionItems (/usr/lib/code/out/vs/workbench/api/node/extensionHostProcess.js:153:138449)
	at E.S (/usr/lib/code/out/vs/workbench/api/node/extensionHostProcess.js:150:5970)
	at E.Q (/usr/lib/code/out/vs/workbench/api/node/extensionHostProcess.js:150:5736)
	at E.M (/usr/lib/code/out/vs/workbench/api/node/extensionHostProcess.js:150:4723)
	at E.L (/usr/lib/code/out/vs/workbench/api/node/extensionHostProcess.js:150:3589)
	at n.value (/usr/lib/code/out/vs/workbench/api/node/extensionHostProcess.js:150:2282)
	at l.y (/usr/lib/code/out/vs/workbench/api/node/extensionHostProcess.js:82:664)
	at l.fire (/usr/lib/code/out/vs/workbench/api/node/extensionHostProcess.js:82:881)
	at s.fire (/usr/lib/code/out/vs/workbench/api/node/extensionHostProcess.js:107:14502)
	at n.value (/usr/lib/code/out/vs/workbench/api/node/extensionHostProcess.js:176:8481)
	at l.y (/usr/lib/code/out/vs/workbench/api/node/extensionHostProcess.js:82:664)
	at l.fire (/usr/lib/code/out/vs/workbench/api/node/extensionHostProcess.js:82:881)
	at s.fire (/usr/lib/code/out/vs/workbench/api/node/extensionHostProcess.js:107:14502)
	at MessagePortMain.<anonymous> (/usr/lib/code/out/vs/workbench/api/node/extensionHostProcess.js:176:6631)
	at MessagePortMain.emit (node:events:514:28)
	at MessagePortMain._internalPort.emit (node:electron/js2c/utility_init:2:2285)
2024-06-24 14:54:44.205 [error] Unable to find matching pair for < at char 1053: Error: Unable to find matching pair for < at char 1053
	at r.error (/usr/lib/code/extensions/emmet/dist/node/emmetNodeMain.js:1:22533)
	at d (/usr/lib/code/extensions/emmet/dist/node/emmetNodeMain.js:1:21763)
	at u (/usr/lib/code/extensions/emmet/dist/node/emmetNodeMain.js:1:14745)
	at d (/usr/lib/code/extensions/emmet/dist/node/emmetNodeMain.js:1:14879)
	at /usr/lib/code/extensions/emmet/dist/node/emmetNodeMain.js:1:15491
	at v (/usr/lib/code/extensions/emmet/dist/node/emmetNodeMain.js:1:15597)
	at j (/usr/lib/code/extensions/emmet/dist/node/emmetNodeMain.js:1:16543)
	at P (/usr/lib/code/extensions/emmet/dist/node/emmetNodeMain.js:1:16953)
	at t.getRootNode (/usr/lib/code/extensions/emmet/dist/node/emmetNodeMain.js:1:145560)
	at t.DefaultCompletionItemProvider.provideCompletionItemsInternal (/usr/lib/code/extensions/emmet/dist/node/emmetNodeMain.js:1:131101)
	at t.DefaultCompletionItemProvider.provideCompletionItems (/usr/lib/code/extensions/emmet/dist/node/emmetNodeMain.js:1:129879)
	at ve.provideCompletionItems (/usr/lib/code/out/vs/workbench/api/node/extensionHostProcess.js:153:113352)
	at /usr/lib/code/out/vs/workbench/api/node/extensionHostProcess.js:153:138463
	at Ie.s (/usr/lib/code/out/vs/workbench/api/node/extensionHostProcess.js:153:129520)
	at Ie.$provideCompletionItems (/usr/lib/code/out/vs/workbench/api/node/extensionHostProcess.js:153:138449)
	at E.S (/usr/lib/code/out/vs/workbench/api/node/extensionHostProcess.js:150:5970)
	at E.Q (/usr/lib/code/out/vs/workbench/api/node/extensionHostProcess.js:150:5736)
	at E.M (/usr/lib/code/out/vs/workbench/api/node/extensionHostProcess.js:150:4723)
	at E.L (/usr/lib/code/out/vs/workbench/api/node/extensionHostProcess.js:150:3589)
	at n.value (/usr/lib/code/out/vs/workbench/api/node/extensionHostProcess.js:150:2282)
	at l.y (/usr/lib/code/out/vs/workbench/api/node/extensionHostProcess.js:82:664)
	at l.fire (/usr/lib/code/out/vs/workbench/api/node/extensionHostProcess.js:82:881)
	at s.fire (/usr/lib/code/out/vs/workbench/api/node/extensionHostProcess.js:107:14502)
	at n.value (/usr/lib/code/out/vs/workbench/api/node/extensionHostProcess.js:176:8481)
	at l.y (/usr/lib/code/out/vs/workbench/api/node/extensionHostProcess.js:82:664)
	at l.fire (/usr/lib/code/out/vs/workbench/api/node/extensionHostProcess.js:82:881)
	at s.fire (/usr/lib/code/out/vs/workbench/api/node/extensionHostProcess.js:107:14502)
	at MessagePortMain.<anonymous> (/usr/lib/code/out/vs/workbench/api/node/extensionHostProcess.js:176:6631)
	at MessagePortMain.emit (node:events:514:28)
	at MessagePortMain._internalPort.emit (node:electron/js2c/utility_init:2:2285)
2024-06-24 15:00:15.480 [error] Unable to find matching pair for < at char 1062: Error: Unable to find matching pair for < at char 1062
	at r.error (/usr/lib/code/extensions/emmet/dist/node/emmetNodeMain.js:1:22533)
	at d (/usr/lib/code/extensions/emmet/dist/node/emmetNodeMain.js:1:21763)
	at u (/usr/lib/code/extensions/emmet/dist/node/emmetNodeMain.js:1:14745)
	at d (/usr/lib/code/extensions/emmet/dist/node/emmetNodeMain.js:1:14879)
	at /usr/lib/code/extensions/emmet/dist/node/emmetNodeMain.js:1:15491
	at v (/usr/lib/code/extensions/emmet/dist/node/emmetNodeMain.js:1:15597)
	at j (/usr/lib/code/extensions/emmet/dist/node/emmetNodeMain.js:1:16543)
	at P (/usr/lib/code/extensions/emmet/dist/node/emmetNodeMain.js:1:16953)
	at t.getRootNode (/usr/lib/code/extensions/emmet/dist/node/emmetNodeMain.js:1:145560)
	at t.DefaultCompletionItemProvider.provideCompletionItemsInternal (/usr/lib/code/extensions/emmet/dist/node/emmetNodeMain.js:1:131101)
	at t.DefaultCompletionItemProvider.provideCompletionItems (/usr/lib/code/extensions/emmet/dist/node/emmetNodeMain.js:1:129879)
	at ve.provideCompletionItems (/usr/lib/code/out/vs/workbench/api/node/extensionHostProcess.js:153:113352)
	at /usr/lib/code/out/vs/workbench/api/node/extensionHostProcess.js:153:138463
	at Ie.s (/usr/lib/code/out/vs/workbench/api/node/extensionHostProcess.js:153:129520)
	at Ie.$provideCompletionItems (/usr/lib/code/out/vs/workbench/api/node/extensionHostProcess.js:153:138449)
	at E.S (/usr/lib/code/out/vs/workbench/api/node/extensionHostProcess.js:150:5970)
	at E.Q (/usr/lib/code/out/vs/workbench/api/node/extensionHostProcess.js:150:5736)
	at E.M (/usr/lib/code/out/vs/workbench/api/node/extensionHostProcess.js:150:4723)
	at E.L (/usr/lib/code/out/vs/workbench/api/node/extensionHostProcess.js:150:3589)
	at n.value (/usr/lib/code/out/vs/workbench/api/node/extensionHostProcess.js:150:2282)
	at l.y (/usr/lib/code/out/vs/workbench/api/node/extensionHostProcess.js:82:664)
	at l.fire (/usr/lib/code/out/vs/workbench/api/node/extensionHostProcess.js:82:881)
	at s.fire (/usr/lib/code/out/vs/workbench/api/node/extensionHostProcess.js:107:14502)
	at n.value (/usr/lib/code/out/vs/workbench/api/node/extensionHostProcess.js:176:8481)
	at l.y (/usr/lib/code/out/vs/workbench/api/node/extensionHostProcess.js:82:664)
	at l.fire (/usr/lib/code/out/vs/workbench/api/node/extensionHostProcess.js:82:881)
	at s.fire (/usr/lib/code/out/vs/workbench/api/node/extensionHostProcess.js:107:14502)
	at MessagePortMain.<anonymous> (/usr/lib/code/out/vs/workbench/api/node/extensionHostProcess.js:176:6631)
	at MessagePortMain.emit (node:events:514:28)
	at MessagePortMain._internalPort.emit (node:electron/js2c/utility_init:2:2285)
2024-06-24 15:00:21.572 [error] Unable to find matching pair for < at char 1064: Error: Unable to find matching pair for < at char 1064
	at r.error (/usr/lib/code/extensions/emmet/dist/node/emmetNodeMain.js:1:22533)
	at d (/usr/lib/code/extensions/emmet/dist/node/emmetNodeMain.js:1:21763)
	at u (/usr/lib/code/extensions/emmet/dist/node/emmetNodeMain.js:1:14745)
	at d (/usr/lib/code/extensions/emmet/dist/node/emmetNodeMain.js:1:14879)
	at /usr/lib/code/extensions/emmet/dist/node/emmetNodeMain.js:1:15491
	at v (/usr/lib/code/extensions/emmet/dist/node/emmetNodeMain.js:1:15597)
	at j (/usr/lib/code/extensions/emmet/dist/node/emmetNodeMain.js:1:16543)
	at P (/usr/lib/code/extensions/emmet/dist/node/emmetNodeMain.js:1:16953)
	at t.getRootNode (/usr/lib/code/extensions/emmet/dist/node/emmetNodeMain.js:1:145560)
	at t.DefaultCompletionItemProvider.provideCompletionItemsInternal (/usr/lib/code/extensions/emmet/dist/node/emmetNodeMain.js:1:131101)
	at t.DefaultCompletionItemProvider.provideCompletionItems (/usr/lib/code/extensions/emmet/dist/node/emmetNodeMain.js:1:129879)
	at ve.provideCompletionItems (/usr/lib/code/out/vs/workbench/api/node/extensionHostProcess.js:153:113352)
	at /usr/lib/code/out/vs/workbench/api/node/extensionHostProcess.js:153:138463
	at Ie.s (/usr/lib/code/out/vs/workbench/api/node/extensionHostProcess.js:153:129520)
	at Ie.$provideCompletionItems (/usr/lib/code/out/vs/workbench/api/node/extensionHostProcess.js:153:138449)
	at E.S (/usr/lib/code/out/vs/workbench/api/node/extensionHostProcess.js:150:5970)
	at E.Q (/usr/lib/code/out/vs/workbench/api/node/extensionHostProcess.js:150:5736)
	at E.M (/usr/lib/code/out/vs/workbench/api/node/extensionHostProcess.js:150:4723)
	at E.L (/usr/lib/code/out/vs/workbench/api/node/extensionHostProcess.js:150:3589)
	at n.value (/usr/lib/code/out/vs/workbench/api/node/extensionHostProcess.js:150:2282)
	at l.y (/usr/lib/code/out/vs/workbench/api/node/extensionHostProcess.js:82:664)
	at l.fire (/usr/lib/code/out/vs/workbench/api/node/extensionHostProcess.js:82:881)
	at s.fire (/usr/lib/code/out/vs/workbench/api/node/extensionHostProcess.js:107:14502)
	at n.value (/usr/lib/code/out/vs/workbench/api/node/extensionHostProcess.js:176:8481)
	at l.y (/usr/lib/code/out/vs/workbench/api/node/extensionHostProcess.js:82:664)
	at l.fire (/usr/lib/code/out/vs/workbench/api/node/extensionHostProcess.js:82:881)
	at s.fire (/usr/lib/code/out/vs/workbench/api/node/extensionHostProcess.js:107:14502)
	at MessagePortMain.<anonymous> (/usr/lib/code/out/vs/workbench/api/node/extensionHostProcess.js:176:6631)
	at MessagePortMain.emit (node:events:514:28)
	at MessagePortMain._internalPort.emit (node:electron/js2c/utility_init:2:2285)
2024-06-24 15:00:27.245 [error] Unable to find matching pair for < at char 1070: Error: Unable to find matching pair for < at char 1070
	at r.error (/usr/lib/code/extensions/emmet/dist/node/emmetNodeMain.js:1:22533)
	at d (/usr/lib/code/extensions/emmet/dist/node/emmetNodeMain.js:1:21763)
	at u (/usr/lib/code/extensions/emmet/dist/node/emmetNodeMain.js:1:14745)
	at d (/usr/lib/code/extensions/emmet/dist/node/emmetNodeMain.js:1:14879)
	at /usr/lib/code/extensions/emmet/dist/node/emmetNodeMain.js:1:15491
	at v (/usr/lib/code/extensions/emmet/dist/node/emmetNodeMain.js:1:15597)
	at j (/usr/lib/code/extensions/emmet/dist/node/emmetNodeMain.js:1:16543)
	at P (/usr/lib/code/extensions/emmet/dist/node/emmetNodeMain.js:1:16953)
	at t.getRootNode (/usr/lib/code/extensions/emmet/dist/node/emmetNodeMain.js:1:145560)
	at t.DefaultCompletionItemProvider.provideCompletionItemsInternal (/usr/lib/code/extensions/emmet/dist/node/emmetNodeMain.js:1:131101)
	at t.DefaultCompletionItemProvider.provideCompletionItems (/usr/lib/code/extensions/emmet/dist/node/emmetNodeMain.js:1:129879)
	at ve.provideCompletionItems (/usr/lib/code/out/vs/workbench/api/node/extensionHostProcess.js:153:113352)
	at /usr/lib/code/out/vs/workbench/api/node/extensionHostProcess.js:153:138463
	at Ie.s (/usr/lib/code/out/vs/workbench/api/node/extensionHostProcess.js:153:129520)
	at Ie.$provideCompletionItems (/usr/lib/code/out/vs/workbench/api/node/extensionHostProcess.js:153:138449)
	at E.S (/usr/lib/code/out/vs/workbench/api/node/extensionHostProcess.js:150:5970)
	at E.Q (/usr/lib/code/out/vs/workbench/api/node/extensionHostProcess.js:150:5736)
	at E.M (/usr/lib/code/out/vs/workbench/api/node/extensionHostProcess.js:150:4723)
	at E.L (/usr/lib/code/out/vs/workbench/api/node/extensionHostProcess.js:150:3589)
	at n.value (/usr/lib/code/out/vs/workbench/api/node/extensionHostProcess.js:150:2282)
	at l.y (/usr/lib/code/out/vs/workbench/api/node/extensionHostProcess.js:82:664)
	at l.fire (/usr/lib/code/out/vs/workbench/api/node/extensionHostProcess.js:82:881)
	at s.fire (/usr/lib/code/out/vs/workbench/api/node/extensionHostProcess.js:107:14502)
	at n.value (/usr/lib/code/out/vs/workbench/api/node/extensionHostProcess.js:176:8481)
	at l.y (/usr/lib/code/out/vs/workbench/api/node/extensionHostProcess.js:82:664)
	at l.fire (/usr/lib/code/out/vs/workbench/api/node/extensionHostProcess.js:82:881)
	at s.fire (/usr/lib/code/out/vs/workbench/api/node/extensionHostProcess.js:107:14502)
	at MessagePortMain.<anonymous> (/usr/lib/code/out/vs/workbench/api/node/extensionHostProcess.js:176:6631)
	at MessagePortMain.emit (node:events:514:28)
	at MessagePortMain._internalPort.emit (node:electron/js2c/utility_init:2:2285)
2024-06-24 15:00:27.515 [error] Unable to find matching pair for < at char 1072: Error: Unable to find matching pair for < at char 1072
	at r.error (/usr/lib/code/extensions/emmet/dist/node/emmetNodeMain.js:1:22533)
	at d (/usr/lib/code/extensions/emmet/dist/node/emmetNodeMain.js:1:21763)
	at u (/usr/lib/code/extensions/emmet/dist/node/emmetNodeMain.js:1:14745)
	at d (/usr/lib/code/extensions/emmet/dist/node/emmetNodeMain.js:1:14879)
	at /usr/lib/code/extensions/emmet/dist/node/emmetNodeMain.js:1:15491
	at v (/usr/lib/code/extensions/emmet/dist/node/emmetNodeMain.js:1:15597)
	at j (/usr/lib/code/extensions/emmet/dist/node/emmetNodeMain.js:1:16543)
	at P (/usr/lib/code/extensions/emmet/dist/node/emmetNodeMain.js:1:16953)
	at t.getRootNode (/usr/lib/code/extensions/emmet/dist/node/emmetNodeMain.js:1:145560)
	at t.DefaultCompletionItemProvider.provideCompletionItemsInternal (/usr/lib/code/extensions/emmet/dist/node/emmetNodeMain.js:1:131101)
	at t.DefaultCompletionItemProvider.provideCompletionItems (/usr/lib/code/extensions/emmet/dist/node/emmetNodeMain.js:1:129879)
	at ve.provideCompletionItems (/usr/lib/code/out/vs/workbench/api/node/extensionHostProcess.js:153:113352)
	at /usr/lib/code/out/vs/workbench/api/node/extensionHostProcess.js:153:138463
	at Ie.s (/usr/lib/code/out/vs/workbench/api/node/extensionHostProcess.js:153:129520)
	at Ie.$provideCompletionItems (/usr/lib/code/out/vs/workbench/api/node/extensionHostProcess.js:153:138449)
	at E.S (/usr/lib/code/out/vs/workbench/api/node/extensionHostProcess.js:150:5970)
	at E.Q (/usr/lib/code/out/vs/workbench/api/node/extensionHostProcess.js:150:5736)
	at E.M (/usr/lib/code/out/vs/workbench/api/node/extensionHostProcess.js:150:4723)
	at E.L (/usr/lib/code/out/vs/workbench/api/node/extensionHostProcess.js:150:3589)
	at n.value (/usr/lib/code/out/vs/workbench/api/node/extensionHostProcess.js:150:2282)
	at l.y (/usr/lib/code/out/vs/workbench/api/node/extensionHostProcess.js:82:664)
	at l.fire (/usr/lib/code/out/vs/workbench/api/node/extensionHostProcess.js:82:881)
	at s.fire (/usr/lib/code/out/vs/workbench/api/node/extensionHostProcess.js:107:14502)
	at n.value (/usr/lib/code/out/vs/workbench/api/node/extensionHostProcess.js:176:8481)
	at l.y (/usr/lib/code/out/vs/workbench/api/node/extensionHostProcess.js:82:664)
	at l.fire (/usr/lib/code/out/vs/workbench/api/node/extensionHostProcess.js:82:881)
	at s.fire (/usr/lib/code/out/vs/workbench/api/node/extensionHostProcess.js:107:14502)
	at MessagePortMain.<anonymous> (/usr/lib/code/out/vs/workbench/api/node/extensionHostProcess.js:176:6631)
	at MessagePortMain.emit (node:events:514:28)
	at MessagePortMain._internalPort.emit (node:electron/js2c/utility_init:2:2285)
2024-06-24 15:00:27.609 [error] Unable to find matching pair for < at char 1073: Error: Unable to find matching pair for < at char 1073
	at r.error (/usr/lib/code/extensions/emmet/dist/node/emmetNodeMain.js:1:22533)
	at d (/usr/lib/code/extensions/emmet/dist/node/emmetNodeMain.js:1:21763)
	at u (/usr/lib/code/extensions/emmet/dist/node/emmetNodeMain.js:1:14745)
	at d (/usr/lib/code/extensions/emmet/dist/node/emmetNodeMain.js:1:14879)
	at /usr/lib/code/extensions/emmet/dist/node/emmetNodeMain.js:1:15491
	at v (/usr/lib/code/extensions/emmet/dist/node/emmetNodeMain.js:1:15597)
	at j (/usr/lib/code/extensions/emmet/dist/node/emmetNodeMain.js:1:16543)
	at P (/usr/lib/code/extensions/emmet/dist/node/emmetNodeMain.js:1:16953)
	at t.getRootNode (/usr/lib/code/extensions/emmet/dist/node/emmetNodeMain.js:1:145560)
	at t.DefaultCompletionItemProvider.provideCompletionItemsInternal (/usr/lib/code/extensions/emmet/dist/node/emmetNodeMain.js:1:131101)
	at t.DefaultCompletionItemProvider.provideCompletionItems (/usr/lib/code/extensions/emmet/dist/node/emmetNodeMain.js:1:129879)
	at ve.provideCompletionItems (/usr/lib/code/out/vs/workbench/api/node/extensionHostProcess.js:153:113352)
	at /usr/lib/code/out/vs/workbench/api/node/extensionHostProcess.js:153:138463
	at Ie.s (/usr/lib/code/out/vs/workbench/api/node/extensionHostProcess.js:153:129520)
	at Ie.$provideCompletionItems (/usr/lib/code/out/vs/workbench/api/node/extensionHostProcess.js:153:138449)
	at E.S (/usr/lib/code/out/vs/workbench/api/node/extensionHostProcess.js:150:5970)
	at E.Q (/usr/lib/code/out/vs/workbench/api/node/extensionHostProcess.js:150:5736)
	at E.M (/usr/lib/code/out/vs/workbench/api/node/extensionHostProcess.js:150:4723)
	at E.L (/usr/lib/code/out/vs/workbench/api/node/extensionHostProcess.js:150:3589)
	at n.value (/usr/lib/code/out/vs/workbench/api/node/extensionHostProcess.js:150:2282)
	at l.y (/usr/lib/code/out/vs/workbench/api/node/extensionHostProcess.js:82:664)
	at l.fire (/usr/lib/code/out/vs/workbench/api/node/extensionHostProcess.js:82:881)
	at s.fire (/usr/lib/code/out/vs/workbench/api/node/extensionHostProcess.js:107:14502)
	at n.value (/usr/lib/code/out/vs/workbench/api/node/extensionHostProcess.js:176:8481)
	at l.y (/usr/lib/code/out/vs/workbench/api/node/extensionHostProcess.js:82:664)
	at l.fire (/usr/lib/code/out/vs/workbench/api/node/extensionHostProcess.js:82:881)
	at s.fire (/usr/lib/code/out/vs/workbench/api/node/extensionHostProcess.js:107:14502)
	at MessagePortMain.<anonymous> (/usr/lib/code/out/vs/workbench/api/node/extensionHostProcess.js:176:6631)
	at MessagePortMain.emit (node:events:514:28)
	at MessagePortMain._internalPort.emit (node:electron/js2c/utility_init:2:2285)
2024-06-24 15:00:28.404 [error] Unable to find matching pair for < at char 1072: Error: Unable to find matching pair for < at char 1072
	at r.error (/usr/lib/code/extensions/emmet/dist/node/emmetNodeMain.js:1:22533)
	at d (/usr/lib/code/extensions/emmet/dist/node/emmetNodeMain.js:1:21763)
	at u (/usr/lib/code/extensions/emmet/dist/node/emmetNodeMain.js:1:14745)
	at d (/usr/lib/code/extensions/emmet/dist/node/emmetNodeMain.js:1:14879)
	at /usr/lib/code/extensions/emmet/dist/node/emmetNodeMain.js:1:15491
	at v (/usr/lib/code/extensions/emmet/dist/node/emmetNodeMain.js:1:15597)
	at j (/usr/lib/code/extensions/emmet/dist/node/emmetNodeMain.js:1:16543)
	at P (/usr/lib/code/extensions/emmet/dist/node/emmetNodeMain.js:1:16953)
	at t.getRootNode (/usr/lib/code/extensions/emmet/dist/node/emmetNodeMain.js:1:145560)
	at t.DefaultCompletionItemProvider.provideCompletionItemsInternal (/usr/lib/code/extensions/emmet/dist/node/emmetNodeMain.js:1:131101)
	at t.DefaultCompletionItemProvider.provideCompletionItems (/usr/lib/code/extensions/emmet/dist/node/emmetNodeMain.js:1:129879)
	at ve.provideCompletionItems (/usr/lib/code/out/vs/workbench/api/node/extensionHostProcess.js:153:113352)
	at /usr/lib/code/out/vs/workbench/api/node/extensionHostProcess.js:153:138463
	at Ie.s (/usr/lib/code/out/vs/workbench/api/node/extensionHostProcess.js:153:129520)
	at Ie.$provideCompletionItems (/usr/lib/code/out/vs/workbench/api/node/extensionHostProcess.js:153:138449)
	at E.S (/usr/lib/code/out/vs/workbench/api/node/extensionHostProcess.js:150:5970)
	at E.Q (/usr/lib/code/out/vs/workbench/api/node/extensionHostProcess.js:150:5736)
	at E.M (/usr/lib/code/out/vs/workbench/api/node/extensionHostProcess.js:150:4723)
	at E.L (/usr/lib/code/out/vs/workbench/api/node/extensionHostProcess.js:150:3589)
	at n.value (/usr/lib/code/out/vs/workbench/api/node/extensionHostProcess.js:150:2282)
	at l.y (/usr/lib/code/out/vs/workbench/api/node/extensionHostProcess.js:82:664)
	at l.fire (/usr/lib/code/out/vs/workbench/api/node/extensionHostProcess.js:82:881)
	at s.fire (/usr/lib/code/out/vs/workbench/api/node/extensionHostProcess.js:107:14502)
	at n.value (/usr/lib/code/out/vs/workbench/api/node/extensionHostProcess.js:176:8481)
	at l.y (/usr/lib/code/out/vs/workbench/api/node/extensionHostProcess.js:82:664)
	at l.fire (/usr/lib/code/out/vs/workbench/api/node/extensionHostProcess.js:82:881)
	at s.fire (/usr/lib/code/out/vs/workbench/api/node/extensionHostProcess.js:107:14502)
	at MessagePortMain.<anonymous> (/usr/lib/code/out/vs/workbench/api/node/extensionHostProcess.js:176:6631)
	at MessagePortMain.emit (node:events:514:28)
	at MessagePortMain._internalPort.emit (node:electron/js2c/utility_init:2:2285)
2024-06-24 15:00:28.624 [error] Unable to find matching pair for < at char 1073: Error: Unable to find matching pair for < at char 1073
	at r.error (/usr/lib/code/extensions/emmet/dist/node/emmetNodeMain.js:1:22533)
	at d (/usr/lib/code/extensions/emmet/dist/node/emmetNodeMain.js:1:21763)
	at u (/usr/lib/code/extensions/emmet/dist/node/emmetNodeMain.js:1:14745)
	at d (/usr/lib/code/extensions/emmet/dist/node/emmetNodeMain.js:1:14879)
	at /usr/lib/code/extensions/emmet/dist/node/emmetNodeMain.js:1:15491
	at v (/usr/lib/code/extensions/emmet/dist/node/emmetNodeMain.js:1:15597)
	at j (/usr/lib/code/extensions/emmet/dist/node/emmetNodeMain.js:1:16543)
	at P (/usr/lib/code/extensions/emmet/dist/node/emmetNodeMain.js:1:16953)
	at t.getRootNode (/usr/lib/code/extensions/emmet/dist/node/emmetNodeMain.js:1:145560)
	at t.DefaultCompletionItemProvider.provideCompletionItemsInternal (/usr/lib/code/extensions/emmet/dist/node/emmetNodeMain.js:1:131101)
	at t.DefaultCompletionItemProvider.provideCompletionItems (/usr/lib/code/extensions/emmet/dist/node/emmetNodeMain.js:1:129879)
	at ve.provideCompletionItems (/usr/lib/code/out/vs/workbench/api/node/extensionHostProcess.js:153:113352)
	at /usr/lib/code/out/vs/workbench/api/node/extensionHostProcess.js:153:138463
	at Ie.s (/usr/lib/code/out/vs/workbench/api/node/extensionHostProcess.js:153:129520)
	at Ie.$provideCompletionItems (/usr/lib/code/out/vs/workbench/api/node/extensionHostProcess.js:153:138449)
	at E.S (/usr/lib/code/out/vs/workbench/api/node/extensionHostProcess.js:150:5970)
	at E.Q (/usr/lib/code/out/vs/workbench/api/node/extensionHostProcess.js:150:5736)
	at E.M (/usr/lib/code/out/vs/workbench/api/node/extensionHostProcess.js:150:4723)
	at E.L (/usr/lib/code/out/vs/workbench/api/node/extensionHostProcess.js:150:3589)
	at n.value (/usr/lib/code/out/vs/workbench/api/node/extensionHostProcess.js:150:2282)
	at l.y (/usr/lib/code/out/vs/workbench/api/node/extensionHostProcess.js:82:664)
	at l.fire (/usr/lib/code/out/vs/workbench/api/node/extensionHostProcess.js:82:881)
	at s.fire (/usr/lib/code/out/vs/workbench/api/node/extensionHostProcess.js:107:14502)
	at n.value (/usr/lib/code/out/vs/workbench/api/node/extensionHostProcess.js:176:8481)
	at l.y (/usr/lib/code/out/vs/workbench/api/node/extensionHostProcess.js:82:664)
	at l.fire (/usr/lib/code/out/vs/workbench/api/node/extensionHostProcess.js:82:881)
	at s.fire (/usr/lib/code/out/vs/workbench/api/node/extensionHostProcess.js:107:14502)
	at MessagePortMain.<anonymous> (/usr/lib/code/out/vs/workbench/api/node/extensionHostProcess.js:176:6631)
	at MessagePortMain.emit (node:events:514:28)
	at MessagePortMain._internalPort.emit (node:electron/js2c/utility_init:2:2285)
2024-06-24 15:00:30.756 [error] Unable to find matching pair for < at char 1069: Error: Unable to find matching pair for < at char 1069
	at r.error (/usr/lib/code/extensions/emmet/dist/node/emmetNodeMain.js:1:22533)
	at d (/usr/lib/code/extensions/emmet/dist/node/emmetNodeMain.js:1:21763)
	at u (/usr/lib/code/extensions/emmet/dist/node/emmetNodeMain.js:1:14745)
	at d (/usr/lib/code/extensions/emmet/dist/node/emmetNodeMain.js:1:14879)
	at /usr/lib/code/extensions/emmet/dist/node/emmetNodeMain.js:1:15491
	at v (/usr/lib/code/extensions/emmet/dist/node/emmetNodeMain.js:1:15597)
	at j (/usr/lib/code/extensions/emmet/dist/node/emmetNodeMain.js:1:16543)
	at P (/usr/lib/code/extensions/emmet/dist/node/emmetNodeMain.js:1:16953)
	at t.getRootNode (/usr/lib/code/extensions/emmet/dist/node/emmetNodeMain.js:1:145560)
	at t.DefaultCompletionItemProvider.provideCompletionItemsInternal (/usr/lib/code/extensions/emmet/dist/node/emmetNodeMain.js:1:131101)
	at t.DefaultCompletionItemProvider.provideCompletionItems (/usr/lib/code/extensions/emmet/dist/node/emmetNodeMain.js:1:129879)
	at ve.provideCompletionItems (/usr/lib/code/out/vs/workbench/api/node/extensionHostProcess.js:153:113352)
	at /usr/lib/code/out/vs/workbench/api/node/extensionHostProcess.js:153:138463
	at Ie.s (/usr/lib/code/out/vs/workbench/api/node/extensionHostProcess.js:153:129520)
	at Ie.$provideCompletionItems (/usr/lib/code/out/vs/workbench/api/node/extensionHostProcess.js:153:138449)
	at E.S (/usr/lib/code/out/vs/workbench/api/node/extensionHostProcess.js:150:5970)
	at E.Q (/usr/lib/code/out/vs/workbench/api/node/extensionHostProcess.js:150:5736)
	at E.M (/usr/lib/code/out/vs/workbench/api/node/extensionHostProcess.js:150:4723)
	at E.L (/usr/lib/code/out/vs/workbench/api/node/extensionHostProcess.js:150:3589)
	at n.value (/usr/lib/code/out/vs/workbench/api/node/extensionHostProcess.js:150:2282)
	at l.y (/usr/lib/code/out/vs/workbench/api/node/extensionHostProcess.js:82:664)
	at l.fire (/usr/lib/code/out/vs/workbench/api/node/extensionHostProcess.js:82:881)
	at s.fire (/usr/lib/code/out/vs/workbench/api/node/extensionHostProcess.js:107:14502)
	at n.value (/usr/lib/code/out/vs/workbench/api/node/extensionHostProcess.js:176:8481)
	at l.y (/usr/lib/code/out/vs/workbench/api/node/extensionHostProcess.js:82:664)
	at l.fire (/usr/lib/code/out/vs/workbench/api/node/extensionHostProcess.js:82:881)
	at s.fire (/usr/lib/code/out/vs/workbench/api/node/extensionHostProcess.js:107:14502)
	at MessagePortMain.<anonymous> (/usr/lib/code/out/vs/workbench/api/node/extensionHostProcess.js:176:6631)
	at MessagePortMain.emit (node:events:514:28)
	at MessagePortMain._internalPort.emit (node:electron/js2c/utility_init:2:2285)
2024-06-24 15:00:31.373 [error] Unable to find matching pair for < at char 1071: Error: Unable to find matching pair for < at char 1071
	at r.error (/usr/lib/code/extensions/emmet/dist/node/emmetNodeMain.js:1:22533)
	at d (/usr/lib/code/extensions/emmet/dist/node/emmetNodeMain.js:1:21763)
	at u (/usr/lib/code/extensions/emmet/dist/node/emmetNodeMain.js:1:14745)
	at d (/usr/lib/code/extensions/emmet/dist/node/emmetNodeMain.js:1:14879)
	at /usr/lib/code/extensions/emmet/dist/node/emmetNodeMain.js:1:15491
	at v (/usr/lib/code/extensions/emmet/dist/node/emmetNodeMain.js:1:15597)
	at j (/usr/lib/code/extensions/emmet/dist/node/emmetNodeMain.js:1:16543)
	at P (/usr/lib/code/extensions/emmet/dist/node/emmetNodeMain.js:1:16953)
	at t.getRootNode (/usr/lib/code/extensions/emmet/dist/node/emmetNodeMain.js:1:145560)
	at t.DefaultCompletionItemProvider.provideCompletionItemsInternal (/usr/lib/code/extensions/emmet/dist/node/emmetNodeMain.js:1:131101)
	at t.DefaultCompletionItemProvider.provideCompletionItems (/usr/lib/code/extensions/emmet/dist/node/emmetNodeMain.js:1:129879)
	at ve.provideCompletionItems (/usr/lib/code/out/vs/workbench/api/node/extensionHostProcess.js:153:113352)
	at /usr/lib/code/out/vs/workbench/api/node/extensionHostProcess.js:153:138463
	at Ie.s (/usr/lib/code/out/vs/workbench/api/node/extensionHostProcess.js:153:129520)
	at Ie.$provideCompletionItems (/usr/lib/code/out/vs/workbench/api/node/extensionHostProcess.js:153:138449)
	at E.S (/usr/lib/code/out/vs/workbench/api/node/extensionHostProcess.js:150:5970)
	at E.Q (/usr/lib/code/out/vs/workbench/api/node/extensionHostProcess.js:150:5736)
	at E.M (/usr/lib/code/out/vs/workbench/api/node/extensionHostProcess.js:150:4723)
	at E.L (/usr/lib/code/out/vs/workbench/api/node/extensionHostProcess.js:150:3589)
	at n.value (/usr/lib/code/out/vs/workbench/api/node/extensionHostProcess.js:150:2282)
	at l.y (/usr/lib/code/out/vs/workbench/api/node/extensionHostProcess.js:82:664)
	at l.fire (/usr/lib/code/out/vs/workbench/api/node/extensionHostProcess.js:82:881)
	at s.fire (/usr/lib/code/out/vs/workbench/api/node/extensionHostProcess.js:107:14502)
	at n.value (/usr/lib/code/out/vs/workbench/api/node/extensionHostProcess.js:176:8481)
	at l.y (/usr/lib/code/out/vs/workbench/api/node/extensionHostProcess.js:82:664)
	at l.fire (/usr/lib/code/out/vs/workbench/api/node/extensionHostProcess.js:82:881)
	at s.fire (/usr/lib/code/out/vs/workbench/api/node/extensionHostProcess.js:107:14502)
	at MessagePortMain.<anonymous> (/usr/lib/code/out/vs/workbench/api/node/extensionHostProcess.js:176:6631)
	at MessagePortMain.emit (node:events:514:28)
	at MessagePortMain._internalPort.emit (node:electron/js2c/utility_init:2:2285)
2024-06-24 15:00:32.257 [error] Unable to find matching pair for < at char 1070: Error: Unable to find matching pair for < at char 1070
	at r.error (/usr/lib/code/extensions/emmet/dist/node/emmetNodeMain.js:1:22533)
	at d (/usr/lib/code/extensions/emmet/dist/node/emmetNodeMain.js:1:21763)
	at u (/usr/lib/code/extensions/emmet/dist/node/emmetNodeMain.js:1:14745)
	at d (/usr/lib/code/extensions/emmet/dist/node/emmetNodeMain.js:1:14879)
	at /usr/lib/code/extensions/emmet/dist/node/emmetNodeMain.js:1:15491
	at v (/usr/lib/code/extensions/emmet/dist/node/emmetNodeMain.js:1:15597)
	at j (/usr/lib/code/extensions/emmet/dist/node/emmetNodeMain.js:1:16543)
	at P (/usr/lib/code/extensions/emmet/dist/node/emmetNodeMain.js:1:16953)
	at t.getRootNode (/usr/lib/code/extensions/emmet/dist/node/emmetNodeMain.js:1:145560)
	at t.DefaultCompletionItemProvider.provideCompletionItemsInternal (/usr/lib/code/extensions/emmet/dist/node/emmetNodeMain.js:1:131101)
	at t.DefaultCompletionItemProvider.provideCompletionItems (/usr/lib/code/extensions/emmet/dist/node/emmetNodeMain.js:1:129879)
	at ve.provideCompletionItems (/usr/lib/code/out/vs/workbench/api/node/extensionHostProcess.js:153:113352)
	at /usr/lib/code/out/vs/workbench/api/node/extensionHostProcess.js:153:138463
	at Ie.s (/usr/lib/code/out/vs/workbench/api/node/extensionHostProcess.js:153:129520)
	at Ie.$provideCompletionItems (/usr/lib/code/out/vs/workbench/api/node/extensionHostProcess.js:153:138449)
	at E.S (/usr/lib/code/out/vs/workbench/api/node/extensionHostProcess.js:150:5970)
	at E.Q (/usr/lib/code/out/vs/workbench/api/node/extensionHostProcess.js:150:5736)
	at E.M (/usr/lib/code/out/vs/workbench/api/node/extensionHostProcess.js:150:4723)
	at E.L (/usr/lib/code/out/vs/workbench/api/node/extensionHostProcess.js:150:3589)
	at n.value (/usr/lib/code/out/vs/workbench/api/node/extensionHostProcess.js:150:2282)
	at l.y (/usr/lib/code/out/vs/workbench/api/node/extensionHostProcess.js:82:664)
	at l.fire (/usr/lib/code/out/vs/workbench/api/node/extensionHostProcess.js:82:881)
	at s.fire (/usr/lib/code/out/vs/workbench/api/node/extensionHostProcess.js:107:14502)
	at n.value (/usr/lib/code/out/vs/workbench/api/node/extensionHostProcess.js:176:8481)
	at l.y (/usr/lib/code/out/vs/workbench/api/node/extensionHostProcess.js:82:664)
	at l.fire (/usr/lib/code/out/vs/workbench/api/node/extensionHostProcess.js:82:881)
	at s.fire (/usr/lib/code/out/vs/workbench/api/node/extensionHostProcess.js:107:14502)
	at MessagePortMain.<anonymous> (/usr/lib/code/out/vs/workbench/api/node/extensionHostProcess.js:176:6631)
	at MessagePortMain.emit (node:events:514:28)
	at MessagePortMain._internalPort.emit (node:electron/js2c/utility_init:2:2285)
2024-06-24 15:00:32.372 [error] Unable to find matching pair for < at char 1071: Error: Unable to find matching pair for < at char 1071
	at r.error (/usr/lib/code/extensions/emmet/dist/node/emmetNodeMain.js:1:22533)
	at d (/usr/lib/code/extensions/emmet/dist/node/emmetNodeMain.js:1:21763)
	at u (/usr/lib/code/extensions/emmet/dist/node/emmetNodeMain.js:1:14745)
	at d (/usr/lib/code/extensions/emmet/dist/node/emmetNodeMain.js:1:14879)
	at /usr/lib/code/extensions/emmet/dist/node/emmetNodeMain.js:1:15491
	at v (/usr/lib/code/extensions/emmet/dist/node/emmetNodeMain.js:1:15597)
	at j (/usr/lib/code/extensions/emmet/dist/node/emmetNodeMain.js:1:16543)
	at P (/usr/lib/code/extensions/emmet/dist/node/emmetNodeMain.js:1:16953)
	at t.getRootNode (/usr/lib/code/extensions/emmet/dist/node/emmetNodeMain.js:1:145560)
	at t.DefaultCompletionItemProvider.provideCompletionItemsInternal (/usr/lib/code/extensions/emmet/dist/node/emmetNodeMain.js:1:131101)
	at t.DefaultCompletionItemProvider.provideCompletionItems (/usr/lib/code/extensions/emmet/dist/node/emmetNodeMain.js:1:129879)
	at ve.provideCompletionItems (/usr/lib/code/out/vs/workbench/api/node/extensionHostProcess.js:153:113352)
	at /usr/lib/code/out/vs/workbench/api/node/extensionHostProcess.js:153:138463
	at Ie.s (/usr/lib/code/out/vs/workbench/api/node/extensionHostProcess.js:153:129520)
	at Ie.$provideCompletionItems (/usr/lib/code/out/vs/workbench/api/node/extensionHostProcess.js:153:138449)
	at E.S (/usr/lib/code/out/vs/workbench/api/node/extensionHostProcess.js:150:5970)
	at E.Q (/usr/lib/code/out/vs/workbench/api/node/extensionHostProcess.js:150:5736)
	at E.M (/usr/lib/code/out/vs/workbench/api/node/extensionHostProcess.js:150:4723)
	at E.L (/usr/lib/code/out/vs/workbench/api/node/extensionHostProcess.js:150:3589)
	at n.value (/usr/lib/code/out/vs/workbench/api/node/extensionHostProcess.js:150:2282)
	at l.y (/usr/lib/code/out/vs/workbench/api/node/extensionHostProcess.js:82:664)
	at l.fire (/usr/lib/code/out/vs/workbench/api/node/extensionHostProcess.js:82:881)
	at s.fire (/usr/lib/code/out/vs/workbench/api/node/extensionHostProcess.js:107:14502)
	at n.value (/usr/lib/code/out/vs/workbench/api/node/extensionHostProcess.js:176:8481)
	at l.y (/usr/lib/code/out/vs/workbench/api/node/extensionHostProcess.js:82:664)
	at l.fire (/usr/lib/code/out/vs/workbench/api/node/extensionHostProcess.js:82:881)
	at s.fire (/usr/lib/code/out/vs/workbench/api/node/extensionHostProcess.js:107:14502)
	at MessagePortMain.<anonymous> (/usr/lib/code/out/vs/workbench/api/node/extensionHostProcess.js:176:6631)
	at MessagePortMain.emit (node:events:514:28)
	at MessagePortMain._internalPort.emit (node:electron/js2c/utility_init:2:2285)
2024-06-24 15:00:32.567 [error] Unable to find matching pair for < at char 1072: Error: Unable to find matching pair for < at char 1072
	at r.error (/usr/lib/code/extensions/emmet/dist/node/emmetNodeMain.js:1:22533)
	at d (/usr/lib/code/extensions/emmet/dist/node/emmetNodeMain.js:1:21763)
	at u (/usr/lib/code/extensions/emmet/dist/node/emmetNodeMain.js:1:14745)
	at d (/usr/lib/code/extensions/emmet/dist/node/emmetNodeMain.js:1:14879)
	at /usr/lib/code/extensions/emmet/dist/node/emmetNodeMain.js:1:15491
	at v (/usr/lib/code/extensions/emmet/dist/node/emmetNodeMain.js:1:15597)
	at j (/usr/lib/code/extensions/emmet/dist/node/emmetNodeMain.js:1:16543)
	at P (/usr/lib/code/extensions/emmet/dist/node/emmetNodeMain.js:1:16953)
	at t.getRootNode (/usr/lib/code/extensions/emmet/dist/node/emmetNodeMain.js:1:145560)
	at t.DefaultCompletionItemProvider.provideCompletionItemsInternal (/usr/lib/code/extensions/emmet/dist/node/emmetNodeMain.js:1:131101)
	at t.DefaultCompletionItemProvider.provideCompletionItems (/usr/lib/code/extensions/emmet/dist/node/emmetNodeMain.js:1:129879)
	at ve.provideCompletionItems (/usr/lib/code/out/vs/workbench/api/node/extensionHostProcess.js:153:113352)
	at /usr/lib/code/out/vs/workbench/api/node/extensionHostProcess.js:153:138463
	at Ie.s (/usr/lib/code/out/vs/workbench/api/node/extensionHostProcess.js:153:129520)
	at Ie.$provideCompletionItems (/usr/lib/code/out/vs/workbench/api/node/extensionHostProcess.js:153:138449)
	at E.S (/usr/lib/code/out/vs/workbench/api/node/extensionHostProcess.js:150:5970)
	at E.Q (/usr/lib/code/out/vs/workbench/api/node/extensionHostProcess.js:150:5736)
	at E.M (/usr/lib/code/out/vs/workbench/api/node/extensionHostProcess.js:150:4723)
	at E.L (/usr/lib/code/out/vs/workbench/api/node/extensionHostProcess.js:150:3589)
	at n.value (/usr/lib/code/out/vs/workbench/api/node/extensionHostProcess.js:150:2282)
	at l.y (/usr/lib/code/out/vs/workbench/api/node/extensionHostProcess.js:82:664)
	at l.fire (/usr/lib/code/out/vs/workbench/api/node/extensionHostProcess.js:82:881)
	at s.fire (/usr/lib/code/out/vs/workbench/api/node/extensionHostProcess.js:107:14502)
	at n.value (/usr/lib/code/out/vs/workbench/api/node/extensionHostProcess.js:176:8481)
	at l.y (/usr/lib/code/out/vs/workbench/api/node/extensionHostProcess.js:82:664)
	at l.fire (/usr/lib/code/out/vs/workbench/api/node/extensionHostProcess.js:82:881)
	at s.fire (/usr/lib/code/out/vs/workbench/api/node/extensionHostProcess.js:107:14502)
	at MessagePortMain.<anonymous> (/usr/lib/code/out/vs/workbench/api/node/extensionHostProcess.js:176:6631)
	at MessagePortMain.emit (node:events:514:28)
	at MessagePortMain._internalPort.emit (node:electron/js2c/utility_init:2:2285)
2024-06-24 15:00:37.042 [error] Unable to find matching pair for < at char 1075: Error: Unable to find matching pair for < at char 1075
	at r.error (/usr/lib/code/extensions/emmet/dist/node/emmetNodeMain.js:1:22533)
	at d (/usr/lib/code/extensions/emmet/dist/node/emmetNodeMain.js:1:21763)
	at u (/usr/lib/code/extensions/emmet/dist/node/emmetNodeMain.js:1:14745)
	at d (/usr/lib/code/extensions/emmet/dist/node/emmetNodeMain.js:1:14879)
	at /usr/lib/code/extensions/emmet/dist/node/emmetNodeMain.js:1:15491
	at v (/usr/lib/code/extensions/emmet/dist/node/emmetNodeMain.js:1:15597)
	at j (/usr/lib/code/extensions/emmet/dist/node/emmetNodeMain.js:1:16543)
	at P (/usr/lib/code/extensions/emmet/dist/node/emmetNodeMain.js:1:16953)
	at t.getRootNode (/usr/lib/code/extensions/emmet/dist/node/emmetNodeMain.js:1:145560)
	at t.DefaultCompletionItemProvider.provideCompletionItemsInternal (/usr/lib/code/extensions/emmet/dist/node/emmetNodeMain.js:1:131101)
	at t.DefaultCompletionItemProvider.provideCompletionItems (/usr/lib/code/extensions/emmet/dist/node/emmetNodeMain.js:1:129879)
	at ve.provideCompletionItems (/usr/lib/code/out/vs/workbench/api/node/extensionHostProcess.js:153:113352)
	at /usr/lib/code/out/vs/workbench/api/node/extensionHostProcess.js:153:138463
	at Ie.s (/usr/lib/code/out/vs/workbench/api/node/extensionHostProcess.js:153:129520)
	at Ie.$provideCompletionItems (/usr/lib/code/out/vs/workbench/api/node/extensionHostProcess.js:153:138449)
	at E.S (/usr/lib/code/out/vs/workbench/api/node/extensionHostProcess.js:150:5970)
	at E.Q (/usr/lib/code/out/vs/workbench/api/node/extensionHostProcess.js:150:5736)
	at E.M (/usr/lib/code/out/vs/workbench/api/node/extensionHostProcess.js:150:4723)
	at E.L (/usr/lib/code/out/vs/workbench/api/node/extensionHostProcess.js:150:3589)
	at n.value (/usr/lib/code/out/vs/workbench/api/node/extensionHostProcess.js:150:2282)
	at l.y (/usr/lib/code/out/vs/workbench/api/node/extensionHostProcess.js:82:664)
	at l.fire (/usr/lib/code/out/vs/workbench/api/node/extensionHostProcess.js:82:881)
	at s.fire (/usr/lib/code/out/vs/workbench/api/node/extensionHostProcess.js:107:14502)
	at n.value (/usr/lib/code/out/vs/workbench/api/node/extensionHostProcess.js:176:8481)
	at l.y (/usr/lib/code/out/vs/workbench/api/node/extensionHostProcess.js:82:664)
	at l.fire (/usr/lib/code/out/vs/workbench/api/node/extensionHostProcess.js:82:881)
	at s.fire (/usr/lib/code/out/vs/workbench/api/node/extensionHostProcess.js:107:14502)
	at MessagePortMain.<anonymous> (/usr/lib/code/out/vs/workbench/api/node/extensionHostProcess.js:176:6631)
	at MessagePortMain.emit (node:events:514:28)
	at MessagePortMain._internalPort.emit (node:electron/js2c/utility_init:2:2285)
2024-06-24 15:00:41.738 [error] Unable to find matching pair for < at char 1082: Error: Unable to find matching pair for < at char 1082
	at r.error (/usr/lib/code/extensions/emmet/dist/node/emmetNodeMain.js:1:22533)
	at d (/usr/lib/code/extensions/emmet/dist/node/emmetNodeMain.js:1:21763)
	at u (/usr/lib/code/extensions/emmet/dist/node/emmetNodeMain.js:1:14745)
	at d (/usr/lib/code/extensions/emmet/dist/node/emmetNodeMain.js:1:14879)
	at /usr/lib/code/extensions/emmet/dist/node/emmetNodeMain.js:1:15491
	at v (/usr/lib/code/extensions/emmet/dist/node/emmetNodeMain.js:1:15597)
	at j (/usr/lib/code/extensions/emmet/dist/node/emmetNodeMain.js:1:16543)
	at P (/usr/lib/code/extensions/emmet/dist/node/emmetNodeMain.js:1:16953)
	at t.getRootNode (/usr/lib/code/extensions/emmet/dist/node/emmetNodeMain.js:1:145560)
	at t.DefaultCompletionItemProvider.provideCompletionItemsInternal (/usr/lib/code/extensions/emmet/dist/node/emmetNodeMain.js:1:131101)
	at t.DefaultCompletionItemProvider.provideCompletionItems (/usr/lib/code/extensions/emmet/dist/node/emmetNodeMain.js:1:129879)
	at ve.provideCompletionItems (/usr/lib/code/out/vs/workbench/api/node/extensionHostProcess.js:153:113352)
	at /usr/lib/code/out/vs/workbench/api/node/extensionHostProcess.js:153:138463
	at Ie.s (/usr/lib/code/out/vs/workbench/api/node/extensionHostProcess.js:153:129520)
	at Ie.$provideCompletionItems (/usr/lib/code/out/vs/workbench/api/node/extensionHostProcess.js:153:138449)
	at E.S (/usr/lib/code/out/vs/workbench/api/node/extensionHostProcess.js:150:5970)
	at E.Q (/usr/lib/code/out/vs/workbench/api/node/extensionHostProcess.js:150:5736)
	at E.M (/usr/lib/code/out/vs/workbench/api/node/extensionHostProcess.js:150:4723)
	at E.L (/usr/lib/code/out/vs/workbench/api/node/extensionHostProcess.js:150:3589)
	at n.value (/usr/lib/code/out/vs/workbench/api/node/extensionHostProcess.js:150:2282)
	at l.y (/usr/lib/code/out/vs/workbench/api/node/extensionHostProcess.js:82:664)
	at l.fire (/usr/lib/code/out/vs/workbench/api/node/extensionHostProcess.js:82:881)
	at s.fire (/usr/lib/code/out/vs/workbench/api/node/extensionHostProcess.js:107:14502)
	at n.value (/usr/lib/code/out/vs/workbench/api/node/extensionHostProcess.js:176:8481)
	at l.y (/usr/lib/code/out/vs/workbench/api/node/extensionHostProcess.js:82:664)
	at l.fire (/usr/lib/code/out/vs/workbench/api/node/extensionHostProcess.js:82:881)
	at s.fire (/usr/lib/code/out/vs/workbench/api/node/extensionHostProcess.js:107:14502)
	at MessagePortMain.<anonymous> (/usr/lib/code/out/vs/workbench/api/node/extensionHostProcess.js:176:6631)
	at MessagePortMain.emit (node:events:514:28)
	at MessagePortMain._internalPort.emit (node:electron/js2c/utility_init:2:2285)
2024-06-24 15:00:42.130 [error] Unable to find matching pair for < at char 1085: Error: Unable to find matching pair for < at char 1085
	at r.error (/usr/lib/code/extensions/emmet/dist/node/emmetNodeMain.js:1:22533)
	at d (/usr/lib/code/extensions/emmet/dist/node/emmetNodeMain.js:1:21763)
	at u (/usr/lib/code/extensions/emmet/dist/node/emmetNodeMain.js:1:14745)
	at d (/usr/lib/code/extensions/emmet/dist/node/emmetNodeMain.js:1:14879)
	at /usr/lib/code/extensions/emmet/dist/node/emmetNodeMain.js:1:15491
	at v (/usr/lib/code/extensions/emmet/dist/node/emmetNodeMain.js:1:15597)
	at j (/usr/lib/code/extensions/emmet/dist/node/emmetNodeMain.js:1:16543)
	at P (/usr/lib/code/extensions/emmet/dist/node/emmetNodeMain.js:1:16953)
	at t.getRootNode (/usr/lib/code/extensions/emmet/dist/node/emmetNodeMain.js:1:145560)
	at t.DefaultCompletionItemProvider.provideCompletionItemsInternal (/usr/lib/code/extensions/emmet/dist/node/emmetNodeMain.js:1:131101)
	at t.DefaultCompletionItemProvider.provideCompletionItems (/usr/lib/code/extensions/emmet/dist/node/emmetNodeMain.js:1:129879)
	at ve.provideCompletionItems (/usr/lib/code/out/vs/workbench/api/node/extensionHostProcess.js:153:113352)
	at /usr/lib/code/out/vs/workbench/api/node/extensionHostProcess.js:153:138463
	at Ie.s (/usr/lib/code/out/vs/workbench/api/node/extensionHostProcess.js:153:129520)
	at Ie.$provideCompletionItems (/usr/lib/code/out/vs/workbench/api/node/extensionHostProcess.js:153:138449)
	at E.S (/usr/lib/code/out/vs/workbench/api/node/extensionHostProcess.js:150:5970)
	at E.Q (/usr/lib/code/out/vs/workbench/api/node/extensionHostProcess.js:150:5736)
	at E.M (/usr/lib/code/out/vs/workbench/api/node/extensionHostProcess.js:150:4723)
	at E.L (/usr/lib/code/out/vs/workbench/api/node/extensionHostProcess.js:150:3589)
	at n.value (/usr/lib/code/out/vs/workbench/api/node/extensionHostProcess.js:150:2282)
	at l.y (/usr/lib/code/out/vs/workbench/api/node/extensionHostProcess.js:82:664)
	at l.fire (/usr/lib/code/out/vs/workbench/api/node/extensionHostProcess.js:82:881)
	at s.fire (/usr/lib/code/out/vs/workbench/api/node/extensionHostProcess.js:107:14502)
	at n.value (/usr/lib/code/out/vs/workbench/api/node/extensionHostProcess.js:176:8481)
	at l.y (/usr/lib/code/out/vs/workbench/api/node/extensionHostProcess.js:82:664)
	at l.fire (/usr/lib/code/out/vs/workbench/api/node/extensionHostProcess.js:82:881)
	at s.fire (/usr/lib/code/out/vs/workbench/api/node/extensionHostProcess.js:107:14502)
	at MessagePortMain.<anonymous> (/usr/lib/code/out/vs/workbench/api/node/extensionHostProcess.js:176:6631)
	at MessagePortMain.emit (node:events:514:28)
	at MessagePortMain._internalPort.emit (node:electron/js2c/utility_init:2:2285)
2024-06-24 15:00:42.236 [error] Unable to find matching pair for < at char 1086: Error: Unable to find matching pair for < at char 1086
	at r.error (/usr/lib/code/extensions/emmet/dist/node/emmetNodeMain.js:1:22533)
	at d (/usr/lib/code/extensions/emmet/dist/node/emmetNodeMain.js:1:21763)
	at u (/usr/lib/code/extensions/emmet/dist/node/emmetNodeMain.js:1:14745)
	at d (/usr/lib/code/extensions/emmet/dist/node/emmetNodeMain.js:1:14879)
	at /usr/lib/code/extensions/emmet/dist/node/emmetNodeMain.js:1:15491
	at v (/usr/lib/code/extensions/emmet/dist/node/emmetNodeMain.js:1:15597)
	at j (/usr/lib/code/extensions/emmet/dist/node/emmetNodeMain.js:1:16543)
	at P (/usr/lib/code/extensions/emmet/dist/node/emmetNodeMain.js:1:16953)
	at t.getRootNode (/usr/lib/code/extensions/emmet/dist/node/emmetNodeMain.js:1:145560)
	at t.DefaultCompletionItemProvider.provideCompletionItemsInternal (/usr/lib/code/extensions/emmet/dist/node/emmetNodeMain.js:1:131101)
	at t.DefaultCompletionItemProvider.provideCompletionItems (/usr/lib/code/extensions/emmet/dist/node/emmetNodeMain.js:1:129879)
	at ve.provideCompletionItems (/usr/lib/code/out/vs/workbench/api/node/extensionHostProcess.js:153:113352)
	at /usr/lib/code/out/vs/workbench/api/node/extensionHostProcess.js:153:138463
	at Ie.s (/usr/lib/code/out/vs/workbench/api/node/extensionHostProcess.js:153:129520)
	at Ie.$provideCompletionItems (/usr/lib/code/out/vs/workbench/api/node/extensionHostProcess.js:153:138449)
	at E.S (/usr/lib/code/out/vs/workbench/api/node/extensionHostProcess.js:150:5970)
	at E.Q (/usr/lib/code/out/vs/workbench/api/node/extensionHostProcess.js:150:5736)
	at E.M (/usr/lib/code/out/vs/workbench/api/node/extensionHostProcess.js:150:4723)
	at E.L (/usr/lib/code/out/vs/workbench/api/node/extensionHostProcess.js:150:3589)
	at n.value (/usr/lib/code/out/vs/workbench/api/node/extensionHostProcess.js:150:2282)
	at l.y (/usr/lib/code/out/vs/workbench/api/node/extensionHostProcess.js:82:664)
	at l.fire (/usr/lib/code/out/vs/workbench/api/node/extensionHostProcess.js:82:881)
	at s.fire (/usr/lib/code/out/vs/workbench/api/node/extensionHostProcess.js:107:14502)
	at n.value (/usr/lib/code/out/vs/workbench/api/node/extensionHostProcess.js:176:8481)
	at l.y (/usr/lib/code/out/vs/workbench/api/node/extensionHostProcess.js:82:664)
	at l.fire (/usr/lib/code/out/vs/workbench/api/node/extensionHostProcess.js:82:881)
	at s.fire (/usr/lib/code/out/vs/workbench/api/node/extensionHostProcess.js:107:14502)
	at MessagePortMain.<anonymous> (/usr/lib/code/out/vs/workbench/api/node/extensionHostProcess.js:176:6631)
	at MessagePortMain.emit (node:events:514:28)
	at MessagePortMain._internalPort.emit (node:electron/js2c/utility_init:2:2285)
2024-06-24 15:00:44.279 [error] Unable to find matching pair for < at char 1087: Error: Unable to find matching pair for < at char 1087
	at r.error (/usr/lib/code/extensions/emmet/dist/node/emmetNodeMain.js:1:22533)
	at d (/usr/lib/code/extensions/emmet/dist/node/emmetNodeMain.js:1:21763)
	at u (/usr/lib/code/extensions/emmet/dist/node/emmetNodeMain.js:1:14745)
	at d (/usr/lib/code/extensions/emmet/dist/node/emmetNodeMain.js:1:14879)
	at /usr/lib/code/extensions/emmet/dist/node/emmetNodeMain.js:1:15491
	at v (/usr/lib/code/extensions/emmet/dist/node/emmetNodeMain.js:1:15597)
	at j (/usr/lib/code/extensions/emmet/dist/node/emmetNodeMain.js:1:16543)
	at P (/usr/lib/code/extensions/emmet/dist/node/emmetNodeMain.js:1:16953)
	at t.getRootNode (/usr/lib/code/extensions/emmet/dist/node/emmetNodeMain.js:1:145560)
	at t.DefaultCompletionItemProvider.provideCompletionItemsInternal (/usr/lib/code/extensions/emmet/dist/node/emmetNodeMain.js:1:131101)
	at t.DefaultCompletionItemProvider.provideCompletionItems (/usr/lib/code/extensions/emmet/dist/node/emmetNodeMain.js:1:129879)
	at ve.provideCompletionItems (/usr/lib/code/out/vs/workbench/api/node/extensionHostProcess.js:153:113352)
	at /usr/lib/code/out/vs/workbench/api/node/extensionHostProcess.js:153:138463
	at Ie.s (/usr/lib/code/out/vs/workbench/api/node/extensionHostProcess.js:153:129520)
	at Ie.$provideCompletionItems (/usr/lib/code/out/vs/workbench/api/node/extensionHostProcess.js:153:138449)
	at E.S (/usr/lib/code/out/vs/workbench/api/node/extensionHostProcess.js:150:5970)
	at E.Q (/usr/lib/code/out/vs/workbench/api/node/extensionHostProcess.js:150:5736)
	at E.M (/usr/lib/code/out/vs/workbench/api/node/extensionHostProcess.js:150:4723)
	at E.L (/usr/lib/code/out/vs/workbench/api/node/extensionHostProcess.js:150:3589)
	at n.value (/usr/lib/code/out/vs/workbench/api/node/extensionHostProcess.js:150:2282)
	at l.y (/usr/lib/code/out/vs/workbench/api/node/extensionHostProcess.js:82:664)
	at l.fire (/usr/lib/code/out/vs/workbench/api/node/extensionHostProcess.js:82:881)
	at s.fire (/usr/lib/code/out/vs/workbench/api/node/extensionHostProcess.js:107:14502)
	at n.value (/usr/lib/code/out/vs/workbench/api/node/extensionHostProcess.js:176:8481)
	at l.y (/usr/lib/code/out/vs/workbench/api/node/extensionHostProcess.js:82:664)
	at l.fire (/usr/lib/code/out/vs/workbench/api/node/extensionHostProcess.js:82:881)
	at s.fire (/usr/lib/code/out/vs/workbench/api/node/extensionHostProcess.js:107:14502)
	at MessagePortMain.<anonymous> (/usr/lib/code/out/vs/workbench/api/node/extensionHostProcess.js:176:6631)
	at MessagePortMain.emit (node:events:514:28)
	at MessagePortMain._internalPort.emit (node:electron/js2c/utility_init:2:2285)
2024-06-24 15:00:45.072 [error] Unable to find matching pair for < at char 1088: Error: Unable to find matching pair for < at char 1088
	at r.error (/usr/lib/code/extensions/emmet/dist/node/emmetNodeMain.js:1:22533)
	at d (/usr/lib/code/extensions/emmet/dist/node/emmetNodeMain.js:1:21763)
	at u (/usr/lib/code/extensions/emmet/dist/node/emmetNodeMain.js:1:14745)
	at d (/usr/lib/code/extensions/emmet/dist/node/emmetNodeMain.js:1:14879)
	at /usr/lib/code/extensions/emmet/dist/node/emmetNodeMain.js:1:15491
	at v (/usr/lib/code/extensions/emmet/dist/node/emmetNodeMain.js:1:15597)
	at j (/usr/lib/code/extensions/emmet/dist/node/emmetNodeMain.js:1:16543)
	at P (/usr/lib/code/extensions/emmet/dist/node/emmetNodeMain.js:1:16953)
	at t.getRootNode (/usr/lib/code/extensions/emmet/dist/node/emmetNodeMain.js:1:145560)
	at t.DefaultCompletionItemProvider.provideCompletionItemsInternal (/usr/lib/code/extensions/emmet/dist/node/emmetNodeMain.js:1:131101)
	at t.DefaultCompletionItemProvider.provideCompletionItems (/usr/lib/code/extensions/emmet/dist/node/emmetNodeMain.js:1:129879)
	at ve.provideCompletionItems (/usr/lib/code/out/vs/workbench/api/node/extensionHostProcess.js:153:113352)
	at /usr/lib/code/out/vs/workbench/api/node/extensionHostProcess.js:153:138463
	at Ie.s (/usr/lib/code/out/vs/workbench/api/node/extensionHostProcess.js:153:129520)
	at Ie.$provideCompletionItems (/usr/lib/code/out/vs/workbench/api/node/extensionHostProcess.js:153:138449)
	at E.S (/usr/lib/code/out/vs/workbench/api/node/extensionHostProcess.js:150:5970)
	at E.Q (/usr/lib/code/out/vs/workbench/api/node/extensionHostProcess.js:150:5736)
	at E.M (/usr/lib/code/out/vs/workbench/api/node/extensionHostProcess.js:150:4723)
	at E.L (/usr/lib/code/out/vs/workbench/api/node/extensionHostProcess.js:150:3589)
	at n.value (/usr/lib/code/out/vs/workbench/api/node/extensionHostProcess.js:150:2282)
	at l.y (/usr/lib/code/out/vs/workbench/api/node/extensionHostProcess.js:82:664)
	at l.fire (/usr/lib/code/out/vs/workbench/api/node/extensionHostProcess.js:82:881)
	at s.fire (/usr/lib/code/out/vs/workbench/api/node/extensionHostProcess.js:107:14502)
	at n.value (/usr/lib/code/out/vs/workbench/api/node/extensionHostProcess.js:176:8481)
	at l.y (/usr/lib/code/out/vs/workbench/api/node/extensionHostProcess.js:82:664)
	at l.fire (/usr/lib/code/out/vs/workbench/api/node/extensionHostProcess.js:82:881)
	at s.fire (/usr/lib/code/out/vs/workbench/api/node/extensionHostProcess.js:107:14502)
	at MessagePortMain.<anonymous> (/usr/lib/code/out/vs/workbench/api/node/extensionHostProcess.js:176:6631)
	at MessagePortMain.emit (node:events:514:28)
	at MessagePortMain._internalPort.emit (node:electron/js2c/utility_init:2:2285)
2024-06-24 15:00:45.174 [error] Unable to find matching pair for < at char 1089: Error: Unable to find matching pair for < at char 1089
	at r.error (/usr/lib/code/extensions/emmet/dist/node/emmetNodeMain.js:1:22533)
	at d (/usr/lib/code/extensions/emmet/dist/node/emmetNodeMain.js:1:21763)
	at u (/usr/lib/code/extensions/emmet/dist/node/emmetNodeMain.js:1:14745)
	at d (/usr/lib/code/extensions/emmet/dist/node/emmetNodeMain.js:1:14879)
	at /usr/lib/code/extensions/emmet/dist/node/emmetNodeMain.js:1:15491
	at v (/usr/lib/code/extensions/emmet/dist/node/emmetNodeMain.js:1:15597)
	at j (/usr/lib/code/extensions/emmet/dist/node/emmetNodeMain.js:1:16543)
	at P (/usr/lib/code/extensions/emmet/dist/node/emmetNodeMain.js:1:16953)
	at t.getRootNode (/usr/lib/code/extensions/emmet/dist/node/emmetNodeMain.js:1:145560)
	at t.DefaultCompletionItemProvider.provideCompletionItemsInternal (/usr/lib/code/extensions/emmet/dist/node/emmetNodeMain.js:1:131101)
	at t.DefaultCompletionItemProvider.provideCompletionItems (/usr/lib/code/extensions/emmet/dist/node/emmetNodeMain.js:1:129879)
	at ve.provideCompletionItems (/usr/lib/code/out/vs/workbench/api/node/extensionHostProcess.js:153:113352)
	at /usr/lib/code/out/vs/workbench/api/node/extensionHostProcess.js:153:138463
	at Ie.s (/usr/lib/code/out/vs/workbench/api/node/extensionHostProcess.js:153:129520)
	at Ie.$provideCompletionItems (/usr/lib/code/out/vs/workbench/api/node/extensionHostProcess.js:153:138449)
	at E.S (/usr/lib/code/out/vs/workbench/api/node/extensionHostProcess.js:150:5970)
	at E.Q (/usr/lib/code/out/vs/workbench/api/node/extensionHostProcess.js:150:5736)
	at E.M (/usr/lib/code/out/vs/workbench/api/node/extensionHostProcess.js:150:4723)
	at E.L (/usr/lib/code/out/vs/workbench/api/node/extensionHostProcess.js:150:3589)
	at n.value (/usr/lib/code/out/vs/workbench/api/node/extensionHostProcess.js:150:2282)
	at l.y (/usr/lib/code/out/vs/workbench/api/node/extensionHostProcess.js:82:664)
	at l.fire (/usr/lib/code/out/vs/workbench/api/node/extensionHostProcess.js:82:881)
	at s.fire (/usr/lib/code/out/vs/workbench/api/node/extensionHostProcess.js:107:14502)
	at n.value (/usr/lib/code/out/vs/workbench/api/node/extensionHostProcess.js:176:8481)
	at l.y (/usr/lib/code/out/vs/workbench/api/node/extensionHostProcess.js:82:664)
	at l.fire (/usr/lib/code/out/vs/workbench/api/node/extensionHostProcess.js:82:881)
	at s.fire (/usr/lib/code/out/vs/workbench/api/node/extensionHostProcess.js:107:14502)
	at MessagePortMain.<anonymous> (/usr/lib/code/out/vs/workbench/api/node/extensionHostProcess.js:176:6631)
	at MessagePortMain.emit (node:events:514:28)
	at MessagePortMain._internalPort.emit (node:electron/js2c/utility_init:2:2285)
2024-06-24 15:00:46.126 [error] Unable to find matching pair for < at char 1090: Error: Unable to find matching pair for < at char 1090
	at r.error (/usr/lib/code/extensions/emmet/dist/node/emmetNodeMain.js:1:22533)
	at d (/usr/lib/code/extensions/emmet/dist/node/emmetNodeMain.js:1:21763)
	at u (/usr/lib/code/extensions/emmet/dist/node/emmetNodeMain.js:1:14745)
	at d (/usr/lib/code/extensions/emmet/dist/node/emmetNodeMain.js:1:14879)
	at /usr/lib/code/extensions/emmet/dist/node/emmetNodeMain.js:1:15491
	at v (/usr/lib/code/extensions/emmet/dist/node/emmetNodeMain.js:1:15597)
	at j (/usr/lib/code/extensions/emmet/dist/node/emmetNodeMain.js:1:16543)
	at P (/usr/lib/code/extensions/emmet/dist/node/emmetNodeMain.js:1:16953)
	at t.getRootNode (/usr/lib/code/extensions/emmet/dist/node/emmetNodeMain.js:1:145560)
	at t.DefaultCompletionItemProvider.provideCompletionItemsInternal (/usr/lib/code/extensions/emmet/dist/node/emmetNodeMain.js:1:131101)
	at t.DefaultCompletionItemProvider.provideCompletionItems (/usr/lib/code/extensions/emmet/dist/node/emmetNodeMain.js:1:129879)
	at ve.provideCompletionItems (/usr/lib/code/out/vs/workbench/api/node/extensionHostProcess.js:153:113352)
	at /usr/lib/code/out/vs/workbench/api/node/extensionHostProcess.js:153:138463
	at Ie.s (/usr/lib/code/out/vs/workbench/api/node/extensionHostProcess.js:153:129520)
	at Ie.$provideCompletionItems (/usr/lib/code/out/vs/workbench/api/node/extensionHostProcess.js:153:138449)
	at E.S (/usr/lib/code/out/vs/workbench/api/node/extensionHostProcess.js:150:5970)
	at E.Q (/usr/lib/code/out/vs/workbench/api/node/extensionHostProcess.js:150:5736)
	at E.M (/usr/lib/code/out/vs/workbench/api/node/extensionHostProcess.js:150:4723)
	at E.L (/usr/lib/code/out/vs/workbench/api/node/extensionHostProcess.js:150:3589)
	at n.value (/usr/lib/code/out/vs/workbench/api/node/extensionHostProcess.js:150:2282)
	at l.y (/usr/lib/code/out/vs/workbench/api/node/extensionHostProcess.js:82:664)
	at l.fire (/usr/lib/code/out/vs/workbench/api/node/extensionHostProcess.js:82:881)
	at s.fire (/usr/lib/code/out/vs/workbench/api/node/extensionHostProcess.js:107:14502)
	at n.value (/usr/lib/code/out/vs/workbench/api/node/extensionHostProcess.js:176:8481)
	at l.y (/usr/lib/code/out/vs/workbench/api/node/extensionHostProcess.js:82:664)
	at l.fire (/usr/lib/code/out/vs/workbench/api/node/extensionHostProcess.js:82:881)
	at s.fire (/usr/lib/code/out/vs/workbench/api/node/extensionHostProcess.js:107:14502)
	at MessagePortMain.<anonymous> (/usr/lib/code/out/vs/workbench/api/node/extensionHostProcess.js:176:6631)
	at MessagePortMain.emit (node:events:514:28)
	at MessagePortMain._internalPort.emit (node:electron/js2c/utility_init:2:2285)
2024-06-24 15:00:46.791 [error] Unable to find matching pair for < at char 1089: Error: Unable to find matching pair for < at char 1089
	at r.error (/usr/lib/code/extensions/emmet/dist/node/emmetNodeMain.js:1:22533)
	at d (/usr/lib/code/extensions/emmet/dist/node/emmetNodeMain.js:1:21763)
	at u (/usr/lib/code/extensions/emmet/dist/node/emmetNodeMain.js:1:14745)
	at d (/usr/lib/code/extensions/emmet/dist/node/emmetNodeMain.js:1:14879)
	at /usr/lib/code/extensions/emmet/dist/node/emmetNodeMain.js:1:15491
	at v (/usr/lib/code/extensions/emmet/dist/node/emmetNodeMain.js:1:15597)
	at j (/usr/lib/code/extensions/emmet/dist/node/emmetNodeMain.js:1:16543)
	at P (/usr/lib/code/extensions/emmet/dist/node/emmetNodeMain.js:1:16953)
	at t.getRootNode (/usr/lib/code/extensions/emmet/dist/node/emmetNodeMain.js:1:145560)
	at t.DefaultCompletionItemProvider.provideCompletionItemsInternal (/usr/lib/code/extensions/emmet/dist/node/emmetNodeMain.js:1:131101)
	at t.DefaultCompletionItemProvider.provideCompletionItems (/usr/lib/code/extensions/emmet/dist/node/emmetNodeMain.js:1:129879)
	at ve.provideCompletionItems (/usr/lib/code/out/vs/workbench/api/node/extensionHostProcess.js:153:113352)
	at /usr/lib/code/out/vs/workbench/api/node/extensionHostProcess.js:153:138463
	at Ie.s (/usr/lib/code/out/vs/workbench/api/node/extensionHostProcess.js:153:129520)
	at Ie.$provideCompletionItems (/usr/lib/code/out/vs/workbench/api/node/extensionHostProcess.js:153:138449)
	at E.S (/usr/lib/code/out/vs/workbench/api/node/extensionHostProcess.js:150:5970)
	at E.Q (/usr/lib/code/out/vs/workbench/api/node/extensionHostProcess.js:150:5736)
	at E.M (/usr/lib/code/out/vs/workbench/api/node/extensionHostProcess.js:150:4723)
	at E.L (/usr/lib/code/out/vs/workbench/api/node/extensionHostProcess.js:150:3589)
	at n.value (/usr/lib/code/out/vs/workbench/api/node/extensionHostProcess.js:150:2282)
	at l.y (/usr/lib/code/out/vs/workbench/api/node/extensionHostProcess.js:82:664)
	at l.fire (/usr/lib/code/out/vs/workbench/api/node/extensionHostProcess.js:82:881)
	at s.fire (/usr/lib/code/out/vs/workbench/api/node/extensionHostProcess.js:107:14502)
	at n.value (/usr/lib/code/out/vs/workbench/api/node/extensionHostProcess.js:176:8481)
	at l.y (/usr/lib/code/out/vs/workbench/api/node/extensionHostProcess.js:82:664)
	at l.fire (/usr/lib/code/out/vs/workbench/api/node/extensionHostProcess.js:82:881)
	at s.fire (/usr/lib/code/out/vs/workbench/api/node/extensionHostProcess.js:107:14502)
	at MessagePortMain.<anonymous> (/usr/lib/code/out/vs/workbench/api/node/extensionHostProcess.js:176:6631)
	at MessagePortMain.emit (node:events:514:28)
	at MessagePortMain._internalPort.emit (node:electron/js2c/utility_init:2:2285)
2024-06-24 15:00:47.471 [error] Unable to find matching pair for < at char 1090: Error: Unable to find matching pair for < at char 1090
	at r.error (/usr/lib/code/extensions/emmet/dist/node/emmetNodeMain.js:1:22533)
	at d (/usr/lib/code/extensions/emmet/dist/node/emmetNodeMain.js:1:21763)
	at u (/usr/lib/code/extensions/emmet/dist/node/emmetNodeMain.js:1:14745)
	at d (/usr/lib/code/extensions/emmet/dist/node/emmetNodeMain.js:1:14879)
	at /usr/lib/code/extensions/emmet/dist/node/emmetNodeMain.js:1:15491
	at v (/usr/lib/code/extensions/emmet/dist/node/emmetNodeMain.js:1:15597)
	at j (/usr/lib/code/extensions/emmet/dist/node/emmetNodeMain.js:1:16543)
	at P (/usr/lib/code/extensions/emmet/dist/node/emmetNodeMain.js:1:16953)
	at t.getRootNode (/usr/lib/code/extensions/emmet/dist/node/emmetNodeMain.js:1:145560)
	at t.DefaultCompletionItemProvider.provideCompletionItemsInternal (/usr/lib/code/extensions/emmet/dist/node/emmetNodeMain.js:1:131101)
	at t.DefaultCompletionItemProvider.provideCompletionItems (/usr/lib/code/extensions/emmet/dist/node/emmetNodeMain.js:1:129879)
	at ve.provideCompletionItems (/usr/lib/code/out/vs/workbench/api/node/extensionHostProcess.js:153:113352)
	at /usr/lib/code/out/vs/workbench/api/node/extensionHostProcess.js:153:138463
	at Ie.s (/usr/lib/code/out/vs/workbench/api/node/extensionHostProcess.js:153:129520)
	at Ie.$provideCompletionItems (/usr/lib/code/out/vs/workbench/api/node/extensionHostProcess.js:153:138449)
	at E.S (/usr/lib/code/out/vs/workbench/api/node/extensionHostProcess.js:150:5970)
	at E.Q (/usr/lib/code/out/vs/workbench/api/node/extensionHostProcess.js:150:5736)
	at E.M (/usr/lib/code/out/vs/workbench/api/node/extensionHostProcess.js:150:4723)
	at E.L (/usr/lib/code/out/vs/workbench/api/node/extensionHostProcess.js:150:3589)
	at n.value (/usr/lib/code/out/vs/workbench/api/node/extensionHostProcess.js:150:2282)
	at l.y (/usr/lib/code/out/vs/workbench/api/node/extensionHostProcess.js:82:664)
	at l.fire (/usr/lib/code/out/vs/workbench/api/node/extensionHostProcess.js:82:881)
	at s.fire (/usr/lib/code/out/vs/workbench/api/node/extensionHostProcess.js:107:14502)
	at n.value (/usr/lib/code/out/vs/workbench/api/node/extensionHostProcess.js:176:8481)
	at l.y (/usr/lib/code/out/vs/workbench/api/node/extensionHostProcess.js:82:664)
	at l.fire (/usr/lib/code/out/vs/workbench/api/node/extensionHostProcess.js:82:881)
	at s.fire (/usr/lib/code/out/vs/workbench/api/node/extensionHostProcess.js:107:14502)
	at MessagePortMain.<anonymous> (/usr/lib/code/out/vs/workbench/api/node/extensionHostProcess.js:176:6631)
	at MessagePortMain.emit (node:events:514:28)
	at MessagePortMain._internalPort.emit (node:electron/js2c/utility_init:2:2285)
2024-06-24 15:00:58.389 [error] Unable to find matching pair for < at char 1092: Error: Unable to find matching pair for < at char 1092
	at r.error (/usr/lib/code/extensions/emmet/dist/node/emmetNodeMain.js:1:22533)
	at d (/usr/lib/code/extensions/emmet/dist/node/emmetNodeMain.js:1:21763)
	at u (/usr/lib/code/extensions/emmet/dist/node/emmetNodeMain.js:1:14745)
	at d (/usr/lib/code/extensions/emmet/dist/node/emmetNodeMain.js:1:14879)
	at /usr/lib/code/extensions/emmet/dist/node/emmetNodeMain.js:1:15491
	at v (/usr/lib/code/extensions/emmet/dist/node/emmetNodeMain.js:1:15597)
	at j (/usr/lib/code/extensions/emmet/dist/node/emmetNodeMain.js:1:16543)
	at P (/usr/lib/code/extensions/emmet/dist/node/emmetNodeMain.js:1:16953)
	at t.getRootNode (/usr/lib/code/extensions/emmet/dist/node/emmetNodeMain.js:1:145560)
	at t.DefaultCompletionItemProvider.provideCompletionItemsInternal (/usr/lib/code/extensions/emmet/dist/node/emmetNodeMain.js:1:131101)
	at t.DefaultCompletionItemProvider.provideCompletionItems (/usr/lib/code/extensions/emmet/dist/node/emmetNodeMain.js:1:129879)
	at ve.provideCompletionItems (/usr/lib/code/out/vs/workbench/api/node/extensionHostProcess.js:153:113352)
	at /usr/lib/code/out/vs/workbench/api/node/extensionHostProcess.js:153:138463
	at Ie.s (/usr/lib/code/out/vs/workbench/api/node/extensionHostProcess.js:153:129520)
	at Ie.$provideCompletionItems (/usr/lib/code/out/vs/workbench/api/node/extensionHostProcess.js:153:138449)
	at E.S (/usr/lib/code/out/vs/workbench/api/node/extensionHostProcess.js:150:5970)
	at E.Q (/usr/lib/code/out/vs/workbench/api/node/extensionHostProcess.js:150:5736)
	at E.M (/usr/lib/code/out/vs/workbench/api/node/extensionHostProcess.js:150:4723)
	at E.L (/usr/lib/code/out/vs/workbench/api/node/extensionHostProcess.js:150:3589)
	at n.value (/usr/lib/code/out/vs/workbench/api/node/extensionHostProcess.js:150:2282)
	at l.y (/usr/lib/code/out/vs/workbench/api/node/extensionHostProcess.js:82:664)
	at l.fire (/usr/lib/code/out/vs/workbench/api/node/extensionHostProcess.js:82:881)
	at s.fire (/usr/lib/code/out/vs/workbench/api/node/extensionHostProcess.js:107:14502)
	at n.value (/usr/lib/code/out/vs/workbench/api/node/extensionHostProcess.js:176:8481)
	at l.y (/usr/lib/code/out/vs/workbench/api/node/extensionHostProcess.js:82:664)
	at l.fire (/usr/lib/code/out/vs/workbench/api/node/extensionHostProcess.js:82:881)
	at s.fire (/usr/lib/code/out/vs/workbench/api/node/extensionHostProcess.js:107:14502)
	at MessagePortMain.<anonymous> (/usr/lib/code/out/vs/workbench/api/node/extensionHostProcess.js:176:6631)
	at MessagePortMain.emit (node:events:514:28)
	at MessagePortMain._internalPort.emit (node:electron/js2c/utility_init:2:2285)
2024-06-24 15:01:05.376 [error] Unable to find matching pair for < at char 1099: Error: Unable to find matching pair for < at char 1099
	at r.error (/usr/lib/code/extensions/emmet/dist/node/emmetNodeMain.js:1:22533)
	at d (/usr/lib/code/extensions/emmet/dist/node/emmetNodeMain.js:1:21763)
	at u (/usr/lib/code/extensions/emmet/dist/node/emmetNodeMain.js:1:14745)
	at d (/usr/lib/code/extensions/emmet/dist/node/emmetNodeMain.js:1:14879)
	at /usr/lib/code/extensions/emmet/dist/node/emmetNodeMain.js:1:15491
	at v (/usr/lib/code/extensions/emmet/dist/node/emmetNodeMain.js:1:15597)
	at j (/usr/lib/code/extensions/emmet/dist/node/emmetNodeMain.js:1:16543)
	at P (/usr/lib/code/extensions/emmet/dist/node/emmetNodeMain.js:1:16953)
	at t.getRootNode (/usr/lib/code/extensions/emmet/dist/node/emmetNodeMain.js:1:145560)
	at t.DefaultCompletionItemProvider.provideCompletionItemsInternal (/usr/lib/code/extensions/emmet/dist/node/emmetNodeMain.js:1:131101)
	at t.DefaultCompletionItemProvider.provideCompletionItems (/usr/lib/code/extensions/emmet/dist/node/emmetNodeMain.js:1:129879)
	at ve.provideCompletionItems (/usr/lib/code/out/vs/workbench/api/node/extensionHostProcess.js:153:113352)
	at /usr/lib/code/out/vs/workbench/api/node/extensionHostProcess.js:153:138463
	at Ie.s (/usr/lib/code/out/vs/workbench/api/node/extensionHostProcess.js:153:129520)
	at Ie.$provideCompletionItems (/usr/lib/code/out/vs/workbench/api/node/extensionHostProcess.js:153:138449)
	at E.S (/usr/lib/code/out/vs/workbench/api/node/extensionHostProcess.js:150:5970)
	at E.Q (/usr/lib/code/out/vs/workbench/api/node/extensionHostProcess.js:150:5736)
	at E.M (/usr/lib/code/out/vs/workbench/api/node/extensionHostProcess.js:150:4723)
	at E.L (/usr/lib/code/out/vs/workbench/api/node/extensionHostProcess.js:150:3589)
	at n.value (/usr/lib/code/out/vs/workbench/api/node/extensionHostProcess.js:150:2282)
	at l.y (/usr/lib/code/out/vs/workbench/api/node/extensionHostProcess.js:82:664)
	at l.fire (/usr/lib/code/out/vs/workbench/api/node/extensionHostProcess.js:82:881)
	at s.fire (/usr/lib/code/out/vs/workbench/api/node/extensionHostProcess.js:107:14502)
	at n.value (/usr/lib/code/out/vs/workbench/api/node/extensionHostProcess.js:176:8481)
	at l.y (/usr/lib/code/out/vs/workbench/api/node/extensionHostProcess.js:82:664)
	at l.fire (/usr/lib/code/out/vs/workbench/api/node/extensionHostProcess.js:82:881)
	at s.fire (/usr/lib/code/out/vs/workbench/api/node/extensionHostProcess.js:107:14502)
	at MessagePortMain.<anonymous> (/usr/lib/code/out/vs/workbench/api/node/extensionHostProcess.js:176:6631)
	at MessagePortMain.emit (node:events:514:28)
	at MessagePortMain._internalPort.emit (node:electron/js2c/utility_init:2:2285)
2024-06-24 15:03:49.320 [error] Unable to find matching pair for < at char 1110: Error: Unable to find matching pair for < at char 1110
	at r.error (/usr/lib/code/extensions/emmet/dist/node/emmetNodeMain.js:1:22533)
	at d (/usr/lib/code/extensions/emmet/dist/node/emmetNodeMain.js:1:21763)
	at u (/usr/lib/code/extensions/emmet/dist/node/emmetNodeMain.js:1:14745)
	at d (/usr/lib/code/extensions/emmet/dist/node/emmetNodeMain.js:1:14879)
	at /usr/lib/code/extensions/emmet/dist/node/emmetNodeMain.js:1:15491
	at v (/usr/lib/code/extensions/emmet/dist/node/emmetNodeMain.js:1:15597)
	at j (/usr/lib/code/extensions/emmet/dist/node/emmetNodeMain.js:1:16543)
	at P (/usr/lib/code/extensions/emmet/dist/node/emmetNodeMain.js:1:16953)
	at t.getRootNode (/usr/lib/code/extensions/emmet/dist/node/emmetNodeMain.js:1:145560)
	at t.DefaultCompletionItemProvider.provideCompletionItemsInternal (/usr/lib/code/extensions/emmet/dist/node/emmetNodeMain.js:1:131101)
	at t.DefaultCompletionItemProvider.provideCompletionItems (/usr/lib/code/extensions/emmet/dist/node/emmetNodeMain.js:1:129879)
	at ve.provideCompletionItems (/usr/lib/code/out/vs/workbench/api/node/extensionHostProcess.js:153:113352)
	at /usr/lib/code/out/vs/workbench/api/node/extensionHostProcess.js:153:138463
	at Ie.s (/usr/lib/code/out/vs/workbench/api/node/extensionHostProcess.js:153:129520)
	at Ie.$provideCompletionItems (/usr/lib/code/out/vs/workbench/api/node/extensionHostProcess.js:153:138449)
	at E.S (/usr/lib/code/out/vs/workbench/api/node/extensionHostProcess.js:150:5970)
	at E.Q (/usr/lib/code/out/vs/workbench/api/node/extensionHostProcess.js:150:5736)
	at E.M (/usr/lib/code/out/vs/workbench/api/node/extensionHostProcess.js:150:4723)
	at E.L (/usr/lib/code/out/vs/workbench/api/node/extensionHostProcess.js:150:3589)
	at n.value (/usr/lib/code/out/vs/workbench/api/node/extensionHostProcess.js:150:2282)
	at l.y (/usr/lib/code/out/vs/workbench/api/node/extensionHostProcess.js:82:664)
	at l.fire (/usr/lib/code/out/vs/workbench/api/node/extensionHostProcess.js:82:881)
	at s.fire (/usr/lib/code/out/vs/workbench/api/node/extensionHostProcess.js:107:14502)
	at n.value (/usr/lib/code/out/vs/workbench/api/node/extensionHostProcess.js:176:8481)
	at l.y (/usr/lib/code/out/vs/workbench/api/node/extensionHostProcess.js:82:664)
	at l.fire (/usr/lib/code/out/vs/workbench/api/node/extensionHostProcess.js:82:881)
	at s.fire (/usr/lib/code/out/vs/workbench/api/node/extensionHostProcess.js:107:14502)
	at MessagePortMain.<anonymous> (/usr/lib/code/out/vs/workbench/api/node/extensionHostProcess.js:176:6631)
	at MessagePortMain.emit (node:events:514:28)
	at MessagePortMain._internalPort.emit (node:electron/js2c/utility_init:2:2285)
2024-06-24 15:03:50.381 [error] Unable to find matching pair for < at char 1086: Error: Unable to find matching pair for < at char 1086
	at r.error (/usr/lib/code/extensions/emmet/dist/node/emmetNodeMain.js:1:22533)
	at d (/usr/lib/code/extensions/emmet/dist/node/emmetNodeMain.js:1:21763)
	at u (/usr/lib/code/extensions/emmet/dist/node/emmetNodeMain.js:1:14745)
	at d (/usr/lib/code/extensions/emmet/dist/node/emmetNodeMain.js:1:14879)
	at /usr/lib/code/extensions/emmet/dist/node/emmetNodeMain.js:1:15491
	at v (/usr/lib/code/extensions/emmet/dist/node/emmetNodeMain.js:1:15597)
	at j (/usr/lib/code/extensions/emmet/dist/node/emmetNodeMain.js:1:16543)
	at P (/usr/lib/code/extensions/emmet/dist/node/emmetNodeMain.js:1:16953)
	at t.getRootNode (/usr/lib/code/extensions/emmet/dist/node/emmetNodeMain.js:1:145560)
	at t.DefaultCompletionItemProvider.provideCompletionItemsInternal (/usr/lib/code/extensions/emmet/dist/node/emmetNodeMain.js:1:131101)
	at t.DefaultCompletionItemProvider.provideCompletionItems (/usr/lib/code/extensions/emmet/dist/node/emmetNodeMain.js:1:129879)
	at ve.provideCompletionItems (/usr/lib/code/out/vs/workbench/api/node/extensionHostProcess.js:153:113352)
	at /usr/lib/code/out/vs/workbench/api/node/extensionHostProcess.js:153:138463
	at Ie.s (/usr/lib/code/out/vs/workbench/api/node/extensionHostProcess.js:153:129520)
	at Ie.$provideCompletionItems (/usr/lib/code/out/vs/workbench/api/node/extensionHostProcess.js:153:138449)
	at E.S (/usr/lib/code/out/vs/workbench/api/node/extensionHostProcess.js:150:5970)
	at E.Q (/usr/lib/code/out/vs/workbench/api/node/extensionHostProcess.js:150:5736)
	at E.M (/usr/lib/code/out/vs/workbench/api/node/extensionHostProcess.js:150:4723)
	at E.L (/usr/lib/code/out/vs/workbench/api/node/extensionHostProcess.js:150:3589)
	at n.value (/usr/lib/code/out/vs/workbench/api/node/extensionHostProcess.js:150:2282)
	at l.y (/usr/lib/code/out/vs/workbench/api/node/extensionHostProcess.js:82:664)
	at l.fire (/usr/lib/code/out/vs/workbench/api/node/extensionHostProcess.js:82:881)
	at s.fire (/usr/lib/code/out/vs/workbench/api/node/extensionHostProcess.js:107:14502)
	at n.value (/usr/lib/code/out/vs/workbench/api/node/extensionHostProcess.js:176:8481)
	at l.y (/usr/lib/code/out/vs/workbench/api/node/extensionHostProcess.js:82:664)
	at l.fire (/usr/lib/code/out/vs/workbench/api/node/extensionHostProcess.js:82:881)
	at s.fire (/usr/lib/code/out/vs/workbench/api/node/extensionHostProcess.js:107:14502)
	at MessagePortMain.<anonymous> (/usr/lib/code/out/vs/workbench/api/node/extensionHostProcess.js:176:6631)
	at MessagePortMain.emit (node:events:514:28)
	at MessagePortMain._internalPort.emit (node:electron/js2c/utility_init:2:2285)
2024-06-24 15:04:00.190 [error] Unable to find matching pair for < at char 1116: Error: Unable to find matching pair for < at char 1116
	at r.error (/usr/lib/code/extensions/emmet/dist/node/emmetNodeMain.js:1:22533)
	at d (/usr/lib/code/extensions/emmet/dist/node/emmetNodeMain.js:1:21763)
	at u (/usr/lib/code/extensions/emmet/dist/node/emmetNodeMain.js:1:14745)
	at d (/usr/lib/code/extensions/emmet/dist/node/emmetNodeMain.js:1:14879)
	at /usr/lib/code/extensions/emmet/dist/node/emmetNodeMain.js:1:15491
	at v (/usr/lib/code/extensions/emmet/dist/node/emmetNodeMain.js:1:15597)
	at j (/usr/lib/code/extensions/emmet/dist/node/emmetNodeMain.js:1:16543)
	at P (/usr/lib/code/extensions/emmet/dist/node/emmetNodeMain.js:1:16953)
	at t.getRootNode (/usr/lib/code/extensions/emmet/dist/node/emmetNodeMain.js:1:145560)
	at t.DefaultCompletionItemProvider.provideCompletionItemsInternal (/usr/lib/code/extensions/emmet/dist/node/emmetNodeMain.js:1:131101)
	at t.DefaultCompletionItemProvider.provideCompletionItems (/usr/lib/code/extensions/emmet/dist/node/emmetNodeMain.js:1:129879)
	at ve.provideCompletionItems (/usr/lib/code/out/vs/workbench/api/node/extensionHostProcess.js:153:113352)
	at /usr/lib/code/out/vs/workbench/api/node/extensionHostProcess.js:153:138463
	at Ie.s (/usr/lib/code/out/vs/workbench/api/node/extensionHostProcess.js:153:129520)
	at Ie.$provideCompletionItems (/usr/lib/code/out/vs/workbench/api/node/extensionHostProcess.js:153:138449)
	at E.S (/usr/lib/code/out/vs/workbench/api/node/extensionHostProcess.js:150:5970)
	at E.Q (/usr/lib/code/out/vs/workbench/api/node/extensionHostProcess.js:150:5736)
	at E.M (/usr/lib/code/out/vs/workbench/api/node/extensionHostProcess.js:150:4723)
	at E.L (/usr/lib/code/out/vs/workbench/api/node/extensionHostProcess.js:150:3589)
	at n.value (/usr/lib/code/out/vs/workbench/api/node/extensionHostProcess.js:150:2282)
	at l.y (/usr/lib/code/out/vs/workbench/api/node/extensionHostProcess.js:82:664)
	at l.fire (/usr/lib/code/out/vs/workbench/api/node/extensionHostProcess.js:82:881)
	at s.fire (/usr/lib/code/out/vs/workbench/api/node/extensionHostProcess.js:107:14502)
	at n.value (/usr/lib/code/out/vs/workbench/api/node/extensionHostProcess.js:176:8481)
	at l.y (/usr/lib/code/out/vs/workbench/api/node/extensionHostProcess.js:82:664)
	at l.fire (/usr/lib/code/out/vs/workbench/api/node/extensionHostProcess.js:82:881)
	at s.fire (/usr/lib/code/out/vs/workbench/api/node/extensionHostProcess.js:107:14502)
	at MessagePortMain.<anonymous> (/usr/lib/code/out/vs/workbench/api/node/extensionHostProcess.js:176:6631)
	at MessagePortMain.emit (node:events:514:28)
	at MessagePortMain._internalPort.emit (node:electron/js2c/utility_init:2:2285)
2024-06-24 15:04:00.980 [error] Unable to find matching pair for < at char 1111: Error: Unable to find matching pair for < at char 1111
	at r.error (/usr/lib/code/extensions/emmet/dist/node/emmetNodeMain.js:1:22533)
	at d (/usr/lib/code/extensions/emmet/dist/node/emmetNodeMain.js:1:21763)
	at u (/usr/lib/code/extensions/emmet/dist/node/emmetNodeMain.js:1:14745)
	at d (/usr/lib/code/extensions/emmet/dist/node/emmetNodeMain.js:1:14879)
	at /usr/lib/code/extensions/emmet/dist/node/emmetNodeMain.js:1:15491
	at v (/usr/lib/code/extensions/emmet/dist/node/emmetNodeMain.js:1:15597)
	at j (/usr/lib/code/extensions/emmet/dist/node/emmetNodeMain.js:1:16543)
	at P (/usr/lib/code/extensions/emmet/dist/node/emmetNodeMain.js:1:16953)
	at t.getRootNode (/usr/lib/code/extensions/emmet/dist/node/emmetNodeMain.js:1:145560)
	at t.DefaultCompletionItemProvider.provideCompletionItemsInternal (/usr/lib/code/extensions/emmet/dist/node/emmetNodeMain.js:1:131101)
	at t.DefaultCompletionItemProvider.provideCompletionItems (/usr/lib/code/extensions/emmet/dist/node/emmetNodeMain.js:1:129879)
	at ve.provideCompletionItems (/usr/lib/code/out/vs/workbench/api/node/extensionHostProcess.js:153:113352)
	at /usr/lib/code/out/vs/workbench/api/node/extensionHostProcess.js:153:138463
	at Ie.s (/usr/lib/code/out/vs/workbench/api/node/extensionHostProcess.js:153:129520)
	at Ie.$provideCompletionItems (/usr/lib/code/out/vs/workbench/api/node/extensionHostProcess.js:153:138449)
	at E.S (/usr/lib/code/out/vs/workbench/api/node/extensionHostProcess.js:150:5970)
	at E.Q (/usr/lib/code/out/vs/workbench/api/node/extensionHostProcess.js:150:5736)
	at E.M (/usr/lib/code/out/vs/workbench/api/node/extensionHostProcess.js:150:4723)
	at E.L (/usr/lib/code/out/vs/workbench/api/node/extensionHostProcess.js:150:3589)
	at n.value (/usr/lib/code/out/vs/workbench/api/node/extensionHostProcess.js:150:2282)
	at l.y (/usr/lib/code/out/vs/workbench/api/node/extensionHostProcess.js:82:664)
	at l.fire (/usr/lib/code/out/vs/workbench/api/node/extensionHostProcess.js:82:881)
	at s.fire (/usr/lib/code/out/vs/workbench/api/node/extensionHostProcess.js:107:14502)
	at n.value (/usr/lib/code/out/vs/workbench/api/node/extensionHostProcess.js:176:8481)
	at l.y (/usr/lib/code/out/vs/workbench/api/node/extensionHostProcess.js:82:664)
	at l.fire (/usr/lib/code/out/vs/workbench/api/node/extensionHostProcess.js:82:881)
	at s.fire (/usr/lib/code/out/vs/workbench/api/node/extensionHostProcess.js:107:14502)
	at MessagePortMain.<anonymous> (/usr/lib/code/out/vs/workbench/api/node/extensionHostProcess.js:176:6631)
	at MessagePortMain.emit (node:events:514:28)
	at MessagePortMain._internalPort.emit (node:electron/js2c/utility_init:2:2285)
2024-06-24 15:04:13.016 [error] Unable to find matching pair for < at char 1122: Error: Unable to find matching pair for < at char 1122
	at r.error (/usr/lib/code/extensions/emmet/dist/node/emmetNodeMain.js:1:22533)
	at d (/usr/lib/code/extensions/emmet/dist/node/emmetNodeMain.js:1:21763)
	at u (/usr/lib/code/extensions/emmet/dist/node/emmetNodeMain.js:1:14745)
	at d (/usr/lib/code/extensions/emmet/dist/node/emmetNodeMain.js:1:14879)
	at /usr/lib/code/extensions/emmet/dist/node/emmetNodeMain.js:1:15491
	at v (/usr/lib/code/extensions/emmet/dist/node/emmetNodeMain.js:1:15597)
	at j (/usr/lib/code/extensions/emmet/dist/node/emmetNodeMain.js:1:16543)
	at P (/usr/lib/code/extensions/emmet/dist/node/emmetNodeMain.js:1:16953)
	at t.getRootNode (/usr/lib/code/extensions/emmet/dist/node/emmetNodeMain.js:1:145560)
	at t.DefaultCompletionItemProvider.provideCompletionItemsInternal (/usr/lib/code/extensions/emmet/dist/node/emmetNodeMain.js:1:131101)
	at t.DefaultCompletionItemProvider.provideCompletionItems (/usr/lib/code/extensions/emmet/dist/node/emmetNodeMain.js:1:129879)
	at ve.provideCompletionItems (/usr/lib/code/out/vs/workbench/api/node/extensionHostProcess.js:153:113352)
	at /usr/lib/code/out/vs/workbench/api/node/extensionHostProcess.js:153:138463
	at Ie.s (/usr/lib/code/out/vs/workbench/api/node/extensionHostProcess.js:153:129520)
	at Ie.$provideCompletionItems (/usr/lib/code/out/vs/workbench/api/node/extensionHostProcess.js:153:138449)
	at E.S (/usr/lib/code/out/vs/workbench/api/node/extensionHostProcess.js:150:5970)
	at E.Q (/usr/lib/code/out/vs/workbench/api/node/extensionHostProcess.js:150:5736)
	at E.M (/usr/lib/code/out/vs/workbench/api/node/extensionHostProcess.js:150:4723)
	at E.L (/usr/lib/code/out/vs/workbench/api/node/extensionHostProcess.js:150:3589)
	at n.value (/usr/lib/code/out/vs/workbench/api/node/extensionHostProcess.js:150:2282)
	at l.y (/usr/lib/code/out/vs/workbench/api/node/extensionHostProcess.js:82:664)
	at l.fire (/usr/lib/code/out/vs/workbench/api/node/extensionHostProcess.js:82:881)
	at s.fire (/usr/lib/code/out/vs/workbench/api/node/extensionHostProcess.js:107:14502)
	at n.value (/usr/lib/code/out/vs/workbench/api/node/extensionHostProcess.js:176:8481)
	at l.y (/usr/lib/code/out/vs/workbench/api/node/extensionHostProcess.js:82:664)
	at l.fire (/usr/lib/code/out/vs/workbench/api/node/extensionHostProcess.js:82:881)
	at s.fire (/usr/lib/code/out/vs/workbench/api/node/extensionHostProcess.js:107:14502)
	at MessagePortMain.<anonymous> (/usr/lib/code/out/vs/workbench/api/node/extensionHostProcess.js:176:6631)
	at MessagePortMain.emit (node:events:514:28)
	at MessagePortMain._internalPort.emit (node:electron/js2c/utility_init:2:2285)
