2024-11-18 21:07:05.110 [info] [main] Log level: Info
2024-11-18 21:07:05.110 [info] [main] Validating found git in: "git"
2024-11-18 21:07:05.110 [info] [main] Using git "2.47.0" from "git"
2024-11-18 21:07:05.110 [info] [Model][doInitialScan] Initial repository scan started
2024-11-18 21:07:05.110 [info] > git rev-parse --show-toplevel [3ms]
2024-11-18 21:07:05.110 [info] fatal: not a git repository (or any of the parent directories): .git
2024-11-18 21:07:05.110 [info] > git rev-parse --show-toplevel [14ms]
2024-11-18 21:07:05.128 [info] > git rev-parse --git-dir --git-common-dir [14ms]
2024-11-18 21:07:05.134 [info] [Model][openRepository] Opened repository: /home/lauri/Desktop/c++/Laksyt
2024-11-18 21:07:05.147 [info] > git rev-parse --show-toplevel [1ms]
2024-11-18 21:07:05.147 [info] fatal: not a git repository (or any of the parent directories): .git
2024-11-18 21:07:05.147 [info] [Model][doInitialScan] Initial repository scan completed - repositories (1), closed repositories (0), parent repositories (0), unsafe repositories (0)
2024-11-18 21:07:05.147 [info] > git config --get commit.template [7ms]
2024-11-18 21:07:05.156 [info] > git for-each-ref --format=%(refname)%00%(upstream:short)%00%(objectname)%00%(upstream:track)%00%(upstream:remotename)%00%(upstream:remoteref) refs/heads/main refs/remotes/main [1ms]
2024-11-18 21:07:05.165 [info] > git status -z -uall [4ms]
2024-11-18 21:07:05.166 [info] > git for-each-ref --sort -committerdate --format %(refname) %(objectname) %(*objectname) [2ms]
2024-11-18 21:07:05.177 [info] > git for-each-ref --format=%(refname)%00%(upstream:short)%00%(objectname)%00%(upstream:track)%00%(upstream:remotename)%00%(upstream:remoteref) refs/heads/main refs/remotes/main [5ms]
2024-11-18 21:07:05.182 [info] > git config --local branch.main.vscode-merge-base [1ms]
2024-11-18 21:07:05.186 [info] > git config --get commit.template [9ms]
2024-11-18 21:07:05.214 [info] > git for-each-ref --format=%(refname)%00%(upstream:short)%00%(objectname)%00%(upstream:track)%00%(upstream:remotename)%00%(upstream:remoteref) refs/heads/origin/main refs/remotes/origin/main [27ms]
2024-11-18 21:07:05.226 [info] > git merge-base refs/heads/main refs/remotes/origin/main [8ms]
2024-11-18 21:07:05.231 [info] > git for-each-ref --format=%(refname)%00%(upstream:short)%00%(objectname)%00%(upstream:track)%00%(upstream:remotename)%00%(upstream:remoteref) refs/heads/main refs/remotes/main [17ms]
2024-11-18 21:07:05.235 [info] > git diff --name-status -z --diff-filter=ADMR d92405c8fb1b7aaa1ee5204dc9dba2ee85666d4f...refs/remotes/origin/main [5ms]
2024-11-18 21:07:05.245 [info] > git status -z -uall [4ms]
2024-11-18 21:07:05.246 [info] > git for-each-ref --sort -committerdate --format %(refname) %(objectname) %(*objectname) [2ms]
2024-11-18 21:07:05.444 [info] > git show --textconv :teht채v채5.cpp [5ms]
2024-11-18 21:07:05.444 [info] > git ls-files --stage -- /home/lauri/Desktop/c++/Laksyt/teht채v채5.cpp [0ms]
2024-11-18 21:07:05.449 [info] > git cat-file -s d6cfb4cc6cb1bb6bdfbd30fe9b4fdc58d5172fd9 [1ms]
2024-11-18 21:07:05.653 [info] > git check-ignore -v -z --stdin [1ms]
2024-11-18 21:07:06.569 [info] > git rev-parse --show-toplevel [1ms]
2024-11-18 21:07:06.569 [info] fatal: not a git repository (or any of the parent directories): .git
2024-11-18 21:07:54.480 [info] > git rev-parse --show-toplevel [1ms]
2024-11-18 21:07:54.480 [info] fatal: not a git repository (or any of the parent directories): .git
2024-11-18 21:07:55.215 [info] > git config --get commit.template [6ms]
2024-11-18 21:07:55.216 [info] > git for-each-ref --format=%(refname)%00%(upstream:short)%00%(objectname)%00%(upstream:track)%00%(upstream:remotename)%00%(upstream:remoteref) refs/heads/main refs/remotes/main [1ms]
2024-11-18 21:07:55.225 [info] > git status -z -uall [5ms]
2024-11-18 21:07:55.225 [info] > git for-each-ref --sort -committerdate --format %(refname) %(objectname) %(*objectname) [1ms]
2024-11-18 21:08:50.459 [info] > git rev-parse --show-toplevel [4ms]
2024-11-18 21:08:50.459 [info] fatal: not a git repository (or any of the parent directories): .git
2024-11-18 21:08:54.571 [info] > git check-ignore -v -z --stdin [2ms]
