2024-11-13 17:41:42.141 [info] Active editor: file:///home/lauri/Desktop/c%2B%2B/Laksyt/teht%C3%A4v%C3%A44.cpp
2024-11-13 17:41:42.149 [info] /home/lauri/Desktop/c++/Laksyt/tehtävä5.cpp.git closed
2024-11-13 17:41:42.789 [info] /home/lauri/Desktop/c++/Laksyt/tehtävä4.cpp closed
2024-11-13 17:41:42.821 [info] /home/lauri/Desktop/c++/Laksyt/tehtävä4.cpp.git closed
2024-11-13 17:41:43.221 [info] Active editor: file:///home/lauri/Desktop/c%2B%2B/Laksyt/teht%C3%A4v%C3%A45.cpp
2024-11-13 17:41:47.102 [info] Active editor: file:///home/lauri/Desktop/c%2B%2B/Laksyt/teht%C3%A4v%C3%A43.cpp
2024-11-13 17:41:47.108 [info] /home/lauri/Desktop/c++/Laksyt/tehtävä5.cpp.git closed
2024-11-13 17:41:48.123 [info] /home/lauri/Desktop/c++/Laksyt/tehtävä3.cpp closed
2024-11-13 17:41:48.131 [info] Active editor: file:///home/lauri/Desktop/c%2B%2B/Laksyt/teht%C3%A4v%C3%A44.cpp
2024-11-13 17:41:48.137 [info] /home/lauri/Desktop/c++/Laksyt/tehtävä3.cpp.git closed
2024-11-13 17:41:48.804 [info] /home/lauri/Desktop/c++/Laksyt/tehtävä4.cpp closed
2024-11-13 17:41:48.813 [info] /home/lauri/Desktop/c++/Laksyt/tehtävä4.cpp.git closed
2024-11-13 17:41:50.576 [info] Active editor: file:///home/lauri/Desktop/c%2B%2B/Laksyt/teht%C3%A4v%C3%A43.cpp
2024-11-13 17:41:51.517 [info] Active editor: file:///home/lauri/Desktop/c%2B%2B/Laksyt/teht%C3%A4v%C3%A45.cpp
2024-11-13 17:41:51.520 [info] /home/lauri/Desktop/c++/Laksyt/tehtävä3.cpp.git closed
2024-11-13 17:42:27.468 [info] /home/lauri/Desktop/c++/Laksyt/tehtävä3.cpp closed
2024-11-13 17:42:27.475 [info] /home/lauri/Desktop/c++/Laksyt/tehtävä5.cpp.git closed
2024-11-13 17:42:30.832 [info] Active editor: file:///home/lauri/Desktop/c%2B%2B/Laksyt/teht%C3%A4v%C3%A45.cpp
2024-11-13 17:42:32.216 [info] /home/lauri/Desktop/c++/Laksyt/tehtävä5.cpp.git closed
2024-11-13 17:42:33.371 [info] Active editor: file:///home/lauri/Desktop/c%2B%2B/Laksyt/teht%C3%A4v%C3%A45.cpp
2024-11-13 17:43:15.660 [info] Active editor: file:///home/lauri/Desktop/c%2B%2B/teht%C3%A4v%C3%A46.cpp
2024-11-13 17:43:15.668 [info] /home/lauri/Desktop/c++/Laksyt/tehtävä5.cpp.git closed
2024-11-13 17:43:19.122 [info] /home/lauri/Desktop/c++/tehtävä6.cpp closed
2024-11-13 17:43:19.152 [info] Active editor: file:///home/lauri/Desktop/c%2B%2B/Laksyt/teht%C3%A4v%C3%A46.cpp
2024-11-13 17:44:30.877 [info] Executing :w
2024-11-13 17:44:33.134 [info] Executing :wq
2024-11-13 17:44:33.162 [info] /home/lauri/Desktop/c++/Laksyt/tehtävä6.cpp closed
2024-11-13 17:44:33.162 [warning] getLineLength() called with out-of-bounds line 5
2024-11-13 17:44:33.162 [warning] invalid cursor position. [[5, 16] | [5, 16]].
2024-11-13 17:44:33.170 [info] Active editor: file:///home/lauri/Desktop/c%2B%2B/Laksyt/teht%C3%A4v%C3%A45.cpp
2024-11-13 17:44:33.178 [info] /home/lauri/Desktop/c++/Laksyt/tehtävä6.cpp.git closed
