2024-06-26 12:24:28.727 [info] Extension host with pid 20650 started
2024-06-26 12:24:28.727 [info] Skipping acquiring lock for /home/lauri/.config/Code - OSS/User/workspaceStorage/6d3f3c8bd87f14c1c48f070881a4a0f9.
2024-06-26 12:24:28.937 [info] ExtensionService#_doActivateExtension vscode.git-base, startup: true, activationEvent: '*', root cause: vscode.git
2024-06-26 12:24:29.076 [info] ExtensionService#_doActivateExtension christian-kohler.path-intellisense, startup: true, activationEvent: '*'
2024-06-26 12:24:30.186 [info] ExtensionService#_doActivateExtension tombonnike.vscode-status-bar-format-toggle, startup: true, activationEvent: '*'
2024-06-26 12:24:30.272 [info] ExtensionService#_doActivateExtension vscode.git, startup: true, activationEvent: '*'
2024-06-26 12:24:30.375 [info] ExtensionService#_doActivateExtension vscode.github, startup: true, activationEvent: '*'
2024-06-26 12:24:30.541 [info] Eager extensions activated
2024-06-26 12:24:30.545 [info] ExtensionService#_doActivateExtension vscode.debug-auto-launch, startup: false, activationEvent: 'onStartupFinished'
2024-06-26 12:24:30.580 [info] ExtensionService#_doActivateExtension vscode.merge-conflict, startup: false, activationEvent: 'onStartupFinished'
2024-06-26 12:24:30.632 [info] ExtensionService#_doActivateExtension dbaeumer.vscode-eslint, startup: false, activationEvent: 'onStartupFinished'
2024-06-26 12:24:30.705 [info] ExtensionService#_doActivateExtension formulahendry.code-runner, startup: false, activationEvent: 'onStartupFinished'
2024-06-26 12:24:31.171 [info] ExtensionService#_doActivateExtension vadimcn.vscode-lldb, startup: false, activationEvent: 'onStartupFinished', root cause: franneck94.vscode-c-cpp-config
2024-06-26 12:24:31.225 [info] ExtensionService#_doActivateExtension ritwickdey.LiveServer, startup: false, activationEvent: 'onStartupFinished'
2024-06-26 12:24:31.299 [info] ExtensionService#_doActivateExtension vscodevim.vim, startup: false, activationEvent: 'onStartupFinished'
2024-06-26 12:24:31.421 [info] ExtensionService#_doActivateExtension franneck94.vscode-c-cpp-config, startup: false, activationEvent: 'onStartupFinished'
2024-06-26 12:24:42.694 [info] ExtensionService#_doActivateExtension rust-lang.rust-analyzer, startup: false, activationEvent: 'onLanguage:rust'
2024-06-26 12:24:42.844 [info] ExtensionService#_doActivateExtension vscode.emmet, startup: false, activationEvent: 'onLanguage'
2024-06-26 12:39:33.380 [info] Extension host terminating: renderer closed the MessagePort
2024-06-26 12:39:33.389 [error] Canceled: Canceled
	at new A (/usr/lib/code/out/vs/workbench/api/node/extensionHostProcess.js:143:50615)
	at E.U (/usr/lib/code/out/vs/workbench/api/node/extensionHostProcess.js:150:6007)
	at z.<computed>.M.charCodeAt.R.CharCode.DollarSign.z.<computed> (/usr/lib/code/out/vs/workbench/api/node/extensionHostProcess.js:150:3091)
	at h.g (/usr/lib/code/out/vs/workbench/api/node/extensionHostProcess.js:153:199937)
	at h.executeCommand (/usr/lib/code/out/vs/workbench/api/node/extensionHostProcess.js:153:199375)
	at I.registerCommand.description (/usr/lib/code/out/vs/workbench/api/node/extensionHostProcess.js:153:198699)
	at h (/usr/lib/code/out/vs/workbench/api/node/extensionHostProcess.js:153:200476)
	at h.g (/usr/lib/code/out/vs/workbench/api/node/extensionHostProcess.js:153:199468)
	at h.executeCommand (/usr/lib/code/out/vs/workbench/api/node/extensionHostProcess.js:153:199375)
	at Object.executeCommand (/usr/lib/code/out/vs/workbench/api/node/extensionHostProcess.js:163:22742)
	at uf (/home/lauri/.vscode-oss/extensions/rust-lang.rust-analyzer-0.3.2002-linux-x64/out/main.js:39:71178)
	at Object.gx (/home/lauri/.vscode-oss/extensions/rust-lang.rust-analyzer-0.3.2002-linux-x64/out/main.js:377:315)
	at u.eb (/usr/lib/code/out/vs/workbench/api/node/extensionHostProcess.js:159:9796)
	at /usr/lib/code/out/vs/workbench/api/node/extensionHostProcess.js:159:7867
	at Array.map (<anonymous>)
	at u.$ (/usr/lib/code/out/vs/workbench/api/node/extensionHostProcess.js:159:7854)
	at u.terminate (/usr/lib/code/out/vs/workbench/api/node/extensionHostProcess.js:159:8127)
	at f.terminate (/usr/lib/code/out/vs/workbench/api/node/extensionHostProcess.js:163:1513)
	at t (/usr/lib/code/out/vs/workbench/api/node/extensionHostProcess.js:176:10459)
	at MessagePortMain.<anonymous> (/usr/lib/code/out/vs/workbench/api/node/extensionHostProcess.js:176:6675)
	at MessagePortMain.emit (node:events:514:28)
	at MessagePortMain._internalPort.emit (node:electron/js2c/utility_init:2:2285) setContext undefined
2024-06-26 12:39:33.389 [error] Canceled: Canceled
	at new A (/usr/lib/code/out/vs/workbench/api/node/extensionHostProcess.js:143:50615)
	at E.U (/usr/lib/code/out/vs/workbench/api/node/extensionHostProcess.js:150:6007)
	at z.<computed>.M.charCodeAt.R.CharCode.DollarSign.z.<computed> (/usr/lib/code/out/vs/workbench/api/node/extensionHostProcess.js:150:3091)
	at h.g (/usr/lib/code/out/vs/workbench/api/node/extensionHostProcess.js:153:199937)
	at h.executeCommand (/usr/lib/code/out/vs/workbench/api/node/extensionHostProcess.js:153:199375)
	at I.registerCommand.description (/usr/lib/code/out/vs/workbench/api/node/extensionHostProcess.js:153:198699)
	at h (/usr/lib/code/out/vs/workbench/api/node/extensionHostProcess.js:153:200476)
	at h.g (/usr/lib/code/out/vs/workbench/api/node/extensionHostProcess.js:153:199468)
	at h.executeCommand (/usr/lib/code/out/vs/workbench/api/node/extensionHostProcess.js:153:199375)
	at Object.executeCommand (/usr/lib/code/out/vs/workbench/api/node/extensionHostProcess.js:163:22742)
	at uf (/home/lauri/.vscode-oss/extensions/rust-lang.rust-analyzer-0.3.2002-linux-x64/out/main.js:39:71178)
	at Object.gx (/home/lauri/.vscode-oss/extensions/rust-lang.rust-analyzer-0.3.2002-linux-x64/out/main.js:377:315)
	at u.eb (/usr/lib/code/out/vs/workbench/api/node/extensionHostProcess.js:159:9796)
	at /usr/lib/code/out/vs/workbench/api/node/extensionHostProcess.js:159:7867
	at Array.map (<anonymous>)
	at u.$ (/usr/lib/code/out/vs/workbench/api/node/extensionHostProcess.js:159:7854)
	at u.terminate (/usr/lib/code/out/vs/workbench/api/node/extensionHostProcess.js:159:8127)
	at f.terminate (/usr/lib/code/out/vs/workbench/api/node/extensionHostProcess.js:163:1513)
	at t (/usr/lib/code/out/vs/workbench/api/node/extensionHostProcess.js:176:10459)
	at MessagePortMain.<anonymous> (/usr/lib/code/out/vs/workbench/api/node/extensionHostProcess.js:176:6675)
	at MessagePortMain.emit (node:events:514:28)
	at MessagePortMain._internalPort.emit (node:electron/js2c/utility_init:2:2285)
2024-06-26 12:39:33.390 [info] Extension host with pid 20650 exiting with code 0
