2024-11-07 16:23:48.325 [info] Reading sessions from keychain...
2024-11-07 16:23:48.325 [info] Getting sessions for all scopes...
2024-11-07 16:23:48.325 [info] Getting sessions for all scopes...
2024-11-07 16:23:48.325 [info] Got 0 sessions for ...
2024-11-07 16:23:48.325 [info] Got 0 sessions for ...
2024-11-07 16:23:48.325 [info] Getting sessions for read:user,repo,user:email,workflow...
2024-11-07 16:23:48.325 [info] Got 0 sessions for read:user,repo,user:email,workflow...
2024-11-07 16:23:49.931 [info] Getting sessions for all scopes...
2024-11-07 16:23:49.931 [info] Got 0 sessions for ...
2024-11-07 16:34:35.104 [info] Getting sessions for read:user,repo,user:email,workflow...
2024-11-07 16:34:35.104 [info] Got 0 sessions for read:user,repo,user:email,workflow...
2024-11-07 16:34:37.473 [info] Logging in with 'any' account...
2024-11-07 16:34:37.473 [info] Logging in for the following scopes: read:user repo user:email workflow
2024-11-07 16:34:37.477 [info] Trying device code flow... (read:user repo user:email workflow)
2024-11-07 16:35:01.950 [info] Getting user info...
2024-11-07 16:35:02.359 [info] Got account info!
2024-11-07 16:35:02.359 [info] Storing 1 sessions...
2024-11-07 16:35:02.361 [info] Reading sessions from keychain...
2024-11-07 16:35:02.361 [info] Stored 1 sessions!
2024-11-07 16:35:02.361 [info] Login success!
2024-11-07 16:35:02.416 [info] Got stored sessions!
2024-11-07 16:35:02.416 [info] Got 1 verified sessions.
2024-11-07 16:35:02.878 [info] Getting sessions for read:user,repo,user:email,workflow...
2024-11-07 16:35:02.878 [info] Got 1 sessions for read:user,repo,user:email,workflow...
2024-11-07 16:35:02.886 [info] Getting sessions for read:user,repo,user:email,workflow...
2024-11-07 16:35:02.886 [info] Got 1 sessions for read:user,repo,user:email,workflow...
2024-11-07 16:35:02.920 [info] Getting sessions for read:user,repo,user:email,workflow...
2024-11-07 16:35:02.920 [info] Got 1 sessions for read:user,repo,user:email,workflow...
