2024-11-18 21:03:04.381 [info] [main] Log level: Info
2024-11-18 21:03:04.382 [info] [main] Validating found git in: "git"
2024-11-18 21:03:04.382 [info] [main] Using git "2.47.0" from "git"
2024-11-18 21:03:04.382 [info] [Model][doInitialScan] Initial repository scan started
2024-11-18 21:03:04.382 [info] > git rev-parse --show-toplevel [4ms]
2024-11-18 21:03:04.382 [info] fatal: not a git repository (or any of the parent directories): .git
2024-11-18 21:03:04.382 [info] > git rev-parse --show-toplevel [17ms]
2024-11-18 21:03:04.401 [info] > git rev-parse --git-dir --git-common-dir [15ms]
2024-11-18 21:03:04.406 [info] [Model][openRepository] Opened repository: /home/lauri/Desktop/c++/Laksyt
2024-11-18 21:03:04.419 [info] > git rev-parse --show-toplevel [3ms]
2024-11-18 21:03:04.419 [info] fatal: not a git repository (or any of the parent directories): .git
2024-11-18 21:03:04.419 [info] [Model][doInitialScan] Initial repository scan completed - repositories (1), closed repositories (0), parent repositories (0), unsafe repositories (0)
2024-11-18 21:03:04.419 [info] > git config --get commit.template [7ms]
2024-11-18 21:03:04.430 [info] > git for-each-ref --format=%(refname)%00%(upstream:short)%00%(objectname)%00%(upstream:track)%00%(upstream:remotename)%00%(upstream:remoteref) refs/heads/main refs/remotes/main [5ms]
2024-11-18 21:03:04.444 [info] > git status -z -uall [8ms]
2024-11-18 21:03:04.444 [info] > git for-each-ref --sort -committerdate --format %(refname) %(objectname) %(*objectname) [4ms]
2024-11-18 21:03:04.461 [info] > git for-each-ref --format=%(refname)%00%(upstream:short)%00%(objectname)%00%(upstream:track)%00%(upstream:remotename)%00%(upstream:remoteref) refs/heads/main refs/remotes/main [7ms]
2024-11-18 21:03:04.470 [info] > git config --local branch.main.vscode-merge-base [4ms]
2024-11-18 21:03:04.475 [info] > git config --get commit.template [15ms]
2024-11-18 21:03:04.500 [info] > git for-each-ref --format=%(refname)%00%(upstream:short)%00%(objectname)%00%(upstream:track)%00%(upstream:remotename)%00%(upstream:remoteref) refs/heads/origin/main refs/remotes/origin/main [24ms]
2024-11-18 21:03:04.513 [info] > git merge-base refs/heads/main refs/remotes/origin/main [9ms]
2024-11-18 21:03:04.518 [info] > git for-each-ref --format=%(refname)%00%(upstream:short)%00%(objectname)%00%(upstream:track)%00%(upstream:remotename)%00%(upstream:remoteref) refs/heads/main refs/remotes/main [19ms]
2024-11-18 21:03:04.519 [info] > git diff --name-status -z --diff-filter=ADMR d92405c8fb1b7aaa1ee5204dc9dba2ee85666d4f...refs/remotes/origin/main [2ms]
2024-11-18 21:03:04.529 [info] > git status -z -uall [5ms]
2024-11-18 21:03:04.529 [info] > git for-each-ref --sort -committerdate --format %(refname) %(objectname) %(*objectname) [1ms]
2024-11-18 21:03:04.724 [info] > git show --textconv :tehtävä3.cpp [5ms]
2024-11-18 21:03:04.724 [info] > git ls-files --stage -- /home/lauri/Desktop/c++/Laksyt/tehtävä3.cpp [0ms]
2024-11-18 21:03:04.729 [info] > git cat-file -s a20a8df2ef5ea4ba59ecdc87d578dd1bf3dc0979 [1ms]
2024-11-18 21:03:04.933 [info] > git check-ignore -v -z --stdin [1ms]
2024-11-18 21:03:05.965 [info] > git rev-parse --show-toplevel [0ms]
2024-11-18 21:03:05.965 [info] fatal: not a git repository (or any of the parent directories): .git
2024-11-18 21:03:23.429 [info] > git show --textconv :tehtävä5.cpp [5ms]
2024-11-18 21:03:23.430 [info] > git ls-files --stage -- /home/lauri/Desktop/c++/Laksyt/tehtävä5.cpp [1ms]
2024-11-18 21:03:23.435 [info] > git cat-file -s d6cfb4cc6cb1bb6bdfbd30fe9b4fdc58d5172fd9 [1ms]
