2024-06-14 20:05:37.184 [info] Added views:workbench.panel.markers.view in workbench.panel.markers
2024-06-14 20:05:37.184 [info] Added views:workbench.panel.output in workbench.panel.output
2024-06-14 20:05:37.184 [info] Added views:terminal in terminal
2024-06-14 20:05:37.184 [info] Added views:outline in workbench.view.explorer
2024-06-14 20:05:37.184 [info] Added views:workbench.scm in workbench.view.scm
2024-06-14 20:05:37.184 [info] Added views:workbench.view.search in workbench.view.search
2024-06-14 20:05:37.184 [info] Added views:timeline in workbench.view.explorer
2024-06-14 20:05:37.184 [info] Added views:workbench.explorer.emptyView in workbench.view.explorer
2024-06-14 20:05:38.145 [info] Added views:workbench.debug.variablesView,workbench.debug.watchExpressionsView,workbench.debug.callStackView,workbench.debug.breakPointsView in workbench.view.debug
2024-06-14 20:05:38.780 [info] Added views:~remote.forwardedPorts in ~remote.forwardedPortsContainer
2024-06-14 20:05:38.993 [info] Added views:workbench.panel.repl.view in workbench.panel.repl
2024-06-14 20:05:38.994 [info] Removed views:workbench.debug.breakPointsView,workbench.debug.callStackView,workbench.debug.watchExpressionsView,workbench.debug.variablesView from workbench.view.debug
2024-06-14 20:05:38.994 [info] Added views:workbench.debug.welcome in workbench.view.debug
2024-06-14 20:05:46.149 [info] Added views:workbench.views.extensions.installed,workbench.views.extensions.popular,extensions.recommendedList in workbench.view.extensions
2024-06-14 20:05:46.149 [info] Removed views:workbench.views.extensions.popular from workbench.view.extensions
2024-06-14 20:05:46.749 [info] Removed views:extensions.recommendedList,workbench.views.extensions.installed from workbench.view.extensions
2024-06-14 20:05:46.755 [info] Added views:workbench.views.extensions.marketplace in workbench.view.extensions
2024-06-14 20:05:50.776 [info] Removed views:workbench.views.extensions.marketplace from workbench.view.extensions
2024-06-14 20:05:50.782 [info] Added views:workbench.views.extensions.installed,extensions.recommendedList in workbench.view.extensions
2024-06-14 20:05:54.738 [info] Removed views:workbench.panel.repl.view from workbench.panel.repl
2024-06-14 20:05:54.828 [info] Added views:workbench.panel.repl.view in workbench.panel.repl
2024-06-14 20:06:04.627 [info] Removed views:extensions.recommendedList,workbench.views.extensions.installed from workbench.view.extensions
2024-06-14 20:06:04.632 [info] Added views:workbench.views.extensions.marketplace in workbench.view.extensions
2024-06-14 20:06:51.002 [info] Added views:workbench.panel.markers.view in workbench.panel.markers
2024-06-14 20:06:51.017 [info] Added views:workbench.panel.output in workbench.panel.output
2024-06-14 20:06:51.017 [info] Added views:terminal in terminal
2024-06-14 20:06:51.017 [info] Added views:outline in workbench.view.explorer
2024-06-14 20:06:51.017 [info] Added views:workbench.scm in workbench.view.scm
2024-06-14 20:06:51.017 [info] Added views:workbench.view.search in workbench.view.search
2024-06-14 20:06:51.017 [info] Added views:timeline in workbench.view.explorer
2024-06-14 20:06:51.017 [info] Added views:workbench.explorer.fileView in workbench.view.explorer
2024-06-14 20:06:51.154 [info] Added views:workbench.debug.variablesView,workbench.debug.watchExpressionsView,workbench.debug.callStackView,workbench.debug.breakPointsView in workbench.view.debug
2024-06-14 20:06:51.355 [info] Added views:~remote.forwardedPorts in ~remote.forwardedPortsContainer
2024-06-14 20:06:51.472 [info] Added views:workbench.panel.repl.view in workbench.panel.repl
2024-06-14 20:07:51.540 [info] Added views:workbench.views.extensions.installed,workbench.views.extensions.popular,extensions.recommendedList in workbench.view.extensions
2024-06-14 20:07:51.541 [info] Removed views:workbench.views.extensions.popular from workbench.view.extensions
