2024-11-04 19:44:24.455 [info] Uninstalling extension from the profile: franneck94.c-cpp-runner@9.4.7 vscode-userdata:/home/lauri/.vscode-oss/extensions/extensions.json
2024-11-04 19:44:24.544 [error] [uncaught exception in sharedProcess]: Error: ENOENT: no such file or directory, stat '/home/lauri/.vscode-oss/extensions/extensions.json.vsctmp': EntryNotFound (FileSystemError): Error: ENOENT: no such file or directory, stat '/home/lauri/.vscode-oss/extensions/extensions.json.vsctmp'
    at hm.create (file:///usr/lib/code/out/vs/code/electron-utility/sharedProcess/sharedProcessMain.js:35:39254)
    at Es (file:///usr/lib/code/out/vs/code/electron-utility/sharedProcess/sharedProcessMain.js:35:39361)
    at Fr.ib (file:///usr/lib/code/out/vs/code/electron-utility/sharedProcess/sharedProcessMain.js:71:22677)
    at Fr.stat (file:///usr/lib/code/out/vs/code/electron-utility/sharedProcess/sharedProcessMain.js:71:16010)
    at async Zl.stat (file:///usr/lib/code/out/vs/code/electron-utility/sharedProcess/sharedProcessMain.js:70:84491)
    at async Jl.yb (file:///usr/lib/code/out/vs/code/electron-utility/sharedProcess/sharedProcessMain.js:70:66605)
2024-11-04 19:44:24.549 [info] Marked extension as uninstalled franneck94.c-cpp-runner-9.4.7-universal
2024-11-04 19:44:25.165 [info] Successfully uninstalled extension from the profile franneck94.c-cpp-runner@9.4.7 vscode-userdata:/home/lauri/.vscode-oss/extensions/extensions.json
2024-11-04 19:44:31.149 [info] Uninstalling extension from the profile: vadimcn.vscode-lldb@1.11.0 vscode-userdata:/home/lauri/.vscode-oss/extensions/extensions.json
2024-11-04 19:44:31.192 [info] Marked extension as uninstalled vadimcn.vscode-lldb-1.11.0
2024-11-04 19:44:31.230 [error] [uncaught exception in sharedProcess]: Error: ENOENT: no such file or directory, stat '/home/lauri/.vscode-oss/extensions/extensions.json.vsctmp': EntryNotFound (FileSystemError): Error: ENOENT: no such file or directory, stat '/home/lauri/.vscode-oss/extensions/extensions.json.vsctmp'
    at hm.create (file:///usr/lib/code/out/vs/code/electron-utility/sharedProcess/sharedProcessMain.js:35:39254)
    at Es (file:///usr/lib/code/out/vs/code/electron-utility/sharedProcess/sharedProcessMain.js:35:39361)
    at Fr.ib (file:///usr/lib/code/out/vs/code/electron-utility/sharedProcess/sharedProcessMain.js:71:22677)
    at Fr.stat (file:///usr/lib/code/out/vs/code/electron-utility/sharedProcess/sharedProcessMain.js:71:16010)
    at async Zl.stat (file:///usr/lib/code/out/vs/code/electron-utility/sharedProcess/sharedProcessMain.js:70:84491)
    at async Jl.yb (file:///usr/lib/code/out/vs/code/electron-utility/sharedProcess/sharedProcessMain.js:70:66605)
2024-11-04 19:44:31.411 [info] Successfully uninstalled extension from the profile vadimcn.vscode-lldb@1.11.0 vscode-userdata:/home/lauri/.vscode-oss/extensions/extensions.json
2024-11-04 19:46:06.947 [info] Installing extension: ms-vscode.cpptools-extension-pack {"installGivenVersion":true,"profileLocation":{"$mid":1,"external":"vscode-userdata:/home/lauri/.vscode-oss/extensions/extensions.json","path":"/home/lauri/.vscode-oss/extensions/extensions.json","scheme":"vscode-userdata"},"installOnlyNewlyAddedFromExtensionPack":false,"isApplicationScoped":false,"productVersion":{"version":"1.95.1","date":"2024-11-01T17:20:55.708Z"}}
2024-11-04 19:46:07.538 [info] Getting Manifest... ms-vscode.cpptools-themes
2024-11-04 19:46:08.118 [info] Getting Manifest... ms-vscode.cmake-tools
2024-11-04 19:46:09.000 [info] Getting Manifest... twxs.cmake
2024-11-04 19:46:09.298 [info] Installing extension: ms-vscode.cpptools-themes {"installGivenVersion":true,"profileLocation":{"$mid":1,"external":"vscode-userdata:/home/lauri/.vscode-oss/extensions/extensions.json","path":"/home/lauri/.vscode-oss/extensions/extensions.json","scheme":"vscode-userdata"},"installOnlyNewlyAddedFromExtensionPack":false,"isApplicationScoped":false,"productVersion":{"version":"1.95.1","date":"2024-11-01T17:20:55.708Z"},"context":{"dependecyOrPackExtensionInstall":true}}
2024-11-04 19:46:09.298 [info] Installing extension: ms-vscode.cmake-tools {"installGivenVersion":true,"profileLocation":{"$mid":1,"external":"vscode-userdata:/home/lauri/.vscode-oss/extensions/extensions.json","path":"/home/lauri/.vscode-oss/extensions/extensions.json","scheme":"vscode-userdata"},"installOnlyNewlyAddedFromExtensionPack":false,"isApplicationScoped":false,"productVersion":{"version":"1.95.1","date":"2024-11-01T17:20:55.708Z"},"context":{"dependecyOrPackExtensionInstall":true}}
2024-11-04 19:46:09.298 [info] Installing extension: twxs.cmake {"installGivenVersion":true,"profileLocation":{"$mid":1,"external":"vscode-userdata:/home/lauri/.vscode-oss/extensions/extensions.json","path":"/home/lauri/.vscode-oss/extensions/extensions.json","scheme":"vscode-userdata"},"installOnlyNewlyAddedFromExtensionPack":false,"isApplicationScoped":false,"productVersion":{"version":"1.95.1","date":"2024-11-01T17:20:55.708Z"},"context":{"dependecyOrPackExtensionInstall":true}}
2024-11-04 19:46:09.311 [info] Extracted extension to file:///home/lauri/.vscode-oss/extensions/ms-vscode.cpptools-extension-pack-1.3.0: ms-vscode.cpptools-extension-pack
2024-11-04 19:46:09.363 [info] Renamed to /home/lauri/.vscode-oss/extensions/ms-vscode.cpptools-extension-pack-1.3.0
2024-11-04 19:46:09.441 [error] [uncaught exception in sharedProcess]: Error: ENOENT: no such file or directory, stat '/home/lauri/.vscode-oss/extensions/extensions.json.vsctmp': EntryNotFound (FileSystemError): Error: ENOENT: no such file or directory, stat '/home/lauri/.vscode-oss/extensions/extensions.json.vsctmp'
    at hm.create (file:///usr/lib/code/out/vs/code/electron-utility/sharedProcess/sharedProcessMain.js:35:39254)
    at Es (file:///usr/lib/code/out/vs/code/electron-utility/sharedProcess/sharedProcessMain.js:35:39361)
    at Fr.ib (file:///usr/lib/code/out/vs/code/electron-utility/sharedProcess/sharedProcessMain.js:71:22677)
    at Fr.stat (file:///usr/lib/code/out/vs/code/electron-utility/sharedProcess/sharedProcessMain.js:71:16010)
    at async Zl.stat (file:///usr/lib/code/out/vs/code/electron-utility/sharedProcess/sharedProcessMain.js:70:84491)
    at async Jl.yb (file:///usr/lib/code/out/vs/code/electron-utility/sharedProcess/sharedProcessMain.js:70:66605)
2024-11-04 19:46:10.235 [error] Could not load vsce-sign module Cannot find package '@vscode/vsce-sign' imported from /usr/lib/code/out/vs/code/electron-utility/sharedProcess/sharedProcessMain.js
2024-11-04 19:46:10.235 [info] Extension signature verification is not done: ms-vscode.cpptools-themes
2024-11-04 19:46:10.242 [info] Extracted extension to file:///home/lauri/.vscode-oss/extensions/ms-vscode.cpptools-themes-1.0.0-universal: ms-vscode.cpptools-themes
2024-11-04 19:46:10.314 [info] Renamed to /home/lauri/.vscode-oss/extensions/ms-vscode.cpptools-themes-1.0.0-universal
2024-11-04 19:46:10.841 [error] Could not load vsce-sign module Cannot find package '@vscode/vsce-sign' imported from /usr/lib/code/out/vs/code/electron-utility/sharedProcess/sharedProcessMain.js
2024-11-04 19:46:10.842 [info] Extension signature verification is not done: twxs.cmake
2024-11-04 19:46:10.911 [info] Extracted extension to file:///home/lauri/.vscode-oss/extensions/twxs.cmake-0.0.17-universal: twxs.cmake
2024-11-04 19:46:10.958 [info] Renamed to /home/lauri/.vscode-oss/extensions/twxs.cmake-0.0.17-universal
2024-11-04 19:46:11.020 [error] [uncaught exception in sharedProcess]: Error: ENOENT: no such file or directory, stat '/home/lauri/.vscode-oss/extensions/extensions.json.vsctmp': EntryNotFound (FileSystemError): Error: ENOENT: no such file or directory, stat '/home/lauri/.vscode-oss/extensions/extensions.json.vsctmp'
    at hm.create (file:///usr/lib/code/out/vs/code/electron-utility/sharedProcess/sharedProcessMain.js:35:39254)
    at Es (file:///usr/lib/code/out/vs/code/electron-utility/sharedProcess/sharedProcessMain.js:35:39361)
    at Fr.ib (file:///usr/lib/code/out/vs/code/electron-utility/sharedProcess/sharedProcessMain.js:71:22677)
    at Fr.stat (file:///usr/lib/code/out/vs/code/electron-utility/sharedProcess/sharedProcessMain.js:71:16010)
    at async Zl.stat (file:///usr/lib/code/out/vs/code/electron-utility/sharedProcess/sharedProcessMain.js:70:84491)
    at async Jl.yb (file:///usr/lib/code/out/vs/code/electron-utility/sharedProcess/sharedProcessMain.js:70:66605)
2024-11-04 19:46:12.195 [error] Could not load vsce-sign module Cannot find package '@vscode/vsce-sign' imported from /usr/lib/code/out/vs/code/electron-utility/sharedProcess/sharedProcessMain.js
2024-11-04 19:46:12.195 [info] Extension signature verification is not done: ms-vscode.cmake-tools
2024-11-04 19:46:12.376 [info] Extracted extension to file:///home/lauri/.vscode-oss/extensions/ms-vscode.cmake-tools-1.19.52-universal: ms-vscode.cmake-tools
2024-11-04 19:46:12.421 [info] Renamed to /home/lauri/.vscode-oss/extensions/ms-vscode.cmake-tools-1.19.52-universal
2024-11-04 19:46:12.486 [info] Extension installed successfully: ms-vscode.cpptools-extension-pack vscode-userdata:/home/lauri/.vscode-oss/extensions/extensions.json
2024-11-04 19:46:12.486 [info] Extension installed successfully: ms-vscode.cpptools-themes vscode-userdata:/home/lauri/.vscode-oss/extensions/extensions.json
2024-11-04 19:46:12.486 [info] Extension installed successfully: twxs.cmake vscode-userdata:/home/lauri/.vscode-oss/extensions/extensions.json
2024-11-04 19:46:12.486 [info] Extension installed successfully: ms-vscode.cmake-tools vscode-userdata:/home/lauri/.vscode-oss/extensions/extensions.json
2024-11-04 19:46:12.510 [error] [uncaught exception in sharedProcess]: Error: ENOENT: no such file or directory, stat '/home/lauri/.vscode-oss/extensions/extensions.json.vsctmp': EntryNotFound (FileSystemError): Error: ENOENT: no such file or directory, stat '/home/lauri/.vscode-oss/extensions/extensions.json.vsctmp'
    at hm.create (file:///usr/lib/code/out/vs/code/electron-utility/sharedProcess/sharedProcessMain.js:35:39254)
    at Es (file:///usr/lib/code/out/vs/code/electron-utility/sharedProcess/sharedProcessMain.js:35:39361)
    at Fr.ib (file:///usr/lib/code/out/vs/code/electron-utility/sharedProcess/sharedProcessMain.js:71:22677)
    at Fr.stat (file:///usr/lib/code/out/vs/code/electron-utility/sharedProcess/sharedProcessMain.js:71:16010)
    at async Zl.stat (file:///usr/lib/code/out/vs/code/electron-utility/sharedProcess/sharedProcessMain.js:70:84491)
    at async Jl.yb (file:///usr/lib/code/out/vs/code/electron-utility/sharedProcess/sharedProcessMain.js:70:66605)
2024-11-04 19:47:12.141 [info] Uninstalling extension from the profile: ms-vscode.cpptools-themes@1.0.0 vscode-userdata:/home/lauri/.vscode-oss/extensions/extensions.json
2024-11-04 19:47:12.199 [info] Marked extension as uninstalled ms-vscode.cpptools-themes-1.0.0-universal
2024-11-04 19:47:12.223 [error] [uncaught exception in sharedProcess]: Error: ENOENT: no such file or directory, stat '/home/lauri/.vscode-oss/extensions/extensions.json.vsctmp': EntryNotFound (FileSystemError): Error: ENOENT: no such file or directory, stat '/home/lauri/.vscode-oss/extensions/extensions.json.vsctmp'
    at hm.create (file:///usr/lib/code/out/vs/code/electron-utility/sharedProcess/sharedProcessMain.js:35:39254)
    at Es (file:///usr/lib/code/out/vs/code/electron-utility/sharedProcess/sharedProcessMain.js:35:39361)
    at Fr.ib (file:///usr/lib/code/out/vs/code/electron-utility/sharedProcess/sharedProcessMain.js:71:22677)
    at Fr.stat (file:///usr/lib/code/out/vs/code/electron-utility/sharedProcess/sharedProcessMain.js:71:16010)
    at async Zl.stat (file:///usr/lib/code/out/vs/code/electron-utility/sharedProcess/sharedProcessMain.js:70:84491)
    at async Jl.yb (file:///usr/lib/code/out/vs/code/electron-utility/sharedProcess/sharedProcessMain.js:70:66605)
2024-11-04 19:47:12.385 [info] Successfully uninstalled extension from the profile ms-vscode.cpptools-themes@1.0.0 vscode-userdata:/home/lauri/.vscode-oss/extensions/extensions.json
